#
# There is insufficient memory for the Java Runtime Environment to continue.
# Native memory allocation (mmap) failed to map 23068672 bytes. Error detail: G1 virtual space
# Possible reasons:
#   The system is out of physical RAM or swap space
#   This process is running with CompressedOops enabled, and the Java Heap may be blocking the growth of the native heap
# Possible solutions:
#   Reduce memory load on the system
#   Increase physical memory or swap space
#   Check if swap backing store is full
#   Decrease Java heap size (-Xmx/-Xms)
#   Decrease number of Java threads
#   Decrease Java thread stack sizes (-Xss)
#   Set larger code cache with -XX:ReservedCodeCacheSize=
#   JVM is running with Unscaled Compressed Oops mode in which the Java heap is
#     placed in the first 4GB address space. The Java Heap base address is the
#     maximum limit for the native heap growth. Please use -XX:HeapBaseMinAddress
#     to set the Java Heap base and to place the Java Heap above 4GB virtual address.
# This output file may be truncated or incomplete.
#
#  Out of Memory Error (os_windows.cpp:3925), pid=5124, tid=8464
#
# JRE version: OpenJDK Runtime Environment (21.0.8) (build 21.0.8+-14196175-b1038.72)
# Java VM: OpenJDK 64-Bit Server VM (21.0.8+-14196175-b1038.72, mixed mode, tiered, compressed oops, compressed class ptrs, g1 gc, windows-amd64)
# No core dump will be written. Minidumps are not enabled by default on client versions of Windows
#

---------------  S U M M A R Y ------------

Command Line: --add-opens=java.base/java.lang=ALL-UNNAMED --add-opens=java.base/java.lang.invoke=ALL-UNNAMED --add-opens=java.base/java.util=ALL-UNNAMED --add-opens=java.prefs/java.util.prefs=ALL-UNNAMED --add-exports=jdk.compiler/com.sun.tools.javac.api=ALL-UNNAMED --add-exports=jdk.compiler/com.sun.tools.javac.util=ALL-UNNAMED --add-opens=java.base/java.util=ALL-UNNAMED --add-opens=java.prefs/java.util.prefs=ALL-UNNAMED --add-opens=java.base/java.nio.charset=ALL-UNNAMED --add-opens=java.base/java.net=ALL-UNNAMED --add-opens=java.base/java.util.concurrent=ALL-UNNAMED --add-opens=java.base/java.util.concurrent.atomic=ALL-UNNAMED --add-opens=java.xml/javax.xml.namespace=ALL-UNNAMED --add-opens=java.base/java.time=ALL-UNNAMED -Xmx2048m -Dfile.encoding=UTF-8 -Duser.country=ID -Duser.language=en -Duser.variant -javaagent:C:\Users\Andre\.gradle\wrapper\dists\gradle-9.1.0-bin\9agqghryom9wkf8r80qlhnts3\gradle-9.1.0\lib\agents\gradle-instrumentation-agent-9.1.0.jar org.gradle.launcher.daemon.bootstrap.GradleDaemon 9.1.0

Host: 13th Gen Intel(R) Core(TM) i5-1335U, 12 cores, 15G,  Windows 11 , 64 bit Build 26100 (10.0.26100.8115)
Time: Mon Apr 13 21:28:17 2026 Malay Peninsula Standard Time elapsed time: 9.083548 seconds (0d 0h 0m 9s)

---------------  T H R E A D  ---------------

Current thread (0x0000022168052680):  VMThread "VM Thread"          [id=8464, stack(0x00000057c5600000,0x00000057c5700000) (1024K)]

Stack: [0x00000057c5600000,0x00000057c5700000]
Native frames: (J=compiled Java code, j=interpreted, Vv=VM code, C=native code)
V  [jvm.dll+0x6d68d9]
V  [jvm.dll+0x866693]
V  [jvm.dll+0x868c4e]
V  [jvm.dll+0x869333]
V  [jvm.dll+0x280566]
V  [jvm.dll+0x6d3195]
V  [jvm.dll+0x6c69ea]
V  [jvm.dll+0x3586db]
V  [jvm.dll+0x360336]
V  [jvm.dll+0x3b23f6]
V  [jvm.dll+0x3b26c8]
V  [jvm.dll+0x32ae6c]
V  [jvm.dll+0x32aef7]
V  [jvm.dll+0x370d3c]
V  [jvm.dll+0x36f4ee]
V  [jvm.dll+0x32a5c1]
V  [jvm.dll+0x36ebf0]
V  [jvm.dll+0x86f0b8]
V  [jvm.dll+0x870434]
V  [jvm.dll+0x870970]
V  [jvm.dll+0x870c03]
V  [jvm.dll+0x80eac8]
V  [jvm.dll+0x6d512d]
C  [ucrtbase.dll+0x37b0]
C  [KERNEL32.DLL+0x2e8d7]
C  [ntdll.dll+0x8c3fc]

VM_Operation (0x00000057c71f45d0): G1CollectForAllocation, mode: safepoint, requested by thread 0x000002216e4b57d0


---------------  P R O C E S S  ---------------

Threads class SMR info:
_java_thread_list=0x00000221710c80d0, length=89, elements={
0x000002214e1fdd00, 0x0000022168170b10, 0x000002216817b990, 0x000002216817c3f0,
0x000002216817cf80, 0x000002216817d720, 0x000002216817e400, 0x000002216819fef0,
0x00000221681a1ca0, 0x00000221681d4780, 0x00000221683eb190, 0x000002216847e510,
0x000002216d4b6130, 0x000002216e22b460, 0x000002216e5196b0, 0x000002216e4b4420,
0x000002216e4b6b80, 0x000002216e4b7210, 0x000002216e4b57d0, 0x000002216e4b4ab0,
0x000002216e4b5e60, 0x000002216e4b78a0, 0x000002216e4b64f0, 0x000002216e47a6e0,
0x000002216e47ad70, 0x000002216e47b400, 0x000002216e4799c0, 0x000002216e477f80,
0x000002216e47a050, 0x000002216e47ba90, 0x000002216e478610, 0x000002216e47d4d0,
0x000002216e47c120, 0x000002216e47e880, 0x000002216e47e1f0, 0x000002216e47ef10,
0x000002216e47c7b0, 0x000002216e47ce40, 0x00000221711d7db0, 0x00000221711d97f0,
0x00000221711d9e80, 0x00000221711da510, 0x00000221711daba0, 0x00000221711d8440,
0x00000221711d8ad0, 0x00000221711d7720, 0x00000221711d9160, 0x000002217121cb50,
0x000002217121d1e0, 0x000002217121f2b0, 0x000002217121d870, 0x000002217121df00,
0x000002217121e590, 0x000002217121be30, 0x000002217121ec20, 0x000002217121f940,
0x00000221712220a0, 0x0000022171221380, 0x0000022171222730, 0x000002217121ffd0,
0x0000022171222dc0, 0x0000022171221a10, 0x0000022171220660, 0x00000221703c2510,
0x00000221703c38c0, 0x00000221703c17f0, 0x00000221703c3230, 0x00000221703c45e0,
0x00000221703c2ba0, 0x00000221703c3f50, 0x00000221703c4c70, 0x00000221703c5300,
0x00000221703c1e80, 0x00000221703c7a60, 0x00000221703c66b0, 0x00000221703c80f0,
0x00000221703c6d40, 0x00000221703c5990, 0x00000221703c8e10, 0x00000221703c6020,
0x00000221703c73d0, 0x00000221703c8780, 0x000002216f8f8360, 0x000002216f8f6fb0,
0x000002216f8f89f0, 0x000002216f8f9080, 0x000002216f8f7640, 0x000002216f8f6920,
0x000002216f8f9710
}

Java Threads: ( => current thread )
  0x000002214e1fdd00 JavaThread "main"                              [_thread_blocked, id=5400, stack(0x00000057c4f00000,0x00000057c5000000) (1024K)]
  0x0000022168170b10 JavaThread "Common-Cleaner"             daemon [_thread_blocked, id=3792, stack(0x00000057c5700000,0x00000057c5800000) (1024K)]
  0x000002216817b990 JavaThread "Reference Handler"          daemon [_thread_blocked, id=1880, stack(0x00000057c5800000,0x00000057c5900000) (1024K)]
  0x000002216817c3f0 JavaThread "Finalizer"                  daemon [_thread_blocked, id=28136, stack(0x00000057c5900000,0x00000057c5a00000) (1024K)]
  0x000002216817cf80 JavaThread "Signal Dispatcher"          daemon [_thread_blocked, id=12096, stack(0x00000057c5a00000,0x00000057c5b00000) (1024K)]
  0x000002216817d720 JavaThread "Attach Listener"            daemon [_thread_blocked, id=22812, stack(0x00000057c5b00000,0x00000057c5c00000) (1024K)]
  0x000002216817e400 JavaThread "Service Thread"             daemon [_thread_blocked, id=15552, stack(0x00000057c5c00000,0x00000057c5d00000) (1024K)]
  0x000002216819fef0 JavaThread "Monitor Deflation Thread"   daemon [_thread_blocked, id=20932, stack(0x00000057c5d00000,0x00000057c5e00000) (1024K)]
  0x00000221681a1ca0 JavaThread "C2 CompilerThread0"         daemon [_thread_blocked, id=32716, stack(0x00000057c5e00000,0x00000057c5f00000) (1024K)]
  0x00000221681d4780 JavaThread "C1 CompilerThread0"         daemon [_thread_blocked, id=22352, stack(0x00000057c5f00000,0x00000057c6000000) (1024K)]
  0x00000221683eb190 JavaThread "C2 CompilerThread1"         daemon [_thread_blocked, id=31048, stack(0x00000057c6000000,0x00000057c6100000) (1024K)]
  0x000002216847e510 JavaThread "Notification Thread"        daemon [_thread_blocked, id=14784, stack(0x00000057c6100000,0x00000057c6200000) (1024K)]
  0x000002216d4b6130 JavaThread "Daemon health stats"               [_thread_blocked, id=30332, stack(0x00000057c6b00000,0x00000057c6c00000) (1024K)]
  0x000002216e22b460 JavaThread "Incoming local TCP Connector on port 53759"        [_thread_in_native, id=28372, stack(0x00000057c6c00000,0x00000057c6d00000) (1024K)]
  0x000002216e5196b0 JavaThread "Daemon periodic checks"            [_thread_blocked, id=11736, stack(0x00000057c6d00000,0x00000057c6e00000) (1024K)]
  0x000002216e4b4420 JavaThread "Daemon"                            [_thread_blocked, id=2504, stack(0x00000057c6e00000,0x00000057c6f00000) (1024K)]
  0x000002216e4b6b80 JavaThread "Handler for socket connection from /127.0.0.1:53759 to /127.0.0.1:53760"        [_thread_in_native, id=5948, stack(0x00000057c6f00000,0x00000057c7000000) (1024K)]
  0x000002216e4b7210 JavaThread "Cancel handler"                    [_thread_blocked, id=16600, stack(0x00000057c7000000,0x00000057c7100000) (1024K)]
  0x000002216e4b57d0 JavaThread "Daemon worker"                     [_thread_blocked, id=12324, stack(0x00000057c7100000,0x00000057c7200000) (1024K)]
  0x000002216e4b4ab0 JavaThread "Asynchronous log dispatcher for DefaultDaemonConnection: socket connection from /127.0.0.1:53759 to /127.0.0.1:53760"        [_thread_blocked, id=25288, stack(0x00000057c7200000,0x00000057c7300000) (1024K)]
  0x000002216e4b5e60 JavaThread "Stdin handler"                     [_thread_blocked, id=13568, stack(0x00000057c7300000,0x00000057c7400000) (1024K)]
  0x000002216e4b78a0 JavaThread "Daemon client event forwarder"        [_thread_blocked, id=2072, stack(0x00000057c7400000,0x00000057c7500000) (1024K)]
  0x000002216e4b64f0 JavaThread "Cache worker for journal cache (C:\Users\Andre\.gradle\caches\journal-1)"        [_thread_blocked, id=1676, stack(0x00000057c7800000,0x00000057c7900000) (1024K)]
  0x000002216e47a6e0 JavaThread "File lock request listener"        [_thread_in_native, id=24848, stack(0x00000057c7900000,0x00000057c7a00000) (1024K)]
  0x000002216e47ad70 JavaThread "Cache worker for file hash cache (C:\Users\Andre\.gradle\caches\9.1.0\fileHashes)"        [_thread_blocked, id=25400, stack(0x00000057c7a00000,0x00000057c7b00000) (1024K)]
  0x000002216e47b400 JavaThread "Cache worker for file hash cache (C:\Users\Andre\AndroidStudioProjects\TipCalculatorXML\.gradle\9.1.0\fileHashes)"        [_thread_blocked, id=1768, stack(0x00000057c7b00000,0x00000057c7c00000) (1024K)]
  0x000002216e4799c0 JavaThread "Cache worker for Build Output Cleanup Cache (C:\Users\Andre\AndroidStudioProjects\TipCalculatorXML\.gradle\buildOutputCleanup)"        [_thread_blocked, id=31532, stack(0x00000057c7c00000,0x00000057c7d00000) (1024K)]
  0x000002216e477f80 JavaThread "File watcher server"        daemon [_thread_in_native, id=22380, stack(0x00000057c7d00000,0x00000057c7e00000) (1024K)]
  0x000002216e47a050 JavaThread "File watcher consumer"      daemon [_thread_blocked, id=12708, stack(0x00000057c7e00000,0x00000057c7f00000) (1024K)]
  0x000002216e47ba90 JavaThread "Cache worker for checksums cache (C:\Users\Andre\AndroidStudioProjects\TipCalculatorXML\.gradle\9.1.0\checksums)"        [_thread_blocked, id=13076, stack(0x00000057c7f00000,0x00000057c8000000) (1024K)]
  0x000002216e478610 JavaThread "Cache worker for file content cache (C:\Users\Andre\.gradle\caches\9.1.0\fileContent)"        [_thread_blocked, id=27884, stack(0x00000057c8000000,0x00000057c8100000) (1024K)]
  0x000002216e47d4d0 JavaThread "Cache worker for cache directory md-supplier (C:\Users\Andre\.gradle\caches\9.1.0\md-supplier)"        [_thread_blocked, id=21324, stack(0x00000057c8100000,0x00000057c8200000) (1024K)]
  0x000002216e47c120 JavaThread "Cache worker for cache directory md-rule (C:\Users\Andre\.gradle\caches\9.1.0\md-rule)"        [_thread_blocked, id=32196, stack(0x00000057c8200000,0x00000057c8300000) (1024K)]
  0x000002216e47e880 JavaThread "jar transforms"                    [_thread_blocked, id=34284, stack(0x00000057c8300000,0x00000057c8400000) (1024K)]
  0x000002216e47e1f0 JavaThread "jar transforms Thread 2"           [_thread_blocked, id=33912, stack(0x00000057c8400000,0x00000057c8500000) (1024K)]
  0x000002216e47ef10 JavaThread "jar transforms Thread 3"           [_thread_blocked, id=24116, stack(0x00000057c8500000,0x00000057c8600000) (1024K)]
  0x000002216e47c7b0 JavaThread "Unconstrained build operations"        [_thread_blocked, id=34064, stack(0x00000057c8600000,0x00000057c8700000) (1024K)]
  0x000002216e47ce40 JavaThread "Unconstrained build operations Thread 2"        [_thread_blocked, id=1760, stack(0x00000057c8700000,0x00000057c8800000) (1024K)]
  0x00000221711d7db0 JavaThread "Unconstrained build operations Thread 3"        [_thread_blocked, id=15476, stack(0x00000057c8800000,0x00000057c8900000) (1024K)]
  0x00000221711d97f0 JavaThread "Unconstrained build operations Thread 4"        [_thread_blocked, id=12668, stack(0x00000057c8900000,0x00000057c8a00000) (1024K)]
  0x00000221711d9e80 JavaThread "Unconstrained build operations Thread 5"        [_thread_blocked, id=18188, stack(0x00000057c8a00000,0x00000057c8b00000) (1024K)]
  0x00000221711da510 JavaThread "Unconstrained build operations Thread 6"        [_thread_blocked, id=12584, stack(0x00000057c8b00000,0x00000057c8c00000) (1024K)]
  0x00000221711daba0 JavaThread "Unconstrained build operations Thread 7"        [_thread_blocked, id=28012, stack(0x00000057c8c00000,0x00000057c8d00000) (1024K)]
  0x00000221711d8440 JavaThread "Unconstrained build operations Thread 8"        [_thread_blocked, id=31752, stack(0x00000057c8d00000,0x00000057c8e00000) (1024K)]
  0x00000221711d8ad0 JavaThread "Unconstrained build operations Thread 9"        [_thread_blocked, id=23320, stack(0x00000057c8e00000,0x00000057c8f00000) (1024K)]
  0x00000221711d7720 JavaThread "Unconstrained build operations Thread 10"        [_thread_blocked, id=13296, stack(0x00000057c8f00000,0x00000057c9000000) (1024K)]
  0x00000221711d9160 JavaThread "jar transforms Thread 4"           [_thread_blocked, id=20376, stack(0x00000057c9000000,0x00000057c9100000) (1024K)]
  0x000002217121cb50 JavaThread "jar transforms Thread 5"           [_thread_blocked, id=11904, stack(0x00000057c9100000,0x00000057c9200000) (1024K)]
  0x000002217121d1e0 JavaThread "Unconstrained build operations Thread 11"        [_thread_blocked, id=12956, stack(0x00000057c9200000,0x00000057c9300000) (1024K)]
  0x000002217121f2b0 JavaThread "Unconstrained build operations Thread 12"        [_thread_blocked, id=12916, stack(0x00000057c9300000,0x00000057c9400000) (1024K)]
  0x000002217121d870 JavaThread "Unconstrained build operations Thread 13"        [_thread_blocked, id=32916, stack(0x00000057c9400000,0x00000057c9500000) (1024K)]
  0x000002217121df00 JavaThread "Unconstrained build operations Thread 14"        [_thread_blocked, id=29400, stack(0x00000057c9500000,0x00000057c9600000) (1024K)]
  0x000002217121e590 JavaThread "Unconstrained build operations Thread 15"        [_thread_blocked, id=34364, stack(0x00000057c9600000,0x00000057c9700000) (1024K)]
  0x000002217121be30 JavaThread "jar transforms Thread 6"           [_thread_blocked, id=32136, stack(0x00000057c9700000,0x00000057c9800000) (1024K)]
  0x000002217121ec20 JavaThread "jar transforms Thread 7"           [_thread_blocked, id=24336, stack(0x00000057c9800000,0x00000057c9900000) (1024K)]
  0x000002217121f940 JavaThread "jar transforms Thread 8"           [_thread_blocked, id=26944, stack(0x00000057c9900000,0x00000057c9a00000) (1024K)]
  0x00000221712220a0 JavaThread "Unconstrained build operations Thread 16"        [_thread_blocked, id=22136, stack(0x00000057c6200000,0x00000057c6300000) (1024K)]
  0x0000022171221380 JavaThread "Unconstrained build operations Thread 17"        [_thread_blocked, id=8056, stack(0x00000057c9a00000,0x00000057c9b00000) (1024K)]
  0x0000022171222730 JavaThread "Unconstrained build operations Thread 18"        [_thread_blocked, id=16688, stack(0x00000057c9b00000,0x00000057c9c00000) (1024K)]
  0x000002217121ffd0 JavaThread "Unconstrained build operations Thread 19"        [_thread_blocked, id=33824, stack(0x00000057c9c00000,0x00000057c9d00000) (1024K)]
  0x0000022171222dc0 JavaThread "Unconstrained build operations Thread 20"        [_thread_blocked, id=10840, stack(0x00000057c9d00000,0x00000057c9e00000) (1024K)]
  0x0000022171221a10 JavaThread "Unconstrained build operations Thread 21"        [_thread_blocked, id=17896, stack(0x00000057c9e00000,0x00000057c9f00000) (1024K)]
  0x0000022171220660 JavaThread "Unconstrained build operations Thread 22"        [_thread_blocked, id=15480, stack(0x00000057c9f00000,0x00000057ca000000) (1024K)]
  0x00000221703c2510 JavaThread "Unconstrained build operations Thread 23"        [_thread_blocked, id=26896, stack(0x00000057ca000000,0x00000057ca100000) (1024K)]
  0x00000221703c38c0 JavaThread "Unconstrained build operations Thread 24"        [_thread_blocked, id=34676, stack(0x00000057ca100000,0x00000057ca200000) (1024K)]
  0x00000221703c17f0 JavaThread "Unconstrained build operations Thread 25"        [_thread_blocked, id=7376, stack(0x00000057ca200000,0x00000057ca300000) (1024K)]
  0x00000221703c3230 JavaThread "Unconstrained build operations Thread 26"        [_thread_blocked, id=33812, stack(0x00000057ca300000,0x00000057ca400000) (1024K)]
  0x00000221703c45e0 JavaThread "Unconstrained build operations Thread 27"        [_thread_blocked, id=33956, stack(0x00000057ca400000,0x00000057ca500000) (1024K)]
  0x00000221703c2ba0 JavaThread "Unconstrained build operations Thread 28"        [_thread_blocked, id=2884, stack(0x00000057ca500000,0x00000057ca600000) (1024K)]
  0x00000221703c3f50 JavaThread "Unconstrained build operations Thread 29"        [_thread_blocked, id=18112, stack(0x00000057ca600000,0x00000057ca700000) (1024K)]
  0x00000221703c4c70 JavaThread "Unconstrained build operations Thread 30"        [_thread_blocked, id=3624, stack(0x00000057ca700000,0x00000057ca800000) (1024K)]
  0x00000221703c5300 JavaThread "Unconstrained build operations Thread 31"        [_thread_blocked, id=844, stack(0x00000057ca800000,0x00000057ca900000) (1024K)]
  0x00000221703c1e80 JavaThread "Unconstrained build operations Thread 32"        [_thread_blocked, id=28608, stack(0x00000057ca900000,0x00000057caa00000) (1024K)]
  0x00000221703c7a60 JavaThread "Unconstrained build operations Thread 33"        [_thread_blocked, id=4552, stack(0x00000057caa00000,0x00000057cab00000) (1024K)]
  0x00000221703c66b0 JavaThread "Unconstrained build operations Thread 34"        [_thread_blocked, id=25508, stack(0x00000057cab00000,0x00000057cac00000) (1024K)]
  0x00000221703c80f0 JavaThread "Unconstrained build operations Thread 35"        [_thread_blocked, id=10472, stack(0x00000057cac00000,0x00000057cad00000) (1024K)]
  0x00000221703c6d40 JavaThread "Unconstrained build operations Thread 36"        [_thread_blocked, id=24476, stack(0x00000057cad00000,0x00000057cae00000) (1024K)]
  0x00000221703c5990 JavaThread "Unconstrained build operations Thread 37"        [_thread_blocked, id=17156, stack(0x00000057cae00000,0x00000057caf00000) (1024K)]
  0x00000221703c8e10 JavaThread "Unconstrained build operations Thread 38"        [_thread_blocked, id=7720, stack(0x00000057caf00000,0x00000057cb000000) (1024K)]
  0x00000221703c6020 JavaThread "Unconstrained build operations Thread 39"        [_thread_blocked, id=14540, stack(0x00000057cb000000,0x00000057cb100000) (1024K)]
  0x00000221703c73d0 JavaThread "Unconstrained build operations Thread 40"        [_thread_blocked, id=7516, stack(0x00000057cb100000,0x00000057cb200000) (1024K)]
  0x00000221703c8780 JavaThread "Unconstrained build operations Thread 41"        [_thread_blocked, id=13384, stack(0x00000057cb200000,0x00000057cb300000) (1024K)]
  0x000002216f8f8360 JavaThread "Unconstrained build operations Thread 42"        [_thread_blocked, id=16152, stack(0x00000057cb300000,0x00000057cb400000) (1024K)]
  0x000002216f8f6fb0 JavaThread "Unconstrained build operations Thread 43"        [_thread_blocked, id=1652, stack(0x00000057cb400000,0x00000057cb500000) (1024K)]
  0x000002216f8f89f0 JavaThread "Unconstrained build operations Thread 44"        [_thread_blocked, id=29944, stack(0x00000057cb500000,0x00000057cb600000) (1024K)]
  0x000002216f8f9080 JavaThread "Unconstrained build operations Thread 45"        [_thread_blocked, id=30688, stack(0x00000057cb600000,0x00000057cb700000) (1024K)]
  0x000002216f8f7640 JavaThread "Unconstrained build operations Thread 46"        [_thread_blocked, id=34288, stack(0x00000057cb700000,0x00000057cb800000) (1024K)]
  0x000002216f8f6920 JavaThread "Unconstrained build operations Thread 47"        [_thread_blocked, id=15144, stack(0x00000057cb800000,0x00000057cb900000) (1024K)]
  0x000002216f8f9710 JavaThread "Unconstrained build operations Thread 48"        [_thread_blocked, id=24324, stack(0x00000057cb900000,0x00000057cba00000) (1024K)]
Total: 89

Other Threads:
=>0x0000022168052680 VMThread "VM Thread"                           [id=8464, stack(0x00000057c5600000,0x00000057c5700000) (1024K)]
  0x00000221681019e0 WatcherThread "VM Periodic Task Thread"        [id=23984, stack(0x00000057c5500000,0x00000057c5600000) (1024K)]
  0x0000022150585070 WorkerThread "GC Thread#0"                     [id=11328, stack(0x00000057c5000000,0x00000057c5100000) (1024K)]
  0x0000022168a0fba0 WorkerThread "GC Thread#1"                     [id=14248, stack(0x00000057c6300000,0x00000057c6400000) (1024K)]
  0x0000022168a188a0 WorkerThread "GC Thread#2"                     [id=9004, stack(0x00000057c6400000,0x00000057c6500000) (1024K)]
  0x00000221688060c0 WorkerThread "GC Thread#3"                     [id=31536, stack(0x00000057c6500000,0x00000057c6600000) (1024K)]
  0x0000022168806460 WorkerThread "GC Thread#4"                     [id=24816, stack(0x00000057c6600000,0x00000057c6700000) (1024K)]
  0x0000022168772720 WorkerThread "GC Thread#5"                     [id=29452, stack(0x00000057c6700000,0x00000057c6800000) (1024K)]
  0x000002216e1e57e0 WorkerThread "GC Thread#6"                     [id=30564, stack(0x00000057c6800000,0x00000057c6900000) (1024K)]
  0x000002216e1bab60 WorkerThread "GC Thread#7"                     [id=25728, stack(0x00000057c6900000,0x00000057c6a00000) (1024K)]
  0x000002216e1bcbb0 WorkerThread "GC Thread#8"                     [id=33052, stack(0x00000057c6a00000,0x00000057c6b00000) (1024K)]
  0x000002216e246c30 WorkerThread "GC Thread#9"                     [id=33152, stack(0x00000057c7500000,0x00000057c7600000) (1024K)]
  0x0000022150595f60 ConcurrentGCThread "G1 Main Marker"            [id=20664, stack(0x00000057c5100000,0x00000057c5200000) (1024K)]
  0x0000022150596970 WorkerThread "G1 Conc#0"                       [id=10856, stack(0x00000057c5200000,0x00000057c5300000) (1024K)]
  0x000002216e246890 WorkerThread "G1 Conc#1"                       [id=13464, stack(0x00000057c7600000,0x00000057c7700000) (1024K)]
  0x000002216e246fd0 WorkerThread "G1 Conc#2"                       [id=11616, stack(0x00000057c7700000,0x00000057c7800000) (1024K)]
  0x0000022167f61b30 ConcurrentGCThread "G1 Refine#0"               [id=11192, stack(0x00000057c5300000,0x00000057c5400000) (1024K)]
  0x0000022167f62350 ConcurrentGCThread "G1 Service"                [id=29692, stack(0x00000057c5400000,0x00000057c5500000) (1024K)]
Total: 18

Threads with active compile tasks:
Total: 0

VM state: at safepoint (normal execution)

VM Mutex/Monitor currently owned by a thread:  ([mutex/lock_event])
[0x00007ff9e08285b8] Threads_lock - owner thread: 0x0000022168052680
[0x00007ff9e08286b8] Heap_lock - owner thread: 0x000002216e4b57d0

Heap address: 0x0000000080000000, size: 2048 MB, Compressed Oops mode: 32-bit

CDS archive(s) not mapped
Compressed class space mapped at: 0x0000000100000000-0x0000000140000000, reserved size: 1073741824
Narrow klass base: 0x0000000000000000, Narrow klass shift: 3, Narrow klass range: 0x140000000

GC Precious Log:
 CardTable entry size: 512
 Card Set container configuration: InlinePtr #cards 5 size 8 Array Of Cards #cards 12 size 40 Howl #buckets 4 coarsen threshold 1843 Howl Bitmap #cards 512 size 80 coarsen threshold 460 Card regions per heap region 1 cards per card region 2048
 CPUs: 12 total, 12 available
 Memory: 16087M
 Large Page Support: Disabled
 NUMA Support: Disabled
 Compressed Oops: Enabled (32-bit)
 Heap Region Size: 1M
 Heap Min Capacity: 8M
 Heap Initial Capacity: 252M
 Heap Max Capacity: 2G
 Pre-touch: Disabled
 Parallel Workers: 10
 Concurrent Workers: 3
 Concurrent Refinement Workers: 10
 Periodic GC: Disabled

Heap:
 garbage-first heap   total 111616K, used 70775K [0x0000000080000000, 0x0000000100000000)
  region size 1024K, 5 young (5120K), 5 survivors (5120K)
 Metaspace       used 73004K, committed 74944K, reserved 1114112K
  class space    used 10373K, committed 11328K, reserved 1048576K

Heap Regions: E=young(eden), S=young(survivor), O=old, HS=humongous(starts), HC=humongous(continues), CS=collection set, F=free, TAMS=top-at-mark-start, PB=parsable bottom
|   0|0x0000000080000000, 0x0000000080100000, 0x0000000080100000|100%|HS|  |TAMS 0x0000000080000000| PB 0x0000000080000000| Complete 
|   1|0x0000000080100000, 0x0000000080200000, 0x0000000080200000|100%|HC|  |TAMS 0x0000000080100000| PB 0x0000000080100000| Complete 
|   2|0x0000000080200000, 0x0000000080300000, 0x0000000080300000|100%|HC|  |TAMS 0x0000000080200000| PB 0x0000000080200000| Complete 
|   3|0x0000000080300000, 0x0000000080400000, 0x0000000080400000|100%| O|  |TAMS 0x0000000080300000| PB 0x0000000080300000| Untracked 
|   4|0x0000000080400000, 0x0000000080500000, 0x0000000080500000|100%| O|  |TAMS 0x0000000080400000| PB 0x0000000080400000| Untracked 
|   5|0x0000000080500000, 0x0000000080600000, 0x0000000080600000|100%| O|  |TAMS 0x0000000080500000| PB 0x0000000080500000| Untracked 
|   6|0x0000000080600000, 0x0000000080700000, 0x0000000080700000|100%|HS|  |TAMS 0x0000000080600000| PB 0x0000000080600000| Complete 
|   7|0x0000000080700000, 0x0000000080800000, 0x0000000080800000|100%| O|  |TAMS 0x0000000080700000| PB 0x0000000080700000| Untracked 
|   8|0x0000000080800000, 0x0000000080900000, 0x0000000080900000|100%| O|  |TAMS 0x0000000080800000| PB 0x0000000080800000| Untracked 
|   9|0x0000000080900000, 0x0000000080a00000, 0x0000000080a00000|100%| O|  |TAMS 0x0000000080900000| PB 0x0000000080900000| Untracked 
|  10|0x0000000080a00000, 0x0000000080b00000, 0x0000000080b00000|100%| O|  |TAMS 0x0000000080a00000| PB 0x0000000080a00000| Untracked 
|  11|0x0000000080b00000, 0x0000000080c00000, 0x0000000080c00000|100%| O|  |TAMS 0x0000000080b00000| PB 0x0000000080b00000| Untracked 
|  12|0x0000000080c00000, 0x0000000080d00000, 0x0000000080d00000|100%| O|  |TAMS 0x0000000080c00000| PB 0x0000000080c00000| Untracked 
|  13|0x0000000080d00000, 0x0000000080e00000, 0x0000000080e00000|100%| O|  |TAMS 0x0000000080d00000| PB 0x0000000080d00000| Untracked 
|  14|0x0000000080e00000, 0x0000000080f00000, 0x0000000080f00000|100%| O|  |TAMS 0x0000000080e00000| PB 0x0000000080e00000| Untracked 
|  15|0x0000000080f00000, 0x0000000081000000, 0x0000000081000000|100%| O|  |TAMS 0x0000000080f00000| PB 0x0000000080f00000| Untracked 
|  16|0x0000000081000000, 0x0000000081100000, 0x0000000081100000|100%| O|  |TAMS 0x0000000081000000| PB 0x0000000081000000| Untracked 
|  17|0x0000000081100000, 0x0000000081200000, 0x0000000081200000|100%| O|  |TAMS 0x0000000081100000| PB 0x0000000081100000| Untracked 
|  18|0x0000000081200000, 0x0000000081300000, 0x0000000081300000|100%| O|  |TAMS 0x0000000081200000| PB 0x0000000081200000| Untracked 
|  19|0x0000000081300000, 0x0000000081400000, 0x0000000081400000|100%| O|  |TAMS 0x0000000081300000| PB 0x0000000081300000| Untracked 
|  20|0x0000000081400000, 0x0000000081500000, 0x0000000081500000|100%| O|  |TAMS 0x0000000081400000| PB 0x0000000081400000| Untracked 
|  21|0x0000000081500000, 0x0000000081600000, 0x0000000081600000|100%| O|  |TAMS 0x0000000081500000| PB 0x0000000081500000| Untracked 
|  22|0x0000000081600000, 0x0000000081700000, 0x0000000081700000|100%| O|  |TAMS 0x0000000081600000| PB 0x0000000081600000| Untracked 
|  23|0x0000000081700000, 0x0000000081800000, 0x0000000081800000|100%| O|  |TAMS 0x0000000081700000| PB 0x0000000081700000| Untracked 
|  24|0x0000000081800000, 0x0000000081900000, 0x0000000081900000|100%| O|  |TAMS 0x0000000081800000| PB 0x0000000081800000| Untracked 
|  25|0x0000000081900000, 0x0000000081a00000, 0x0000000081a00000|100%| O|  |TAMS 0x0000000081900000| PB 0x0000000081900000| Untracked 
|  26|0x0000000081a00000, 0x0000000081b00000, 0x0000000081b00000|100%| O|  |TAMS 0x0000000081a00000| PB 0x0000000081a00000| Untracked 
|  27|0x0000000081b00000, 0x0000000081c00000, 0x0000000081c00000|100%| O|  |TAMS 0x0000000081b00000| PB 0x0000000081b00000| Untracked 
|  28|0x0000000081c00000, 0x0000000081d00000, 0x0000000081d00000|100%| O|  |TAMS 0x0000000081c00000| PB 0x0000000081c00000| Untracked 
|  29|0x0000000081d00000, 0x0000000081e00000, 0x0000000081e00000|100%|HS|  |TAMS 0x0000000081d00000| PB 0x0000000081d00000| Complete 
|  30|0x0000000081e00000, 0x0000000081f00000, 0x0000000081f00000|100%|HC|  |TAMS 0x0000000081e00000| PB 0x0000000081e00000| Complete 
|  31|0x0000000081f00000, 0x0000000082000000, 0x0000000082000000|100%| O|  |TAMS 0x0000000081f00000| PB 0x0000000081f00000| Untracked 
|  32|0x0000000082000000, 0x0000000082000000, 0x0000000082100000|  0%| F|  |TAMS 0x0000000082000000| PB 0x0000000082000000| Untracked 
|  33|0x0000000082100000, 0x0000000082200000, 0x0000000082200000|100%| O|  |TAMS 0x0000000082100000| PB 0x0000000082100000| Untracked 
|  34|0x0000000082200000, 0x0000000082300000, 0x0000000082300000|100%| O|  |TAMS 0x0000000082200000| PB 0x0000000082200000| Untracked 
|  35|0x0000000082300000, 0x0000000082400000, 0x0000000082400000|100%| O|  |TAMS 0x0000000082300000| PB 0x0000000082300000| Untracked 
|  36|0x0000000082400000, 0x0000000082400000, 0x0000000082500000|  0%| F|  |TAMS 0x0000000082400000| PB 0x0000000082400000| Untracked 
|  37|0x0000000082500000, 0x0000000082600000, 0x0000000082600000|100%| O|  |TAMS 0x0000000082500000| PB 0x0000000082500000| Untracked 
|  38|0x0000000082600000, 0x0000000082700000, 0x0000000082700000|100%| O|  |TAMS 0x0000000082600000| PB 0x0000000082600000| Untracked 
|  39|0x0000000082700000, 0x0000000082800000, 0x0000000082800000|100%| O|  |TAMS 0x0000000082700000| PB 0x0000000082700000| Untracked 
|  40|0x0000000082800000, 0x0000000082900000, 0x0000000082900000|100%| O|  |TAMS 0x0000000082800000| PB 0x0000000082800000| Untracked 
|  41|0x0000000082900000, 0x0000000082a00000, 0x0000000082a00000|100%| O|  |TAMS 0x0000000082900000| PB 0x0000000082900000| Untracked 
|  42|0x0000000082a00000, 0x0000000082b00000, 0x0000000082b00000|100%| O|  |TAMS 0x0000000082a00000| PB 0x0000000082a00000| Untracked 
|  43|0x0000000082b00000, 0x0000000082c00000, 0x0000000082c00000|100%| O|  |TAMS 0x0000000082b00000| PB 0x0000000082b00000| Untracked 
|  44|0x0000000082c00000, 0x0000000082d00000, 0x0000000082d00000|100%| O|  |TAMS 0x0000000082c00000| PB 0x0000000082c00000| Untracked 
|  45|0x0000000082d00000, 0x0000000082e00000, 0x0000000082e00000|100%| O|  |TAMS 0x0000000082d00000| PB 0x0000000082d00000| Untracked 
|  46|0x0000000082e00000, 0x0000000082f00000, 0x0000000082f00000|100%| O|  |TAMS 0x0000000082e00000| PB 0x0000000082e00000| Untracked 
|  47|0x0000000082f00000, 0x0000000083000000, 0x0000000083000000|100%| O|  |TAMS 0x0000000082f00000| PB 0x0000000082f00000| Untracked 
|  48|0x0000000083000000, 0x0000000083100000, 0x0000000083100000|100%|HS|  |TAMS 0x0000000083000000| PB 0x0000000083000000| Complete 
|  49|0x0000000083100000, 0x0000000083200000, 0x0000000083200000|100%|HS|  |TAMS 0x0000000083100000| PB 0x0000000083100000| Complete 
|  50|0x0000000083200000, 0x0000000083300000, 0x0000000083300000|100%|HS|  |TAMS 0x0000000083200000| PB 0x0000000083200000| Complete 
|  51|0x0000000083300000, 0x0000000083400000, 0x0000000083400000|100%|HC|  |TAMS 0x0000000083300000| PB 0x0000000083300000| Complete 
|  52|0x0000000083400000, 0x0000000083500000, 0x0000000083500000|100%|HS|  |TAMS 0x0000000083400000| PB 0x0000000083400000| Complete 
|  53|0x0000000083500000, 0x0000000083600000, 0x0000000083600000|100%|HS|  |TAMS 0x0000000083500000| PB 0x0000000083500000| Complete 
|  54|0x0000000083600000, 0x0000000083600000, 0x0000000083700000|  0%| F|  |TAMS 0x0000000083600000| PB 0x0000000083600000| Untracked 
|  55|0x0000000083700000, 0x0000000083800000, 0x0000000083800000|100%|HS|  |TAMS 0x0000000083700000| PB 0x0000000083700000| Complete 
|  56|0x0000000083800000, 0x0000000083800000, 0x0000000083900000|  0%| F|  |TAMS 0x0000000083800000| PB 0x0000000083800000| Untracked 
|  57|0x0000000083900000, 0x0000000083900000, 0x0000000083a00000|  0%| F|  |TAMS 0x0000000083900000| PB 0x0000000083900000| Untracked 
|  58|0x0000000083a00000, 0x0000000083a00000, 0x0000000083b00000|  0%| F|  |TAMS 0x0000000083a00000| PB 0x0000000083a00000| Untracked 
|  59|0x0000000083b00000, 0x0000000083b00000, 0x0000000083c00000|  0%| F|  |TAMS 0x0000000083b00000| PB 0x0000000083b00000| Untracked 
|  60|0x0000000083c00000, 0x0000000083d00000, 0x0000000083d00000|100%|HS|  |TAMS 0x0000000083c00000| PB 0x0000000083c00000| Complete 
|  61|0x0000000083d00000, 0x0000000083e00000, 0x0000000083e00000|100%| S|CS|TAMS 0x0000000083d00000| PB 0x0000000083d00000| Complete 
|  62|0x0000000083e00000, 0x0000000083e00000, 0x0000000083f00000|  0%| F|  |TAMS 0x0000000083e00000| PB 0x0000000083e00000| Untracked 
|  63|0x0000000083f00000, 0x0000000083f00000, 0x0000000084000000|  0%| F|  |TAMS 0x0000000083f00000| PB 0x0000000083f00000| Untracked 
|  64|0x0000000084000000, 0x0000000084000000, 0x0000000084100000|  0%| F|  |TAMS 0x0000000084000000| PB 0x0000000084000000| Untracked 
|  65|0x0000000084100000, 0x0000000084100000, 0x0000000084200000|  0%| F|  |TAMS 0x0000000084100000| PB 0x0000000084100000| Untracked 
|  66|0x0000000084200000, 0x0000000084200000, 0x0000000084300000|  0%| F|  |TAMS 0x0000000084200000| PB 0x0000000084200000| Untracked 
|  67|0x0000000084300000, 0x0000000084300000, 0x0000000084400000|  0%| F|  |TAMS 0x0000000084300000| PB 0x0000000084300000| Untracked 
|  68|0x0000000084400000, 0x0000000084400000, 0x0000000084500000|  0%| F|  |TAMS 0x0000000084400000| PB 0x0000000084400000| Untracked 
|  69|0x0000000084500000, 0x0000000084500000, 0x0000000084600000|  0%| F|  |TAMS 0x0000000084500000| PB 0x0000000084500000| Untracked 
|  70|0x0000000084600000, 0x0000000084600000, 0x0000000084700000|  0%| F|  |TAMS 0x0000000084600000| PB 0x0000000084600000| Untracked 
|  71|0x0000000084700000, 0x0000000084700000, 0x0000000084800000|  0%| F|  |TAMS 0x0000000084700000| PB 0x0000000084700000| Untracked 
|  72|0x0000000084800000, 0x0000000084800000, 0x0000000084900000|  0%| F|  |TAMS 0x0000000084800000| PB 0x0000000084800000| Untracked 
|  73|0x0000000084900000, 0x0000000084900000, 0x0000000084a00000|  0%| F|  |TAMS 0x0000000084900000| PB 0x0000000084900000| Untracked 
|  74|0x0000000084a00000, 0x0000000084a00000, 0x0000000084b00000|  0%| F|  |TAMS 0x0000000084a00000| PB 0x0000000084a00000| Untracked 
|  75|0x0000000084b00000, 0x0000000084b00000, 0x0000000084c00000|  0%| F|  |TAMS 0x0000000084b00000| PB 0x0000000084b00000| Untracked 
|  76|0x0000000084c00000, 0x0000000084c00000, 0x0000000084d00000|  0%| F|  |TAMS 0x0000000084c00000| PB 0x0000000084c00000| Untracked 
|  77|0x0000000084d00000, 0x0000000084d00000, 0x0000000084e00000|  0%| F|  |TAMS 0x0000000084d00000| PB 0x0000000084d00000| Untracked 
|  78|0x0000000084e00000, 0x0000000084e00000, 0x0000000084f00000|  0%| F|  |TAMS 0x0000000084e00000| PB 0x0000000084e00000| Untracked 
|  79|0x0000000084f00000, 0x0000000084f00000, 0x0000000085000000|  0%| F|  |TAMS 0x0000000084f00000| PB 0x0000000084f00000| Untracked 
|  80|0x0000000085000000, 0x0000000085000000, 0x0000000085100000|  0%| F|  |TAMS 0x0000000085000000| PB 0x0000000085000000| Untracked 
|  81|0x0000000085100000, 0x0000000085100000, 0x0000000085200000|  0%| F|  |TAMS 0x0000000085100000| PB 0x0000000085100000| Untracked 
|  82|0x0000000085200000, 0x0000000085300000, 0x0000000085300000|100%| S|CS|TAMS 0x0000000085200000| PB 0x0000000085200000| Complete 
|  83|0x0000000085300000, 0x0000000085400000, 0x0000000085400000|100%| S|CS|TAMS 0x0000000085300000| PB 0x0000000085300000| Complete 
|  84|0x0000000085400000, 0x0000000085500000, 0x0000000085500000|100%| S|CS|TAMS 0x0000000085400000| PB 0x0000000085400000| Complete 
|  85|0x0000000085500000, 0x0000000085600000, 0x0000000085600000|100%| S|CS|TAMS 0x0000000085500000| PB 0x0000000085500000| Complete 
| 218|0x000000008da00000, 0x000000008da00000, 0x000000008db00000|  0%| F|  |TAMS 0x000000008da00000| PB 0x000000008da00000| Untracked 
| 219|0x000000008db00000, 0x000000008db00000, 0x000000008dc00000|  0%| F|  |TAMS 0x000000008db00000| PB 0x000000008db00000| Untracked 
| 220|0x000000008dc00000, 0x000000008dc00000, 0x000000008dd00000|  0%| F|  |TAMS 0x000000008dc00000| PB 0x000000008dc00000| Untracked 
| 221|0x000000008dd00000, 0x000000008dd00000, 0x000000008de00000|  0%| F|  |TAMS 0x000000008dd00000| PB 0x000000008dd00000| Untracked 
| 222|0x000000008de00000, 0x000000008de00000, 0x000000008df00000|  0%| F|  |TAMS 0x000000008de00000| PB 0x000000008de00000| Untracked 
| 223|0x000000008df00000, 0x000000008df00000, 0x000000008e000000|  0%| F|  |TAMS 0x000000008df00000| PB 0x000000008df00000| Untracked 
| 224|0x000000008e000000, 0x000000008e000000, 0x000000008e100000|  0%| F|  |TAMS 0x000000008e000000| PB 0x000000008e000000| Untracked 
| 225|0x000000008e100000, 0x000000008e100000, 0x000000008e200000|  0%| F|  |TAMS 0x000000008e100000| PB 0x000000008e100000| Untracked 
| 226|0x000000008e200000, 0x000000008e200000, 0x000000008e300000|  0%| F|  |TAMS 0x000000008e200000| PB 0x000000008e200000| Untracked 
| 227|0x000000008e300000, 0x000000008e300000, 0x000000008e400000|  0%| F|  |TAMS 0x000000008e300000| PB 0x000000008e300000| Untracked 
| 228|0x000000008e400000, 0x000000008e400000, 0x000000008e500000|  0%| F|  |TAMS 0x000000008e400000| PB 0x000000008e400000| Untracked 
| 251|0x000000008fb00000, 0x000000008fb00000, 0x000000008fc00000|  0%| F|  |TAMS 0x000000008fb00000| PB 0x000000008fb00000| Untracked 
|2037|0x00000000ff500000, 0x00000000ff51df98, 0x00000000ff600000| 11%| O|  |TAMS 0x00000000ff500000| PB 0x00000000ff500000| Untracked 
|2038|0x00000000ff600000, 0x00000000ff700000, 0x00000000ff700000|100%| O|  |TAMS 0x00000000ff600000| PB 0x00000000ff600000| Untracked 
|2039|0x00000000ff700000, 0x00000000ff800000, 0x00000000ff800000|100%| O|  |TAMS 0x00000000ff700000| PB 0x00000000ff700000| Untracked 
|2040|0x00000000ff800000, 0x00000000ff900000, 0x00000000ff900000|100%| O|  |TAMS 0x00000000ff800000| PB 0x00000000ff800000| Untracked 
|2041|0x00000000ff900000, 0x00000000ffa00000, 0x00000000ffa00000|100%| O|  |TAMS 0x00000000ff900000| PB 0x00000000ff900000| Untracked 
|2042|0x00000000ffa00000, 0x00000000ffb00000, 0x00000000ffb00000|100%| O|  |TAMS 0x00000000ffa00000| PB 0x00000000ffa00000| Untracked 
|2043|0x00000000ffb00000, 0x00000000ffc00000, 0x00000000ffc00000|100%| O|  |TAMS 0x00000000ffb00000| PB 0x00000000ffb00000| Untracked 
|2044|0x00000000ffc00000, 0x00000000ffd00000, 0x00000000ffd00000|100%| O|  |TAMS 0x00000000ffc00000| PB 0x00000000ffc00000| Untracked 
|2045|0x00000000ffd00000, 0x00000000ffe00000, 0x00000000ffe00000|100%| O|  |TAMS 0x00000000ffd00000| PB 0x00000000ffd00000| Untracked 
|2046|0x00000000ffe00000, 0x00000000fff00000, 0x00000000fff00000|100%| O|  |TAMS 0x00000000ffe00000| PB 0x00000000ffe00000| Untracked 
|2047|0x00000000fff00000, 0x0000000100000000, 0x0000000100000000|100%| O|  |TAMS 0x00000000fff00000| PB 0x00000000fff00000| Untracked 

Card table byte_map: [0x0000022162fd0000,0x00000221633d0000] _byte_map_base: 0x0000022162bd0000

Marking Bits: (CMBitMap*) 0x0000022150585680
 Bits: [0x00000221633d0000, 0x00000221653d0000)

Polling page: 0x000002214e3b0000

Metaspace:

Usage:
  Non-class:     61.16 MB used.
      Class:     10.13 MB used.
       Both:     71.29 MB used.

Virtual space:
  Non-class space:       64.00 MB reserved,      62.12 MB ( 97%) committed,  1 nodes.
      Class space:        1.00 GB reserved,      11.06 MB (  1%) committed,  1 nodes.
             Both:        1.06 GB reserved,      73.19 MB (  7%) committed. 

Chunk freelists:
   Non-Class:  1.38 MB
       Class:  4.97 MB
        Both:  6.34 MB

MaxMetaspaceSize: unlimited
CompressedClassSpaceSize: 1.00 GB
Initial GC threshold: 21.00 MB
Current GC threshold: 118.25 MB
CDS: off
 - commit_granule_bytes: 65536.
 - commit_granule_words: 8192.
 - virtual_space_node_default_size: 8388608.
 - enlarge_chunks_in_place: 1.
 - use_allocation_guard: 0.


Internal statistics:

num_allocs_failed_limit: 9.
num_arena_births: 3710.
num_arena_deaths: 0.
num_vsnodes_births: 2.
num_vsnodes_deaths: 0.
num_space_committed: 1171.
num_space_uncommitted: 0.
num_chunks_returned_to_freelist: 9.
num_chunks_taken_from_freelist: 6890.
num_chunk_merges: 9.
num_chunk_splits: 4464.
num_chunks_enlarged: 2688.
num_inconsistent_stats: 0.

CodeHeap 'non-profiled nmethods': size=120000Kb used=4175Kb max_used=4318Kb free=115824Kb
 bounds [0x000002215b150000, 0x000002215b590000, 0x0000022162680000]
CodeHeap 'profiled nmethods': size=120000Kb used=14094Kb max_used=14339Kb free=105906Kb
 bounds [0x0000022153680000, 0x0000022154490000, 0x000002215abb0000]
CodeHeap 'non-nmethods': size=5760Kb used=2035Kb max_used=2094Kb free=3724Kb
 bounds [0x000002215abb0000, 0x000002215ae20000, 0x000002215b150000]
CodeCache: size=245760Kb, used=20304Kb, max_used=20751Kb, free=225454Kb
 total_blobs=8433, nmethods=7642, adapters=695, full_count=0
Compilation: enabled, stopped_count=0, restarted_count=0

Compilation events (20 events):
Event: 7.898 Thread 0x00000221681d4780 8622       3       com.android.build.gradle.options.ProjectOptions$OptionValue::<init> (15 bytes)
Event: 7.898 Thread 0x00000221681d4780 nmethod 8622 0x0000022153697090 code [0x0000022153697240, 0x0000022153697460]
Event: 7.898 Thread 0x00000221681d4780 8623       3       com.google.common.collect.ImmutableMap$Builder::put (35 bytes)
Event: 7.899 Thread 0x00000221681d4780 nmethod 8623 0x0000022153696590 code [0x00000221536967a0, 0x0000022153696df8]
Event: 7.899 Thread 0x00000221681d4780 8624       3       com.google.common.collect.ImmutableMapEntry::<init> (12 bytes)
Event: 7.899 Thread 0x00000221681d4780 nmethod 8624 0x0000022153695e10 code [0x0000022153695fe0, 0x00000221536962e8]
Event: 7.899 Thread 0x00000221681d4780 8625       3       com.google.common.collect.ImmutableEntry::<init> (15 bytes)
Event: 7.900 Thread 0x00000221681d4780 nmethod 8625 0x0000022153bc8390 code [0x0000022153bc8540, 0x0000022153bc87c0]
Event: 7.900 Thread 0x00000221681d4780 8626       3       com.google.common.collect.AbstractMapEntry::<init> (5 bytes)
Event: 7.900 Thread 0x00000221681d4780 nmethod 8626 0x0000022153bc7f90 code [0x0000022153bc8140, 0x0000022153bc82a8]
Event: 7.943 Thread 0x00000221681a1ca0 8627       4       com.google.common.base.Preconditions::checkElementIndex (25 bytes)
Event: 7.943 Thread 0x00000221683eb190 8628       4       com.google.common.collect.SingletonImmutableList::get (11 bytes)
Event: 7.943 Thread 0x00000221681d4780 8629       1       org.gradle.api.internal.provider.ValueSupplier$Missing::orNull (2 bytes)
Event: 7.943 Thread 0x00000221681d4780 nmethod 8629 0x000002215b2a5c10 code [0x000002215b2a5da0, 0x000002215b2a5e70]
Event: 7.944 Thread 0x00000221681a1ca0 nmethod 8627 0x000002215b2a5910 code [0x000002215b2a5aa0, 0x000002215b2a5b50]
Event: 7.944 Thread 0x00000221683eb190 nmethod 8628 0x000002215b2a5610 code [0x000002215b2a57a0, 0x000002215b2a5850]
Event: 7.949 Thread 0x00000221681d4780 8630       3       org.gradle.api.internal.provider.AbstractMinimalProvider::getOrNull (13 bytes)
Event: 7.950 Thread 0x00000221681d4780 nmethod 8630 0x0000022153bc7a10 code [0x0000022153bc7be0, 0x0000022153bc7e70]
Event: 7.950 Thread 0x00000221681d4780 8631       3       com.google.common.collect.AbstractIndexedListIterator::hasNext (17 bytes)
Event: 7.950 Thread 0x00000221681d4780 nmethod 8631 0x0000022153d4f190 code [0x0000022153d4f320, 0x0000022153d4f488]

GC Heap History (20 events):
Event: 3.726 GC heap after
{Heap after GC invocations=10 (full 0):
 garbage-first heap   total 82944K, used 27332K [0x0000000080000000, 0x0000000100000000)
  region size 1024K, 6 young (6144K), 6 survivors (6144K)
 Metaspace       used 41409K, committed 42560K, reserved 1114112K
  class space    used 5755K, committed 6336K, reserved 1048576K
}
Event: 4.213 GC heap before
{Heap before GC invocations=10 (full 0):
 garbage-first heap   total 82944K, used 69316K [0x0000000080000000, 0x0000000100000000)
  region size 1024K, 48 young (49152K), 6 survivors (6144K)
 Metaspace       used 48234K, committed 49536K, reserved 1114112K
  class space    used 6698K, committed 7360K, reserved 1048576K
}
Event: 4.219 GC heap after
{Heap after GC invocations=11 (full 0):
 garbage-first heap   total 82944K, used 30641K [0x0000000080000000, 0x0000000100000000)
  region size 1024K, 6 young (6144K), 6 survivors (6144K)
 Metaspace       used 48234K, committed 49536K, reserved 1114112K
  class space    used 6698K, committed 7360K, reserved 1048576K
}
Event: 4.637 GC heap before
{Heap before GC invocations=11 (full 0):
 garbage-first heap   total 82944K, used 71601K [0x0000000080000000, 0x0000000100000000)
  region size 1024K, 46 young (47104K), 6 survivors (6144K)
 Metaspace       used 53407K, committed 54912K, reserved 1114112K
  class space    used 7528K, committed 8256K, reserved 1048576K
}
Event: 4.643 GC heap after
{Heap after GC invocations=12 (full 0):
 garbage-first heap   total 100352K, used 34320K [0x0000000080000000, 0x0000000100000000)
  region size 1024K, 4 young (4096K), 4 survivors (4096K)
 Metaspace       used 53407K, committed 54912K, reserved 1114112K
  class space    used 7528K, committed 8256K, reserved 1048576K
}
Event: 5.123 GC heap before
{Heap before GC invocations=12 (full 0):
 garbage-first heap   total 100352K, used 89616K [0x0000000080000000, 0x0000000100000000)
  region size 1024K, 56 young (57344K), 4 survivors (4096K)
 Metaspace       used 56050K, committed 57728K, reserved 1114112K
  class space    used 7957K, committed 8768K, reserved 1048576K
}
Event: 5.127 GC heap after
{Heap after GC invocations=13 (full 0):
 garbage-first heap   total 100352K, used 40239K [0x0000000080000000, 0x0000000100000000)
  region size 1024K, 7 young (7168K), 7 survivors (7168K)
 Metaspace       used 56050K, committed 57728K, reserved 1114112K
  class space    used 7957K, committed 8768K, reserved 1048576K
}
Event: 5.381 GC heap before
{Heap before GC invocations=13 (full 0):
 garbage-first heap   total 100352K, used 60719K [0x0000000080000000, 0x0000000100000000)
  region size 1024K, 28 young (28672K), 7 survivors (7168K)
 Metaspace       used 58343K, committed 60096K, reserved 1114112K
  class space    used 8306K, committed 9152K, reserved 1048576K
}
Event: 5.385 GC heap after
{Heap after GC invocations=14 (full 0):
 garbage-first heap   total 100352K, used 41867K [0x0000000080000000, 0x0000000100000000)
  region size 1024K, 2 young (2048K), 2 survivors (2048K)
 Metaspace       used 58343K, committed 60096K, reserved 1114112K
  class space    used 8306K, committed 9152K, reserved 1048576K
}
Event: 5.947 GC heap before
{Heap before GC invocations=15 (full 0):
 garbage-first heap   total 100352K, used 88971K [0x0000000080000000, 0x0000000100000000)
  region size 1024K, 48 young (49152K), 2 survivors (2048K)
 Metaspace       used 64814K, committed 66560K, reserved 1114112K
  class space    used 9289K, committed 10112K, reserved 1048576K
}
Event: 5.951 GC heap after
{Heap after GC invocations=16 (full 0):
 garbage-first heap   total 100352K, used 43576K [0x0000000080000000, 0x0000000100000000)
  region size 1024K, 4 young (4096K), 4 survivors (4096K)
 Metaspace       used 64814K, committed 66560K, reserved 1114112K
  class space    used 9289K, committed 10112K, reserved 1048576K
}
Event: 6.606 GC heap before
{Heap before GC invocations=16 (full 0):
 garbage-first heap   total 100352K, used 88632K [0x0000000080000000, 0x0000000100000000)
  region size 1024K, 48 young (49152K), 4 survivors (4096K)
 Metaspace       used 69789K, committed 71680K, reserved 1114112K
  class space    used 10037K, committed 10944K, reserved 1048576K
}
Event: 6.612 GC heap after
{Heap after GC invocations=17 (full 0):
 garbage-first heap   total 100352K, used 46844K [0x0000000080000000, 0x0000000100000000)
  region size 1024K, 6 young (6144K), 6 survivors (6144K)
 Metaspace       used 69789K, committed 71680K, reserved 1114112K
  class space    used 10037K, committed 10944K, reserved 1048576K
}
Event: 6.893 GC heap before
{Heap before GC invocations=17 (full 0):
 garbage-first heap   total 100352K, used 86780K [0x0000000080000000, 0x0000000100000000)
  region size 1024K, 46 young (47104K), 6 survivors (6144K)
 Metaspace       used 70395K, committed 72320K, reserved 1114112K
  class space    used 10067K, committed 11008K, reserved 1048576K
}
Event: 6.899 GC heap after
{Heap after GC invocations=18 (full 0):
 garbage-first heap   total 100352K, used 51015K [0x0000000080000000, 0x0000000100000000)
  region size 1024K, 4 young (4096K), 4 survivors (4096K)
 Metaspace       used 70395K, committed 72320K, reserved 1114112K
  class space    used 10067K, committed 11008K, reserved 1048576K
}
Event: 7.102 GC heap before
{Heap before GC invocations=18 (full 0):
 garbage-first heap   total 100352K, used 88903K [0x0000000080000000, 0x0000000100000000)
  region size 1024K, 42 young (43008K), 4 survivors (4096K)
 Metaspace       used 70693K, committed 72640K, reserved 1114112K
  class space    used 10067K, committed 11008K, reserved 1048576K
}
Event: 7.106 GC heap after
{Heap after GC invocations=19 (full 0):
 garbage-first heap   total 100352K, used 53420K [0x0000000080000000, 0x0000000100000000)
  region size 1024K, 4 young (4096K), 4 survivors (4096K)
 Metaspace       used 70693K, committed 72640K, reserved 1114112K
  class space    used 10067K, committed 11008K, reserved 1048576K
}
Event: 7.400 GC heap before
{Heap before GC invocations=20 (full 0):
 garbage-first heap   total 100352K, used 87212K [0x0000000080000000, 0x0000000100000000)
  region size 1024K, 38 young (38912K), 4 survivors (4096K)
 Metaspace       used 71066K, committed 73024K, reserved 1114112K
  class space    used 10131K, committed 11072K, reserved 1048576K
}
Event: 7.404 GC heap after
{Heap after GC invocations=21 (full 0):
 garbage-first heap   total 100352K, used 57044K [0x0000000080000000, 0x0000000100000000)
  region size 1024K, 4 young (4096K), 4 survivors (4096K)
 Metaspace       used 71066K, committed 73024K, reserved 1114112K
  class space    used 10131K, committed 11072K, reserved 1048576K
}
Event: 7.952 GC heap before
{Heap before GC invocations=21 (full 0):
 garbage-first heap   total 100352K, used 98004K [0x0000000080000000, 0x0000000100000000)
  region size 1024K, 36 young (36864K), 4 survivors (4096K)
 Metaspace       used 73004K, committed 74944K, reserved 1114112K
  class space    used 10373K, committed 11328K, reserved 1048576K
}

Dll operation events (3 events):
Event: 0.009 Loaded shared library C:\Program Files\Android\Android Studio\jbr\bin\java.dll
Event: 0.014 Loaded shared library C:\Program Files\Android\Android Studio\jbr\bin\zip.dll
Event: 0.645 Loaded shared library C:\Program Files\Android\Android Studio\jbr\bin\verify.dll

Deoptimization events (20 events):
Event: 7.666 Thread 0x000002216e4b57d0 Uncommon trap: trap_request=0xffffff45 fr.pc=0x000002215b496af4 relative=0x00000000000082b4
Event: 7.666 Thread 0x000002216e4b57d0 Uncommon trap: reason=unstable_if action=reinterpret pc=0x000002215b496af4 method=sun.reflect.annotation.AnnotationParser.parseMemberValue(Ljava/lang/Class;Ljava/nio/ByteBuffer;Ljdk/internal/reflect/ConstantPool;Ljava/lang/Class;)Ljava/lang/Object; @ 11 c
Event: 7.666 Thread 0x000002216e4b57d0 DEOPT PACKING pc=0x000002215b496af4 sp=0x00000057c71f7000
Event: 7.666 Thread 0x000002216e4b57d0 DEOPT UNPACKING pc=0x000002215ac046a2 sp=0x00000057c71f6e68 mode 2
Event: 7.751 Thread 0x000002216e4b57d0 Uncommon trap: trap_request=0xffffffc6 fr.pc=0x000002215b582f14 relative=0x00000000000003b4
Event: 7.751 Thread 0x000002216e4b57d0 Uncommon trap: reason=bimorphic_or_optimized_type_check action=maybe_recompile pc=0x000002215b582f14 method=com.google.common.cache.LocalCache$Segment.getEntry(Ljava/lang/Object;I)Lcom/google/common/cache/ReferenceEntry; @ 11 c2
Event: 7.751 Thread 0x000002216e4b57d0 DEOPT PACKING pc=0x000002215b582f14 sp=0x00000057c71f6e30
Event: 7.751 Thread 0x000002216e4b57d0 DEOPT UNPACKING pc=0x000002215ac046a2 sp=0x00000057c71f6dc8 mode 2
Event: 7.785 Thread 0x000002216e4b57d0 Uncommon trap: trap_request=0xffffffd6 fr.pc=0x000002215b52f66c relative=0x00000000000003ac
Event: 7.785 Thread 0x000002216e4b57d0 Uncommon trap: reason=array_check action=maybe_recompile pc=0x000002215b52f66c method=java.util.LinkedHashMap.keysToArray([Ljava/lang/Object;Z)[Ljava/lang/Object; @ 67 c2
Event: 7.785 Thread 0x000002216e4b57d0 DEOPT PACKING pc=0x000002215b52f66c sp=0x00000057c71f5bc0
Event: 7.785 Thread 0x000002216e4b57d0 DEOPT UNPACKING pc=0x000002215ac046a2 sp=0x00000057c71f5b60 mode 2
Event: 7.807 Thread 0x000002216e4b57d0 Uncommon trap: trap_request=0xffffffde fr.pc=0x000002215b4c44b4 relative=0x0000000000007254
Event: 7.807 Thread 0x000002216e4b57d0 Uncommon trap: reason=class_check action=maybe_recompile pc=0x000002215b4c44b4 method=java.util.jar.JarFile.getManifestFromReference()Ljava/util/jar/Manifest; @ 152 c2
Event: 7.807 Thread 0x000002216e4b57d0 DEOPT PACKING pc=0x000002215b4c44b4 sp=0x00000057c71f4990
Event: 7.807 Thread 0x000002216e4b57d0 DEOPT UNPACKING pc=0x000002215ac046a2 sp=0x00000057c71f4650 mode 2
Event: 7.907 Thread 0x000002216e4b57d0 Uncommon trap: trap_request=0xffffff45 fr.pc=0x000002215b3009d4 relative=0x0000000000000134
Event: 7.907 Thread 0x000002216e4b57d0 Uncommon trap: reason=unstable_if action=reinterpret pc=0x000002215b3009d4 method=jdk.internal.org.objectweb.asm.ByteVector.putInt(I)Ljdk/internal/org/objectweb/asm/ByteVector; @ 13 c2
Event: 7.907 Thread 0x000002216e4b57d0 DEOPT PACKING pc=0x000002215b3009d4 sp=0x00000057c71f5f90
Event: 7.907 Thread 0x000002216e4b57d0 DEOPT UNPACKING pc=0x000002215ac046a2 sp=0x00000057c71f5f28 mode 2

Classes loaded (20 events):
Event: 7.297 Loading class java/io/FileBeanInfo
Event: 7.297 Loading class java/io/FileBeanInfo done
Event: 7.298 Loading class java/io/FileBeanInfo
Event: 7.298 Loading class java/io/FileBeanInfo done
Event: 7.298 Loading class java/io/FileCustomizer
Event: 7.298 Loading class java/io/FileCustomizer done
Event: 7.298 Loading class java/io/FileCustomizer
Event: 7.298 Loading class java/io/FileCustomizer done
Event: 7.317 Loading class java/util/AbstractCollectionBeanInfo
Event: 7.317 Loading class java/util/AbstractCollectionBeanInfo done
Event: 7.317 Loading class java/util/AbstractCollectionBeanInfo
Event: 7.317 Loading class java/util/AbstractCollectionBeanInfo done
Event: 7.317 Loading class java/util/AbstractCollectionCustomizer
Event: 7.317 Loading class java/util/AbstractCollectionCustomizer done
Event: 7.317 Loading class java/util/AbstractCollectionCustomizer
Event: 7.317 Loading class java/util/AbstractCollectionCustomizer done
Event: 7.334 Loading class java/util/stream/SortedOps$RefSortingSink
Event: 7.334 Loading class java/util/stream/SortedOps$RefSortingSink done
Event: 7.342 Loading class java/time/Ser
Event: 7.342 Loading class java/time/Ser done

Classes unloaded (0 events):
No events

Classes redefined (0 events):
No events

Internal exceptions (20 events):
Event: 7.317 Thread 0x000002216e4b57d0 Exception <a 'java/lang/ClassNotFoundException'{0x0000000084136bd0}: org/gradle/api/internal/DefaultDomainObjectCollectionBeanInfo> (0x0000000084136bd0) 
thrown [s\src\hotspot\share\classfile\systemDictionary.cpp, line 312]
Event: 7.317 Thread 0x000002216e4b57d0 Exception <a 'java/lang/ClassNotFoundException'{0x000000008413d0c8}: java/util/AbstractCollectionBeanInfo> (0x000000008413d0c8) 
thrown [s\src\hotspot\share\classfile\systemDictionary.cpp, line 312]
Event: 7.317 Thread 0x000002216e4b57d0 Exception <a 'java/lang/ClassNotFoundException'{0x00000000841435a0}: java/util/AbstractCollectionCustomizer> (0x00000000841435a0) 
thrown [s\src\hotspot\share\classfile\systemDictionary.cpp, line 312]
Event: 7.317 Thread 0x000002216e4b57d0 Exception <a 'java/lang/ClassNotFoundException'{0x000000008415e730}: org/gradle/api/internal/DefaultDomainObjectCollectionCustomizer> (0x000000008415e730) 
thrown [s\src\hotspot\share\classfile\systemDictionary.cpp, line 312]
Event: 7.319 Thread 0x000002216e4b57d0 Exception <a 'java/lang/ClassNotFoundException'{0x0000000084191440}: org/gradle/api/internal/DefaultNamedDomainObjectCollectionCustomizer> (0x0000000084191440) 
thrown [s\src\hotspot\share\classfile\systemDictionary.cpp, line 312]
Event: 7.322 Thread 0x000002216e4b57d0 Exception <a 'java/lang/ClassNotFoundException'{0x00000000841d31c0}: org/gradle/api/internal/DefaultNamedDomainObjectSetCustomizer> (0x00000000841d31c0) 
thrown [s\src\hotspot\share\classfile\systemDictionary.cpp, line 312]
Event: 7.324 Thread 0x000002216e4b57d0 Exception <a 'java/lang/ClassNotFoundException'{0x000000008400def8}: org/gradle/api/internal/tasks/DefaultTaskCollectionCustomizer> (0x000000008400def8) 
thrown [s\src\hotspot\share\classfile\systemDictionary.cpp, line 312]
Event: 7.326 Thread 0x000002216e4b57d0 Exception <a 'java/lang/ClassNotFoundException'{0x000000008406dc68}: org/gradle/api/internal/tasks/DefaultTaskCollection_DecoratedCustomizer> (0x000000008406dc68) 
thrown [s\src\hotspot\share\classfile\systemDictionary.cpp, line 312]
Event: 7.337 Thread 0x000002216e4b78a0 Exception <a 'java/lang/NoSuchMethodError'{0x0000000083f08be0}: static Lorg/gradle/internal/build/event/types/DefaultOperationFinishedProgressEvent;.<clinit>()V> (0x0000000083f08be0) 
thrown [s\src\hotspot\share\prims\jni.cpp, line 1144]
Event: 7.340 Thread 0x000002216e4b78a0 Exception <a 'java/lang/NoSuchMethodError'{0x0000000083f329d8}: static Lorg/gradle/internal/build/event/types/DefaultProjectConfigurationSuccessResult;.<clinit>()V> (0x0000000083f329d8) 
thrown [s\src\hotspot\share\prims\jni.cpp, line 1144]
Event: 7.340 Thread 0x000002216e4b78a0 Exception <a 'java/lang/NoSuchMethodError'{0x0000000083f33cf8}: static Lorg/gradle/internal/build/event/types/AbstractProjectConfigurationResult;.<clinit>()V> (0x0000000083f33cf8) 
thrown [s\src\hotspot\share\prims\jni.cpp, line 1144]
Event: 7.340 Thread 0x000002216e4b78a0 Exception <a 'java/lang/NoSuchMethodError'{0x0000000083f35558}: static Lorg/gradle/internal/build/event/types/AbstractOperationResult;.<clinit>()V> (0x0000000083f35558) 
thrown [s\src\hotspot\share\prims\jni.cpp, line 1144]
Event: 7.340 Thread 0x000002216e4b78a0 Exception <a 'java/lang/NoSuchMethodError'{0x0000000083f36730}: static Lorg/gradle/internal/build/event/types/AbstractResult;.<clinit>()V> (0x0000000083f36730) 
thrown [s\src\hotspot\share\prims\jni.cpp, line 1144]
Event: 7.341 Thread 0x000002216e4b78a0 Exception <a 'java/lang/NoSuchMethodError'{0x0000000083f4ff40}: static Lorg/gradle/internal/build/event/types/DefaultPluginApplicationResult;.<clinit>()V> (0x0000000083f4ff40) 
thrown [s\src\hotspot\share\prims\jni.cpp, line 1144]
Event: 7.341 Thread 0x000002216e4b78a0 Exception <a 'java/lang/NoSuchMethodError'{0x0000000083fb1500}: static Lorg/gradle/internal/build/event/types/DefaultBinaryPluginIdentifier;.<clinit>()V> (0x0000000083fb1500) 
thrown [s\src\hotspot\share\prims\jni.cpp, line 1144]
Event: 7.343 Thread 0x000002216e4b78a0 Exception <a 'java/lang/NoSuchMethodError'{0x0000000083fcb298}: static Lorg/gradle/internal/build/event/types/DefaultScriptPluginIdentifier;.<clinit>()V> (0x0000000083fcb298) 
thrown [s\src\hotspot\share\prims\jni.cpp, line 1144]
Event: 7.397 Thread 0x000002216e4b57d0 Implicit null exception at 0x000002215b4f305d to 0x000002215b4f3533
Event: 7.397 Thread 0x000002216e4b57d0 Implicit null exception at 0x000002215b4f593f to 0x000002215b4f5e20
Event: 7.554 Thread 0x000002216e4b57d0 Exception <a 'java/lang/ClassNotFoundException'{0x000000008de87810}: org/gradle/api/internal/plugins/DefaultObjectConfigurationActionBeanInfo> (0x000000008de87810) 
thrown [s\src\hotspot\share\classfile\systemDictionary.cpp, line 312]
Event: 7.555 Thread 0x000002216e4b57d0 Exception <a 'java/lang/ClassNotFoundException'{0x000000008de9caa8}: org/gradle/api/internal/plugins/DefaultObjectConfigurationActionCustomizer> (0x000000008de9caa8) 
thrown [s\src\hotspot\share\classfile\systemDictionary.cpp, line 312]

ZGC Phase Switch (0 events):
No events

VM Operations (20 events):
Event: 6.612 Executing VM operation: G1CollectForAllocation (G1 Evacuation Pause) done
Event: 6.732 Executing VM operation: ICBufferFull
Event: 6.732 Executing VM operation: ICBufferFull done
Event: 6.826 Executing VM operation: ICBufferFull
Event: 6.826 Executing VM operation: ICBufferFull done
Event: 6.826 Executing VM operation: ICBufferFull
Event: 6.826 Executing VM operation: ICBufferFull done
Event: 6.892 Executing VM operation: G1CollectForAllocation (G1 Evacuation Pause)
Event: 6.899 Executing VM operation: G1CollectForAllocation (G1 Evacuation Pause) done
Event: 7.102 Executing VM operation: G1CollectForAllocation (G1 Evacuation Pause)
Event: 7.106 Executing VM operation: G1CollectForAllocation (G1 Evacuation Pause) done
Event: 7.140 Executing VM operation: G1PauseRemark
Event: 7.144 Executing VM operation: G1PauseRemark done
Event: 7.160 Executing VM operation: G1PauseCleanup
Event: 7.160 Executing VM operation: G1PauseCleanup done
Event: 7.350 Executing VM operation: ICBufferFull
Event: 7.350 Executing VM operation: ICBufferFull done
Event: 7.400 Executing VM operation: G1CollectForAllocation (G1 Evacuation Pause)
Event: 7.404 Executing VM operation: G1CollectForAllocation (G1 Evacuation Pause) done
Event: 7.951 Executing VM operation: G1CollectForAllocation (G1 Evacuation Pause)

Memory protections (0 events):
No events

Nmethod flushes (20 events):
Event: 7.143 Thread 0x0000022168052680 flushing  nmethod 0x0000022153876090
Event: 7.143 Thread 0x0000022168052680 flushing  nmethod 0x0000022153876710
Event: 7.143 Thread 0x0000022168052680 flushing  nmethod 0x0000022153958390
Event: 7.143 Thread 0x0000022168052680 flushing  nmethod 0x000002215395a110
Event: 7.143 Thread 0x0000022168052680 flushing  nmethod 0x000002215399fb10
Event: 7.143 Thread 0x0000022168052680 flushing  nmethod 0x00000221539a0410
Event: 7.143 Thread 0x0000022168052680 flushing  nmethod 0x00000221539a1c10
Event: 7.143 Thread 0x0000022168052680 flushing  nmethod 0x00000221539a3010
Event: 7.143 Thread 0x0000022168052680 flushing  nmethod 0x00000221539a6d90
Event: 7.143 Thread 0x0000022168052680 flushing  nmethod 0x0000022153a1f090
Event: 7.143 Thread 0x0000022168052680 flushing  nmethod 0x0000022153a1f790
Event: 7.143 Thread 0x0000022168052680 flushing  nmethod 0x0000022153a1fb10
Event: 7.143 Thread 0x0000022168052680 flushing  nmethod 0x0000022153a1ff10
Event: 7.143 Thread 0x0000022168052680 flushing  nmethod 0x0000022153a24090
Event: 7.143 Thread 0x0000022168052680 flushing  nmethod 0x0000022153de9190
Event: 7.143 Thread 0x0000022168052680 flushing  nmethod 0x0000022153dea390
Event: 7.143 Thread 0x0000022168052680 flushing  nmethod 0x0000022153deaf10
Event: 7.143 Thread 0x0000022168052680 flushing  nmethod 0x0000022153deb510
Event: 7.143 Thread 0x0000022168052680 flushing  nmethod 0x0000022153df4490
Event: 7.143 Thread 0x0000022168052680 flushing  nmethod 0x0000022153e81c90

Events (20 events):
Event: 6.691 Thread 0x000002216e4b57d0 Thread added: 0x00000221703c5300
Event: 6.692 Thread 0x000002216e4b57d0 Thread added: 0x00000221703c1e80
Event: 6.693 Thread 0x000002216e4b57d0 Thread added: 0x00000221703c7a60
Event: 6.694 Thread 0x000002216e4b57d0 Thread added: 0x00000221703c66b0
Event: 6.695 Thread 0x000002216e4b57d0 Thread added: 0x00000221703c80f0
Event: 6.697 Thread 0x000002216e4b57d0 Thread added: 0x00000221703c6d40
Event: 6.699 Thread 0x000002216e4b57d0 Thread added: 0x00000221703c5990
Event: 6.819 Thread 0x000002216e4b57d0 Thread added: 0x00000221703c8e10
Event: 6.819 Thread 0x000002216e4b57d0 Thread added: 0x00000221703c6020
Event: 6.820 Thread 0x000002216e4b57d0 Thread added: 0x00000221703c73d0
Event: 6.820 Thread 0x000002216e4b57d0 Thread added: 0x00000221703c8780
Event: 6.821 Thread 0x000002216e4b57d0 Thread added: 0x000002216f8f8360
Event: 6.821 Thread 0x000002216e4b57d0 Thread added: 0x000002216f8f6fb0
Event: 6.821 Thread 0x000002216e4b57d0 Thread added: 0x000002216f8f89f0
Event: 6.822 Thread 0x000002216e4b57d0 Thread added: 0x000002216f8f9080
Event: 6.822 Thread 0x000002216e4b57d0 Thread added: 0x000002216f8f7640
Event: 6.822 Thread 0x000002216e4b57d0 Thread added: 0x000002216f8f6920
Event: 6.823 Thread 0x000002216e4b57d0 Thread added: 0x000002216f8f9710
Event: 6.947 Thread 0x00000221681d4780 Thread added: 0x000002216f8e8840
Event: 7.601 Thread 0x000002216f8e8840 Thread exited: 0x000002216f8e8840


Dynamic libraries:
0x00007ff613a60000 - 0x00007ff613a6a000 	C:\Program Files\Android\Android Studio\jbr\bin\java.exe
0x00007ffa6e680000 - 0x00007ffa6e8e7000 	C:\WINDOWS\SYSTEM32\ntdll.dll
0x00007ffa6c8f0000 - 0x00007ffa6c9b9000 	C:\WINDOWS\System32\KERNEL32.DLL
0x00007ffa6b280000 - 0x00007ffa6b674000 	C:\WINDOWS\System32\KERNELBASE.dll
0x00007ffa6c2c0000 - 0x00007ffa6c40b000 	C:\WINDOWS\System32\ucrtbase.dll
0x00007ffa69030000 - 0x00007ffa6904b000 	C:\Program Files\Android\Android Studio\jbr\bin\VCRUNTIME140.dll
0x00007ffa54b90000 - 0x00007ffa54ba8000 	C:\Program Files\Android\Android Studio\jbr\bin\jli.dll
0x00007ffa6ca20000 - 0x00007ffa6cbe5000 	C:\WINDOWS\System32\USER32.dll
0x00007ffa6b680000 - 0x00007ffa6b6a7000 	C:\WINDOWS\System32\win32u.dll
0x00007ffa542d0000 - 0x00007ffa54563000 	C:\WINDOWS\WinSxS\amd64_microsoft.windows.common-controls_6595b64144ccf1df_6.0.26100.8115_none_3e075c82e3354f9c\COMCTL32.dll
0x00007ffa6d150000 - 0x00007ffa6d17b000 	C:\WINDOWS\System32\GDI32.dll
0x00007ffa6b150000 - 0x00007ffa6b27a000 	C:\WINDOWS\System32\gdi32full.dll
0x00007ffa6cde0000 - 0x00007ffa6ce89000 	C:\WINDOWS\System32\msvcrt.dll
0x00007ffa6b0a0000 - 0x00007ffa6b143000 	C:\WINDOWS\System32\msvcp_win.dll
0x00007ffa6c9c0000 - 0x00007ffa6c9f2000 	C:\WINDOWS\System32\IMM32.DLL
0x00007ffa68430000 - 0x00007ffa6843c000 	C:\Program Files\Android\Android Studio\jbr\bin\vcruntime140_1.dll
0x00007ffa1bfb0000 - 0x00007ffa1c03d000 	C:\Program Files\Android\Android Studio\jbr\bin\msvcp140.dll
0x00007ff9dfc70000 - 0x00007ff9e0906000 	C:\Program Files\Android\Android Studio\jbr\bin\server\jvm.dll
0x00007ffa6d030000 - 0x00007ffa6d0e6000 	C:\WINDOWS\System32\ADVAPI32.dll
0x00007ffa6d380000 - 0x00007ffa6d427000 	C:\WINDOWS\System32\sechost.dll
0x00007ffa6d890000 - 0x00007ffa6d9a8000 	C:\WINDOWS\System32\RPCRT4.dll
0x00007ffa6d2f0000 - 0x00007ffa6d370000 	C:\WINDOWS\System32\WS2_32.dll
0x00007ffa6adb0000 - 0x00007ffa6ae0e000 	C:\WINDOWS\SYSTEM32\POWRPROF.dll
0x00007ffa60010000 - 0x00007ffa60046000 	C:\WINDOWS\SYSTEM32\WINMM.dll
0x00007ffa515f0000 - 0x00007ffa515fb000 	C:\WINDOWS\SYSTEM32\VERSION.dll
0x00007ffa6ad90000 - 0x00007ffa6ada4000 	C:\WINDOWS\SYSTEM32\UMPDC.dll
0x00007ffa69c40000 - 0x00007ffa69c5b000 	C:\WINDOWS\SYSTEM32\kernel.appcore.dll
0x00007ffa68420000 - 0x00007ffa6842a000 	C:\Program Files\Android\Android Studio\jbr\bin\jimage.dll
0x00007ffa68c30000 - 0x00007ffa68e72000 	C:\WINDOWS\SYSTEM32\DBGHELP.DLL
0x00007ffa6c560000 - 0x00007ffa6c8e2000 	C:\WINDOWS\System32\combase.dll
0x00007ffa6d430000 - 0x00007ffa6d507000 	C:\WINDOWS\System32\OLEAUT32.dll
0x00007ffa3d8e0000 - 0x00007ffa3d91b000 	C:\WINDOWS\SYSTEM32\dbgcore.DLL
0x00007ffa6c090000 - 0x00007ffa6c135000 	C:\WINDOWS\System32\bcryptPrimitives.dll
0x00007ffa66260000 - 0x00007ffa6626e000 	C:\Program Files\Android\Android Studio\jbr\bin\instrument.dll
0x00007ffa680f0000 - 0x00007ffa68110000 	C:\Program Files\Android\Android Studio\jbr\bin\java.dll
0x00007ffa68040000 - 0x00007ffa68058000 	C:\Program Files\Android\Android Studio\jbr\bin\zip.dll
0x00007ffa6da00000 - 0x00007ffa6e166000 	C:\WINDOWS\System32\SHELL32.dll
0x00007ffa6b6b0000 - 0x00007ffa6b81a000 	C:\WINDOWS\System32\wintypes.dll
0x00007ffa6b820000 - 0x00007ffa6c085000 	C:\WINDOWS\System32\windows.storage.dll
0x00007ffa6d620000 - 0x00007ffa6d717000 	C:\WINDOWS\System32\SHCORE.dll
0x00007ffa6d820000 - 0x00007ffa6d886000 	C:\WINDOWS\System32\shlwapi.dll
0x00007ffa6ae70000 - 0x00007ffa6ae99000 	C:\WINDOWS\SYSTEM32\profapi.dll
0x00007ffa68030000 - 0x00007ffa68040000 	C:\Program Files\Android\Android Studio\jbr\bin\net.dll
0x00007ffa657e0000 - 0x00007ffa6590d000 	C:\WINDOWS\SYSTEM32\WINHTTP.dll
0x00007ffa6a250000 - 0x00007ffa6a2bc000 	C:\WINDOWS\system32\mswsock.dll
0x00007ffa660b0000 - 0x00007ffa660c6000 	C:\Program Files\Android\Android Studio\jbr\bin\nio.dll
0x00007ffa63c00000 - 0x00007ffa63c10000 	C:\Program Files\Android\Android Studio\jbr\bin\verify.dll
0x00007ffa54610000 - 0x00007ffa54637000 	C:\Users\Andre\.gradle\native\1def1411415f61bf3af743bc5b6707747c0891f09f0c88961ee8f79bc544acac\windows-amd64\native-platform.dll
0x00007ffa63370000 - 0x00007ffa633e7000 	C:\Users\Andre\.gradle\native\0.2.8\x86_64-windows-gnu\gradle-fileevents.dll
0x00007ffa63e40000 - 0x00007ffa63e49000 	C:\Program Files\Android\Android Studio\jbr\bin\management.dll
0x00007ffa63c20000 - 0x00007ffa63c2b000 	C:\Program Files\Android\Android Studio\jbr\bin\management_ext.dll
0x00007ffa6d2e0000 - 0x00007ffa6d2e8000 	C:\WINDOWS\System32\PSAPI.DLL
0x00007ffa696e0000 - 0x00007ffa69712000 	C:\WINDOWS\SYSTEM32\IPHLPAPI.DLL
0x00007ffa6c550000 - 0x00007ffa6c55a000 	C:\WINDOWS\System32\NSI.dll
0x00007ffa63e50000 - 0x00007ffa63e59000 	C:\Program Files\Android\Android Studio\jbr\bin\extnet.dll
0x00007ffa6a540000 - 0x00007ffa6a55b000 	C:\WINDOWS\SYSTEM32\CRYPTSP.dll
0x00007ffa69c60000 - 0x00007ffa69c99000 	C:\WINDOWS\system32\rsaenh.dll
0x00007ffa6a300000 - 0x00007ffa6a333000 	C:\WINDOWS\SYSTEM32\USERENV.dll
0x00007ffa6ae40000 - 0x00007ffa6ae6a000 	C:\WINDOWS\SYSTEM32\bcrypt.dll
0x00007ffa6a530000 - 0x00007ffa6a53c000 	C:\WINDOWS\SYSTEM32\CRYPTBASE.dll
0x00007ffa40650000 - 0x00007ffa40658000 	C:\WINDOWS\system32\wshunix.dll

JVMTI agents:
C:\Users\Andre\.gradle\wrapper\dists\gradle-9.1.0-bin\9agqghryom9wkf8r80qlhnts3\gradle-9.1.0\lib\agents\gradle-instrumentation-agent-9.1.0.jar path:C:\Program Files\Android\Android Studio\jbr\bin\instrument.dll, loaded, initialized, instrumentlib options:none

dbghelp: loaded successfully - version: 4.0.5 - missing functions: none
symbol engine: initialized successfully - sym options: 0x614 - pdb path: .;C:\Program Files\Android\Android Studio\jbr\bin;C:\WINDOWS\SYSTEM32;C:\WINDOWS\WinSxS\amd64_microsoft.windows.common-controls_6595b64144ccf1df_6.0.26100.8115_none_3e075c82e3354f9c;C:\Program Files\Android\Android Studio\jbr\bin\server;C:\Users\Andre\.gradle\native\1def1411415f61bf3af743bc5b6707747c0891f09f0c88961ee8f79bc544acac\windows-amd64;C:\Users\Andre\.gradle\native\0.2.8\x86_64-windows-gnu

VM Arguments:
jvm_args: --add-opens=java.base/java.lang=ALL-UNNAMED --add-opens=java.base/java.lang.invoke=ALL-UNNAMED --add-opens=java.base/java.util=ALL-UNNAMED --add-opens=java.prefs/java.util.prefs=ALL-UNNAMED --add-exports=jdk.compiler/com.sun.tools.javac.api=ALL-UNNAMED --add-exports=jdk.compiler/com.sun.tools.javac.util=ALL-UNNAMED --add-opens=java.base/java.util=ALL-UNNAMED --add-opens=java.prefs/java.util.prefs=ALL-UNNAMED --add-opens=java.base/java.nio.charset=ALL-UNNAMED --add-opens=java.base/java.net=ALL-UNNAMED --add-opens=java.base/java.util.concurrent=ALL-UNNAMED --add-opens=java.base/java.util.concurrent.atomic=ALL-UNNAMED --add-opens=java.xml/javax.xml.namespace=ALL-UNNAMED --add-opens=java.base/java.time=ALL-UNNAMED -Xmx2048m -Dfile.encoding=UTF-8 -Duser.country=ID -Duser.language=en -Duser.variant -javaagent:C:\Users\Andre\.gradle\wrapper\dists\gradle-9.1.0-bin\9agqghryom9wkf8r80qlhnts3\gradle-9.1.0\lib\agents\gradle-instrumentation-agent-9.1.0.jar 
java_command: org.gradle.launcher.daemon.bootstrap.GradleDaemon 9.1.0
java_class_path (initial): C:\Users\Andre\.gradle\wrapper\dists\gradle-9.1.0-bin\9agqghryom9wkf8r80qlhnts3\gradle-9.1.0\lib\gradle-daemon-main-9.1.0.jar
Launcher Type: SUN_STANDARD

[Global flags]
     intx CICompilerCount                          = 4                                         {product} {ergonomic}
     uint ConcGCThreads                            = 3                                         {product} {ergonomic}
     uint G1ConcRefinementThreads                  = 10                                        {product} {ergonomic}
   size_t G1HeapRegionSize                         = 1048576                                   {product} {ergonomic}
    uintx GCDrainStackTargetSize                   = 64                                        {product} {ergonomic}
   size_t InitialHeapSize                          = 264241152                                 {product} {ergonomic}
   size_t MarkStackSize                            = 4194304                                   {product} {ergonomic}
   size_t MaxHeapSize                              = 2147483648                                {product} {command line}
   size_t MaxNewSize                               = 1287651328                                {product} {ergonomic}
   size_t MinHeapDeltaBytes                        = 1048576                                   {product} {ergonomic}
   size_t MinHeapSize                              = 8388608                                   {product} {ergonomic}
    uintx NonNMethodCodeHeapSize                   = 5839372                                {pd product} {ergonomic}
    uintx NonProfiledCodeHeapSize                  = 122909434                              {pd product} {ergonomic}
    uintx ProfiledCodeHeapSize                     = 122909434                              {pd product} {ergonomic}
    uintx ReservedCodeCacheSize                    = 251658240                              {pd product} {ergonomic}
     bool SegmentedCodeCache                       = true                                      {product} {ergonomic}
   size_t SoftMaxHeapSize                          = 2147483648                             {manageable} {ergonomic}
     bool UseCompressedOops                        = true                           {product lp64_product} {ergonomic}
     bool UseG1GC                                  = true                                      {product} {ergonomic}
     bool UseLargePagesIndividualAllocation        = false                                  {pd product} {ergonomic}

Logging:
Log output configuration:
 #0: stdout all=warning uptime,level,tags foldmultilines=false
 #1: stderr all=off uptime,level,tags foldmultilines=false

Environment Variables:
JAVA_HOME=C:\Users\Andre\AppData\Local\Programs\Eclipse Adoptium\jdk-21.0.9.10-hotspot\
PATH=C:\Program Files\BellSoft\LibericaJDK-21-Full\bin\;C:\Program Files\Common Files\Oracle\Java\javapath;C:\Program Files (x86)\Common Files\Oracle\Java\java8path;C:\Program Files (x86)\Common Files\Oracle\Java\javapath;C:\Users\Andre\Downloads\aircrack-ng-1.7-win\aircrack-ng-1.7-win\bin;C:\Program Files\dotnet\;C:\MinGW\bin;C:\Program Files\Java\jre1.8.0_431\bin;C:\Windows\System32;C:\Users\Andre\AppData\Local\Programs\Python\Python312\Scripts\;C:\Users\Andre\AppData\Local\Programs\Python\Python312\;C:\Users\Andre\AppData\Local\Programs\Python\Launcher\;C:\Users\Andre\AppData\Local\Programs\Microsoft VS Code\bin;C:\adb;C:\WINDOWS\system32;C:\WINDOWS;C:\WINDOWS\System32\Wbem;C:\WINDOWS\System32\WindowsPowerShell\v1.0\;C:\WINDOWS\System32\OpenSSH\;C:\Program Files\Git\cmd;C:\Program Files\nodejs\;C:\Program Files\PuTTY\;C:\Users\Andre\AppData\Local\Programs\Eclipse Adoptium\jdk-21.0.9.10-hotspot\bin;C:\Users\Andre\AppData\Local\Programs\Python\Python312\Scripts\;C:\Users\Andre\AppData\Local\Programs\Python\Python312\;C:\Users\Andre\AppData\Local\Programs\Python\Launcher\;C:\MinGW\bin;C:\Users\Andre\AppData\Local\Programs\Microsoft VS Code\bin;C:\Users\Andre\AppData\Local\Microsoft\WindowsApps;C:\Users\Andre\AppData\Roaming\npm
USERNAME=Andre
OS=Windows_NT
PROCESSOR_IDENTIFIER=Intel64 Family 6 Model 186 Stepping 3, GenuineIntel
TMP=C:\Users\Andre\AppData\Local\Temp
TEMP=C:\Users\Andre\AppData\Local\Temp




Periodic native trim disabled

JNI global refs:
JNI global refs: 27, weak refs: 0

JNI global refs memory usage: 835, weak refs: 833

Process memory usage:
Resident Set Size: 330136K (2% of 16473976K total physical memory with 2239020K free physical memory)

OOME stack traces (most recent first):
Classloader memory used:
Loader org.gradle.internal.classloader.VisitableURLClassLoader                         : 36848K
Loader bootstrap                                                                       : 22547K
Loader org.gradle.initialization.MixInLegacyTypesClassLoader                           : 11039K
Loader org.gradle.internal.classloader.VisitableURLClassLoader$InstrumentingVisitableURLClassLoader: 1810K
Loader jdk.internal.loader.ClassLoaders$AppClassLoader                                 : 230K
Loader jdk.internal.reflect.DelegatingClassLoader                                      : 162K
Loader jdk.internal.loader.ClassLoaders$PlatformClassLoader                            : 130K
Loader org.gradle.groovy.scripts.internal.DefaultScriptCompilationHandler$ScriptClassLoader: 120K
Loader org.gradle.internal.classloader.VisitableURLClassLoader                         : 114K

Classes loaded by more than one classloader:
Class Program                                                                         : loaded 4 times (x 74B)
Class org.gradle.internal.classloader.FilteringClassLoader                            : loaded 2 times (x 105B)
Class org.gradle.internal.classloader.ClassLoaderHierarchy                            : loaded 2 times (x 70B)
Class com.google.common.collect.ImmutableList$1                                       : loaded 2 times (x 97B)
Class org.gradle.api.internal.classpath.ManifestUtil                                  : loaded 2 times (x 71B)
Class com.google.common.collect.RegularImmutableMap                                   : loaded 2 times (x 121B)
Class com.google.common.collect.ImmutableMap$MapViewOfValuesAsSingletonSets           : loaded 2 times (x 126B)
Class com.google.common.collect.UnmodifiableListIterator                              : loaded 2 times (x 95B)
Class org.gradle.internal.classloader.DefaultClassLoaderFactory                       : loaded 2 times (x 82B)
Class org.gradle.internal.classloader.ClassLoaderVisitor                              : loaded 2 times (x 76B)
Class [Lcom.google.common.collect.ImmutableMapEntry;                                  : loaded 2 times (x 69B)
Class org.gradle.api.internal.classpath.EffectiveClassPath                            : loaded 2 times (x 90B)
Class org.gradle.api.internal.DefaultClassPathProvider                                : loaded 2 times (x 76B)
Class [Lorg.gradle.api.internal.ClassPathProvider;                                    : loaded 2 times (x 69B)
Class org.gradle.api.internal.ClassPathProvider                                       : loaded 2 times (x 70B)
Class org.gradle.internal.service.UnknownServiceException                             : loaded 2 times (x 83B)
Class org.gradle.internal.classpath.TransformedClassPath                              : loaded 2 times (x 96B)
Class org.gradle.internal.classloader.InstrumentingClassLoader                        : loaded 2 times (x 70B)
Class com.google.common.collect.Iterators$ArrayItr                                    : loaded 2 times (x 97B)
Class com.google.common.collect.ImmutableCollection$Builder                           : loaded 2 times (x 76B)
Class com.google.common.collect.UnmodifiableIterator                                  : loaded 2 times (x 80B)
Class org.gradle.internal.service.ServiceLocator                                      : loaded 2 times (x 70B)
Class com.google.common.collect.Iterators$SingletonIterator                           : loaded 2 times (x 81B)
Class com.google.common.collect.AbstractMapEntry                                      : loaded 2 times (x 81B)
Class com.google.common.collect.RegularImmutableAsList                                : loaded 2 times (x 217B)
Class com.google.common.collect.Iterators                                             : loaded 2 times (x 71B)
Class org.gradle.kotlin.dsl.VersionCatalogAccessorsKt                                 : loaded 2 times (x 71B)
Class org.gradle.internal.InternalTransformer                                         : loaded 2 times (x 70B)
Class org.gradle.internal.classloader.ClasspathUtil$1                                 : loaded 2 times (x 76B)
Class com.google.common.collect.IndexedImmutableSet                                   : loaded 2 times (x 152B)
Class com.google.common.collect.ImmutableMap$1                                        : loaded 2 times (x 81B)
Class com.google.common.collect.BiMap                                                 : loaded 2 times (x 70B)
Class org.gradle.api.internal.classpath.DefaultModuleRegistry$DefaultModule           : loaded 2 times (x 86B)
Class com.google.common.collect.AbstractIterator                                      : loaded 2 times (x 82B)
Class com.google.common.collect.AbstractIndexedListIterator                           : loaded 2 times (x 96B)
Class com.google.common.collect.ImmutableMapEntrySet                                  : loaded 2 times (x 152B)
Class org.gradle.api.internal.classpath.Module                                        : loaded 2 times (x 70B)
Class org.gradle.api.internal.classpath.UnknownModuleException                        : loaded 2 times (x 82B)
Class com.google.common.collect.ImmutableMap$Builder                                  : loaded 2 times (x 82B)
Class org.gradle.api.internal.DefaultClassPathRegistry                                : loaded 2 times (x 76B)
Class org.gradle.api.internal.ClassPathRegistry                                       : loaded 2 times (x 70B)
Class org.gradle.internal.classpath.DefaultClassPath$ImmutableUniqueList              : loaded 2 times (x 199B)
Class com.google.common.collect.SingletonImmutableList                                : loaded 2 times (x 207B)
Class com.google.common.collect.RegularImmutableMap$KeySet                            : loaded 2 times (x 152B)
Class Settings_gradle$1                                                               : loaded 2 times (x 74B)
Class org.gradle.internal.classpath.ClassPath                                         : loaded 2 times (x 70B)
Class com.google.common.collect.ImmutableList$ReverseImmutableList                    : loaded 2 times (x 209B)
Class ijJvmDebugger1_5ao3hkmt6kkdq87gvf2exguyb$_run_closure1$_closure2                : loaded 2 times (x 140B)
Class com.google.common.collect.Iterators$1                                           : loaded 2 times (x 81B)
Class com.google.common.collect.SingletonImmutableSet                                 : loaded 2 times (x 146B)
Class com.google.common.collect.ImmutableMap$IteratorBasedImmutableMap                : loaded 2 times (x 126B)
Class com.google.common.collect.Iterators$4                                           : loaded 2 times (x 82B)
Class com.google.common.collect.ImmutableBiMap                                        : loaded 2 times (x 143B)
Class org.gradle.internal.installation.GradleInstallation$1                           : loaded 2 times (x 75B)
Class org.gradle.api.internal.classpath.ModuleRegistry                                : loaded 2 times (x 70B)
Class com.google.common.collect.Iterators$5                                           : loaded 2 times (x 82B)
Class ijKotlinCoroutineJvmDebugInit1_13bwcsfldkyizwxe1qbt7kb7i$_run_closure1          : loaded 2 times (x 139B)
Class com.google.common.collect.ImmutableCollection                                   : loaded 2 times (x 125B)
Class org.gradle.api.internal.classpath.DefaultModuleRegistry                         : loaded 2 times (x 86B)
Class com.google.common.collect.ImmutableSet$CachingAsList                            : loaded 2 times (x 148B)
Class ijJvmDebugger1_5ao3hkmt6kkdq87gvf2exguyb                                        : loaded 2 times (x 171B)
Class com.google.common.collect.Iterators$9                                           : loaded 2 times (x 81B)
Class com.google.common.collect.ImmutableAsList                                       : loaded 2 times (x 209B)
Class org.gradle.internal.service.ServiceLookupException                              : loaded 2 times (x 82B)
Class org.gradle.internal.classloader.ClassLoaderFactory                              : loaded 2 times (x 70B)
Class org.gradle.internal.service.CachingServiceLocator                               : loaded 2 times (x 82B)
Class com.google.common.collect.ImmutableMapEntry                                     : loaded 2 times (x 85B)
Class com.google.common.collect.ImmutableMapEntry$NonTerminalImmutableMapEntry        : loaded 2 times (x 85B)
Class com.google.common.collect.RegularImmutableList                                  : loaded 2 times (x 213B)
Class org.gradle.internal.classloader.ClasspathUtil                                   : loaded 2 times (x 71B)
Class ijKotlinCoroutineJvmDebugInit1_13bwcsfldkyizwxe1qbt7kb7i                        : loaded 2 times (x 171B)
Class org.gradle.api.specs.Spec                                                       : loaded 2 times (x 70B)
Class [Lcom.google.common.collect.ImmutableEntry;                                     : loaded 2 times (x 69B)
Class org.gradle.internal.classloader.VisitableURLClassLoader$InstrumentingVisitableURLClassLoader: loaded 2 times (x 123B)
Class org.gradle.internal.classloader.VisitableURLClassLoader$Spec                    : loaded 2 times (x 74B)
Class org.gradle.internal.classpath.DefaultClassPath                                  : loaded 2 times (x 90B)
Class com.google.common.collect.RegularImmutableMap$Values                            : loaded 2 times (x 207B)
Class com.google.common.collect.ImmutableSet                                          : loaded 2 times (x 145B)
Class org.gradle.internal.classloader.ClassLoaderSpec                                 : loaded 2 times (x 71B)
Class Settings_gradle$1$1                                                             : loaded 2 times (x 74B)
Class org.gradle.internal.classloader.VisitableURLClassLoader                         : loaded 2 times (x 117B)
Class Settings_gradle                                                                 : loaded 2 times (x 124B)
Class org.gradle.internal.Cast                                                        : loaded 2 times (x 71B)
Class org.gradle.api.Action                                                           : loaded 2 times (x 70B)
Class com.google.common.collect.ImmutableMap                                          : loaded 2 times (x 120B)
Class org.gradle.internal.classpath.DefaultClassPath$ImmutableUniqueList$Builder      : loaded 2 times (x 75B)
Class [Lcom.google.common.collect.AbstractMapEntry;                                   : loaded 2 times (x 69B)
Class com.google.common.collect.ImmutableEntry                                        : loaded 2 times (x 82B)
Class org.gradle.api.GradleException                                                  : loaded 2 times (x 82B)
Class com.google.common.collect.CollectPreconditions                                  : loaded 2 times (x 71B)
Class ijJvmDebugger1_5ao3hkmt6kkdq87gvf2exguyb$_run_closure1                          : loaded 2 times (x 139B)
Class org.gradle.internal.IoActions                                                   : loaded 2 times (x 71B)
Class com.google.common.collect.ImmutableSet$RegularSetBuilderImpl                    : loaded 2 times (x 77B)
Class org.gradle.internal.classloader.SystemClassLoaderSpec                           : loaded 2 times (x 71B)
Class com.google.common.collect.RegularImmutableMap$BucketOverflowException           : loaded 2 times (x 82B)
Class com.google.common.collect.Hashing                                               : loaded 2 times (x 71B)
Class com.google.common.base.Preconditions                                            : loaded 2 times (x 71B)
Class ijKotlinCoroutineJvmDebugInit1_13bwcsfldkyizwxe1qbt7kb7i$_run_closure1$_closure2: loaded 2 times (x 139B)
Class com.google.common.collect.PeekingIterator                                       : loaded 2 times (x 70B)
Class org.gradle.api.internal.classpath.GlobalCacheRootsProvider                      : loaded 2 times (x 70B)
Class com.google.common.collect.ImmutableMapEntrySet$RegularEntrySet                  : loaded 2 times (x 152B)
Class Build_gradle                                                                    : loaded 2 times (x 72B)
Class org.gradle.internal.installation.CurrentGradleInstallationLocator               : loaded 2 times (x 71B)
Class com.google.common.collect.ImmutableList                                         : loaded 2 times (x 206B)
Class org.gradle.internal.service.DefaultServiceLocator                               : loaded 2 times (x 83B)
Class com.google.common.collect.ImmutableSet$SetBuilderImpl                           : loaded 2 times (x 76B)
Class org.gradle.internal.installation.CurrentGradleInstallation                      : loaded 2 times (x 73B)
Class com.google.common.collect.ImmutableList$SubList                                 : loaded 2 times (x 209B)
Class org.gradle.util.internal.GUtil                                                  : loaded 2 times (x 71B)
Class com.google.common.collect.Iterators$MergingIterator                             : loaded 2 times (x 81B)
Class com.google.common.collect.RegularImmutableSet                                   : loaded 2 times (x 149B)
Class org.gradle.internal.installation.GradleInstallation                             : loaded 2 times (x 75B)

---------------  S Y S T E M  ---------------

OS:
 Windows 11 , 64 bit Build 26100 (10.0.26100.8115)
OS uptime: 10 days 9:05 hours
Hyper-V role detected

CPU: total 12 (initial active 12) (6 cores per cpu, 2 threads per core) family 6 model 186 stepping 3 microcode 0x4111, cx8, cmov, fxsr, ht, mmx, 3dnowpref, sse, sse2, sse3, ssse3, sse4.1, sse4.2, popcnt, lzcnt, tsc, tscinvbit, avx, avx2, aes, erms, clmul, bmi1, bmi2, adx, sha, fma, vzeroupper, clflush, clflushopt, clwb, hv, serialize, rdtscp, rdpid, fsrm, f16c, cet_ibt, cet_ss
Processor Information for the first 12 processors :
  Max Mhz: 1300, Current Mhz: 1300, Mhz Limit: 1300

Memory: 4k page, system-wide physical 16087M (2186M free)
TotalPageFile size 20183M (AvailPageFile size 42M)
current process WorkingSet (physical memory assigned to process): 322M, peak: 322M
current process commit charge ("private bytes"): 363M, peak: 387M

vm_info: OpenJDK 64-Bit Server VM (21.0.8+-14196175-b1038.72) for windows-amd64 JRE (21.0.8+-14196175-b1038.72), built on 2025-10-01T10:24:33Z by "builder" with MS VC++ 16.10 / 16.11 (VS2019)

END.
