#
# There is insufficient memory for the Java Runtime Environment to continue.
# Native memory allocation (mmap) failed to map 1048576 bytes. Error detail: G1 virtual space
# Possible reasons:
#   The system is out of physical RAM or swap space
#   This process is running with CompressedOops enabled, and the Java Heap may be blocking the growth of the native heap
# Possible solutions:
#   Reduce memory load on the system
#   Increase physical memory or swap space
#   Check if swap backing store is full
#   Decrease Java heap size (-Xmx/-Xms)
#   Decrease number of Java threads
#   Decrease Java thread stack sizes (-Xss)
#   Set larger code cache with -XX:ReservedCodeCacheSize=
#   JVM is running with Unscaled Compressed Oops mode in which the Java heap is
#     placed in the first 4GB address space. The Java Heap base address is the
#     maximum limit for the native heap growth. Please use -XX:HeapBaseMinAddress
#     to set the Java Heap base and to place the Java Heap above 4GB virtual address.
# This output file may be truncated or incomplete.
#
#  Out of Memory Error (os_windows.cpp:3925), pid=19476, tid=34576
#
# JRE version: OpenJDK Runtime Environment (21.0.8) (build 21.0.8+-14196175-b1038.72)
# Java VM: OpenJDK 64-Bit Server VM (21.0.8+-14196175-b1038.72, mixed mode, tiered, compressed oops, compressed class ptrs, g1 gc, windows-amd64)
# No core dump will be written. Minidumps are not enabled by default on client versions of Windows
#

---------------  S U M M A R Y ------------

Command Line: --add-opens=java.base/java.lang=ALL-UNNAMED --add-opens=java.base/java.lang.invoke=ALL-UNNAMED --add-opens=java.base/java.util=ALL-UNNAMED --add-opens=java.prefs/java.util.prefs=ALL-UNNAMED --add-exports=jdk.compiler/com.sun.tools.javac.api=ALL-UNNAMED --add-exports=jdk.compiler/com.sun.tools.javac.util=ALL-UNNAMED --add-opens=java.base/java.util=ALL-UNNAMED --add-opens=java.prefs/java.util.prefs=ALL-UNNAMED --add-opens=java.base/java.nio.charset=ALL-UNNAMED --add-opens=java.base/java.net=ALL-UNNAMED --add-opens=java.base/java.util.concurrent=ALL-UNNAMED --add-opens=java.base/java.util.concurrent.atomic=ALL-UNNAMED --add-opens=java.xml/javax.xml.namespace=ALL-UNNAMED --add-opens=java.base/java.time=ALL-UNNAMED -Xmx2048m -Dfile.encoding=UTF-8 -Duser.country=ID -Duser.language=en -Duser.variant -javaagent:C:\Users\Andre\.gradle\wrapper\dists\gradle-9.1.0-bin\9agqghryom9wkf8r80qlhnts3\gradle-9.1.0\lib\agents\gradle-instrumentation-agent-9.1.0.jar org.gradle.launcher.daemon.bootstrap.GradleDaemon 9.1.0

Host: 13th Gen Intel(R) Core(TM) i5-1335U, 12 cores, 15G,  Windows 11 , 64 bit Build 26100 (10.0.26100.8115)
Time: Mon Apr 13 21:29:07 2026 Malay Peninsula Standard Time elapsed time: 15.839827 seconds (0d 0h 0m 15s)

---------------  T H R E A D  ---------------

Current thread (0x000002625f850fc0):  WorkerThread "GC Thread#1"    [id=34576, stack(0x0000009b0b500000,0x0000009b0b600000) (1024K)]

Stack: [0x0000009b0b500000,0x0000009b0b600000]
Native frames: (J=compiled Java code, j=interpreted, Vv=VM code, C=native code)
V  [jvm.dll+0x6d68d9]
V  [jvm.dll+0x866693]
V  [jvm.dll+0x868c4e]
V  [jvm.dll+0x869333]
V  [jvm.dll+0x280566]
V  [jvm.dll+0x6d3195]
V  [jvm.dll+0x6c69ea]
V  [jvm.dll+0x3586db]
V  [jvm.dll+0x360336]
V  [jvm.dll+0x3b20fb]
V  [jvm.dll+0x3b27b4]
V  [jvm.dll+0x3b287d]
V  [jvm.dll+0x32c5bc]
V  [jvm.dll+0x32c318]
V  [jvm.dll+0x31aed6]
V  [jvm.dll+0x31bd6a]
V  [jvm.dll+0x31c212]
V  [jvm.dll+0x31bbcd]
V  [jvm.dll+0x35a56a]
V  [jvm.dll+0x35a8e6]
V  [jvm.dll+0x35ba2a]
V  [jvm.dll+0x35b6a4]
V  [jvm.dll+0x36fcd9]
V  [jvm.dll+0x37039a]
V  [jvm.dll+0x370497]
V  [jvm.dll+0x37139b]
V  [jvm.dll+0x894454]
V  [jvm.dll+0x80eac8]
V  [jvm.dll+0x6d512d]
C  [ucrtbase.dll+0x37b0]
C  [KERNEL32.DLL+0x2e8d7]
C  [ntdll.dll+0x8c3fc]


---------------  P R O C E S S  ---------------

Threads class SMR info:
_java_thread_list=0x0000026200aec300, length=88, elements={
0x000002625f8789a0, 0x000002627980d730, 0x000002627980ffa0, 0x0000026279810a00,
0x000002627980e540, 0x000002627980efa0, 0x000002627981bb70, 0x000002627981c5d0,
0x000002627981d030, 0x0000026279827fa0, 0x000002627e041450, 0x000002620000c8e0,
0x00000262003ba140, 0x00000262003db0c0, 0x00000262005129b0, 0x00000262005171f0,
0x0000026200538fb0, 0x00000262001d2970, 0x00000262001d43b0, 0x00000262001d3690,
0x00000262001d15c0, 0x00000262001d3d20, 0x00000262001d4a40, 0x00000262001d1c50,
0x00000262012c57b0, 0x00000262012c4a90, 0x00000262012c64d0, 0x00000262012c3050,
0x00000262012c3d70, 0x00000262012c5120, 0x00000262012c5e40, 0x00000262012c36e0,
0x0000026202c89ae0, 0x0000026202c88dc0, 0x0000026202c88730, 0x0000026202c8a170,
0x0000026202c86cf0, 0x0000026202c8a800, 0x0000026202c87380, 0x0000026202c8ae90,
0x0000026202c87a10, 0x0000026202c880a0, 0x0000026202c8c8d0, 0x0000026202c8cf60,
0x0000026202c8bbb0, 0x0000026202c8b520, 0x0000026202c8d5f0, 0x0000026202c8dc80,
0x0000026202c8c240, 0x0000026202c8e310, 0x000002620155efa0, 0x000002620155f630,
0x000002620155d560, 0x000002620155fcc0, 0x000002620155c840, 0x000002620155ced0,
0x000002620155dbf0, 0x000002620155e280, 0x0000026200c9e0c0, 0x0000026200c9b960,
0x0000026200c9ac40, 0x0000026200c9bff0, 0x0000026200c9da30, 0x0000026200c9c680,
0x0000026200c9cd10, 0x0000026200c9e750, 0x0000026200c9d3a0, 0x0000026200c9b2d0,
0x0000026200ca1bd0, 0x0000026200c9fb00, 0x0000026200ca1540, 0x0000026200ca0820,
0x0000026200ca2260, 0x0000026200c9ede0, 0x0000026200c9f470, 0x0000026200ca0190,
0x0000026200ca0eb0, 0x0000026204a943b0, 0x0000026204a91c50, 0x0000026204a92970,
0x0000026204a94a40, 0x0000026204a93690, 0x0000026204a950d0, 0x0000026204a93000,
0x0000026204a93d20, 0x0000026204a95760, 0x0000026204a922e0, 0x0000026204a96b10
}

Java Threads: ( => current thread )
  0x000002625f8789a0 JavaThread "main"                              [_thread_blocked, id=14528, stack(0x0000009b0a100000,0x0000009b0a200000) (1024K)]
  0x000002627980d730 JavaThread "Common-Cleaner"             daemon [_thread_blocked, id=19748, stack(0x0000009b0a900000,0x0000009b0aa00000) (1024K)]
  0x000002627980ffa0 JavaThread "Reference Handler"          daemon [_thread_blocked, id=32376, stack(0x0000009b0aa00000,0x0000009b0ab00000) (1024K)]
  0x0000026279810a00 JavaThread "Finalizer"                  daemon [_thread_blocked, id=30104, stack(0x0000009b0ab00000,0x0000009b0ac00000) (1024K)]
  0x000002627980e540 JavaThread "Signal Dispatcher"          daemon [_thread_blocked, id=24760, stack(0x0000009b0ac00000,0x0000009b0ad00000) (1024K)]
  0x000002627980efa0 JavaThread "Attach Listener"            daemon [_thread_blocked, id=12880, stack(0x0000009b0ad00000,0x0000009b0ae00000) (1024K)]
  0x000002627981bb70 JavaThread "Service Thread"             daemon [_thread_blocked, id=10824, stack(0x0000009b0ae00000,0x0000009b0af00000) (1024K)]
  0x000002627981c5d0 JavaThread "Monitor Deflation Thread"   daemon [_thread_blocked, id=16596, stack(0x0000009b0af00000,0x0000009b0b000000) (1024K)]
  0x000002627981d030 JavaThread "C2 CompilerThread0"         daemon [_thread_blocked, id=8588, stack(0x0000009b0b000000,0x0000009b0b100000) (1024K)]
  0x0000026279827fa0 JavaThread "C1 CompilerThread0"         daemon [_thread_blocked, id=3348, stack(0x0000009b0b100000,0x0000009b0b200000) (1024K)]
  0x000002627e041450 JavaThread "Notification Thread"        daemon [_thread_blocked, id=12780, stack(0x0000009b0b200000,0x0000009b0b300000) (1024K)]
  0x000002620000c8e0 JavaThread "Daemon health stats"               [_thread_blocked, id=4880, stack(0x0000009b0ba00000,0x0000009b0bb00000) (1024K)]
  0x00000262003ba140 JavaThread "Incoming local TCP Connector on port 64764"        [_thread_in_native, id=32808, stack(0x0000009b0b400000,0x0000009b0b500000) (1024K)]
  0x00000262003db0c0 JavaThread "Daemon periodic checks"            [_thread_blocked, id=25352, stack(0x0000009b0be00000,0x0000009b0bf00000) (1024K)]
  0x00000262005129b0 JavaThread "Daemon"                            [_thread_blocked, id=22152, stack(0x0000009b0bf00000,0x0000009b0c000000) (1024K)]
  0x00000262005171f0 JavaThread "Handler for socket connection from /127.0.0.1:64764 to /127.0.0.1:64765"        [_thread_in_native, id=29752, stack(0x0000009b0c000000,0x0000009b0c100000) (1024K)]
  0x0000026200538fb0 JavaThread "Cancel handler"                    [_thread_blocked, id=2208, stack(0x0000009b0c100000,0x0000009b0c200000) (1024K)]
  0x00000262001d2970 JavaThread "Daemon worker"                     [_thread_blocked, id=4604, stack(0x0000009b0c200000,0x0000009b0c300000) (1024K)]
  0x00000262001d43b0 JavaThread "Asynchronous log dispatcher for DefaultDaemonConnection: socket connection from /127.0.0.1:64764 to /127.0.0.1:64765"        [_thread_blocked, id=19284, stack(0x0000009b0c300000,0x0000009b0c400000) (1024K)]
  0x00000262001d3690 JavaThread "Stdin handler"                     [_thread_blocked, id=7140, stack(0x0000009b0c400000,0x0000009b0c500000) (1024K)]
  0x00000262001d15c0 JavaThread "Daemon client event forwarder"        [_thread_blocked, id=30816, stack(0x0000009b0c500000,0x0000009b0c600000) (1024K)]
  0x00000262001d3d20 JavaThread "Cache worker for journal cache (C:\Users\Andre\.gradle\caches\journal-1)"        [_thread_blocked, id=29704, stack(0x0000009b0c900000,0x0000009b0ca00000) (1024K)]
  0x00000262001d4a40 JavaThread "File lock request listener"        [_thread_in_native, id=14488, stack(0x0000009b0ca00000,0x0000009b0cb00000) (1024K)]
  0x00000262001d1c50 JavaThread "Cache worker for file hash cache (C:\Users\Andre\.gradle\caches\9.1.0\fileHashes)"        [_thread_blocked, id=20824, stack(0x0000009b0cb00000,0x0000009b0cc00000) (1024K)]
  0x00000262012c57b0 JavaThread "Cache worker for file hash cache (C:\Users\Andre\AndroidStudioProjects\TipCalculatorXML\.gradle\9.1.0\fileHashes)"        [_thread_blocked, id=31352, stack(0x0000009b0cd00000,0x0000009b0ce00000) (1024K)]
  0x00000262012c4a90 JavaThread "Cache worker for Build Output Cleanup Cache (C:\Users\Andre\AndroidStudioProjects\TipCalculatorXML\.gradle\buildOutputCleanup)"        [_thread_blocked, id=24156, stack(0x0000009b0ce00000,0x0000009b0cf00000) (1024K)]
  0x00000262012c64d0 JavaThread "File watcher server"        daemon [_thread_in_native, id=5692, stack(0x0000009b0cf00000,0x0000009b0d000000) (1024K)]
  0x00000262012c3050 JavaThread "File watcher consumer"      daemon [_thread_blocked, id=7508, stack(0x0000009b0d000000,0x0000009b0d100000) (1024K)]
  0x00000262012c3d70 JavaThread "Cache worker for checksums cache (C:\Users\Andre\AndroidStudioProjects\TipCalculatorXML\.gradle\9.1.0\checksums)"        [_thread_blocked, id=32392, stack(0x0000009b0cc00000,0x0000009b0cd00000) (1024K)]
  0x00000262012c5120 JavaThread "Cache worker for file content cache (C:\Users\Andre\.gradle\caches\9.1.0\fileContent)"        [_thread_blocked, id=11732, stack(0x0000009b0d100000,0x0000009b0d200000) (1024K)]
  0x00000262012c5e40 JavaThread "Cache worker for cache directory md-supplier (C:\Users\Andre\.gradle\caches\9.1.0\md-supplier)"        [_thread_blocked, id=32796, stack(0x0000009b0d200000,0x0000009b0d300000) (1024K)]
  0x00000262012c36e0 JavaThread "Cache worker for cache directory md-rule (C:\Users\Andre\.gradle\caches\9.1.0\md-rule)"        [_thread_blocked, id=19416, stack(0x0000009b0d300000,0x0000009b0d400000) (1024K)]
  0x0000026202c89ae0 JavaThread "jar transforms"                    [_thread_blocked, id=21128, stack(0x0000009b0d400000,0x0000009b0d500000) (1024K)]
  0x0000026202c88dc0 JavaThread "jar transforms Thread 2"           [_thread_blocked, id=9808, stack(0x0000009b0d500000,0x0000009b0d600000) (1024K)]
  0x0000026202c88730 JavaThread "jar transforms Thread 3"           [_thread_blocked, id=13940, stack(0x0000009b0d700000,0x0000009b0d800000) (1024K)]
  0x0000026202c8a170 JavaThread "Unconstrained build operations"        [_thread_blocked, id=23308, stack(0x0000009b0d800000,0x0000009b0d900000) (1024K)]
  0x0000026202c86cf0 JavaThread "Unconstrained build operations Thread 2"        [_thread_blocked, id=24384, stack(0x0000009b0d900000,0x0000009b0da00000) (1024K)]
  0x0000026202c8a800 JavaThread "Unconstrained build operations Thread 3"        [_thread_blocked, id=29388, stack(0x0000009b0da00000,0x0000009b0db00000) (1024K)]
  0x0000026202c87380 JavaThread "Unconstrained build operations Thread 4"        [_thread_blocked, id=4348, stack(0x0000009b0db00000,0x0000009b0dc00000) (1024K)]
  0x0000026202c8ae90 JavaThread "Unconstrained build operations Thread 5"        [_thread_blocked, id=26452, stack(0x0000009b0dc00000,0x0000009b0dd00000) (1024K)]
  0x0000026202c87a10 JavaThread "Unconstrained build operations Thread 6"        [_thread_blocked, id=24368, stack(0x0000009b0dd00000,0x0000009b0de00000) (1024K)]
  0x0000026202c880a0 JavaThread "Unconstrained build operations Thread 7"        [_thread_blocked, id=29236, stack(0x0000009b0de00000,0x0000009b0df00000) (1024K)]
  0x0000026202c8c8d0 JavaThread "Unconstrained build operations Thread 8"        [_thread_blocked, id=18380, stack(0x0000009b0df00000,0x0000009b0e000000) (1024K)]
  0x0000026202c8cf60 JavaThread "Unconstrained build operations Thread 9"        [_thread_blocked, id=27332, stack(0x0000009b0e000000,0x0000009b0e100000) (1024K)]
  0x0000026202c8bbb0 JavaThread "Unconstrained build operations Thread 10"        [_thread_blocked, id=1668, stack(0x0000009b0e100000,0x0000009b0e200000) (1024K)]
  0x0000026202c8b520 JavaThread "jar transforms Thread 4"           [_thread_blocked, id=31380, stack(0x0000009b0e200000,0x0000009b0e300000) (1024K)]
  0x0000026202c8d5f0 JavaThread "jar transforms Thread 5"           [_thread_blocked, id=3452, stack(0x0000009b0e300000,0x0000009b0e400000) (1024K)]
  0x0000026202c8dc80 JavaThread "Unconstrained build operations Thread 11"        [_thread_blocked, id=30336, stack(0x0000009b0e400000,0x0000009b0e500000) (1024K)]
  0x0000026202c8c240 JavaThread "Unconstrained build operations Thread 12"        [_thread_blocked, id=10224, stack(0x0000009b0e500000,0x0000009b0e600000) (1024K)]
  0x0000026202c8e310 JavaThread "Unconstrained build operations Thread 13"        [_thread_blocked, id=21832, stack(0x0000009b0e600000,0x0000009b0e700000) (1024K)]
  0x000002620155efa0 JavaThread "Unconstrained build operations Thread 14"        [_thread_blocked, id=31008, stack(0x0000009b0e700000,0x0000009b0e800000) (1024K)]
  0x000002620155f630 JavaThread "Unconstrained build operations Thread 15"        [_thread_blocked, id=33988, stack(0x0000009b0e800000,0x0000009b0e900000) (1024K)]
  0x000002620155d560 JavaThread "jar transforms Thread 6"           [_thread_blocked, id=33512, stack(0x0000009b0e900000,0x0000009b0ea00000) (1024K)]
  0x000002620155fcc0 JavaThread "jar transforms Thread 7"           [_thread_blocked, id=21620, stack(0x0000009b0ea00000,0x0000009b0eb00000) (1024K)]
  0x000002620155c840 JavaThread "jar transforms Thread 8"           [_thread_blocked, id=29568, stack(0x0000009b0eb00000,0x0000009b0ec00000) (1024K)]
  0x000002620155ced0 JavaThread "Unconstrained build operations Thread 16"        [_thread_blocked, id=30296, stack(0x0000009b0ec00000,0x0000009b0ed00000) (1024K)]
  0x000002620155dbf0 JavaThread "Unconstrained build operations Thread 17"        [_thread_blocked, id=30236, stack(0x0000009b0ed00000,0x0000009b0ee00000) (1024K)]
  0x000002620155e280 JavaThread "Unconstrained build operations Thread 18"        [_thread_blocked, id=1484, stack(0x0000009b0ee00000,0x0000009b0ef00000) (1024K)]
  0x0000026200c9e0c0 JavaThread "Unconstrained build operations Thread 19"        [_thread_blocked, id=19604, stack(0x0000009b0ef00000,0x0000009b0f000000) (1024K)]
  0x0000026200c9b960 JavaThread "Unconstrained build operations Thread 20"        [_thread_blocked, id=8600, stack(0x0000009b0f000000,0x0000009b0f100000) (1024K)]
  0x0000026200c9ac40 JavaThread "Unconstrained build operations Thread 21"        [_thread_blocked, id=26508, stack(0x0000009b0f100000,0x0000009b0f200000) (1024K)]
  0x0000026200c9bff0 JavaThread "Unconstrained build operations Thread 22"        [_thread_blocked, id=15132, stack(0x0000009b0f200000,0x0000009b0f300000) (1024K)]
  0x0000026200c9da30 JavaThread "Unconstrained build operations Thread 23"        [_thread_blocked, id=19464, stack(0x0000009b0f300000,0x0000009b0f400000) (1024K)]
  0x0000026200c9c680 JavaThread "Unconstrained build operations Thread 24"        [_thread_blocked, id=34264, stack(0x0000009b0f400000,0x0000009b0f500000) (1024K)]
  0x0000026200c9cd10 JavaThread "Unconstrained build operations Thread 25"        [_thread_blocked, id=18248, stack(0x0000009b0f500000,0x0000009b0f600000) (1024K)]
  0x0000026200c9e750 JavaThread "Unconstrained build operations Thread 26"        [_thread_blocked, id=17628, stack(0x0000009b0f600000,0x0000009b0f700000) (1024K)]
  0x0000026200c9d3a0 JavaThread "Unconstrained build operations Thread 27"        [_thread_blocked, id=16404, stack(0x0000009b0f700000,0x0000009b0f800000) (1024K)]
  0x0000026200c9b2d0 JavaThread "Unconstrained build operations Thread 28"        [_thread_blocked, id=12432, stack(0x0000009b0f800000,0x0000009b0f900000) (1024K)]
  0x0000026200ca1bd0 JavaThread "Unconstrained build operations Thread 29"        [_thread_blocked, id=33780, stack(0x0000009b0f900000,0x0000009b0fa00000) (1024K)]
  0x0000026200c9fb00 JavaThread "Unconstrained build operations Thread 30"        [_thread_blocked, id=33288, stack(0x0000009b0fa00000,0x0000009b0fb00000) (1024K)]
  0x0000026200ca1540 JavaThread "Unconstrained build operations Thread 31"        [_thread_blocked, id=33800, stack(0x0000009b0fb00000,0x0000009b0fc00000) (1024K)]
  0x0000026200ca0820 JavaThread "Unconstrained build operations Thread 32"        [_thread_blocked, id=25272, stack(0x0000009b0fc00000,0x0000009b0fd00000) (1024K)]
  0x0000026200ca2260 JavaThread "Unconstrained build operations Thread 33"        [_thread_blocked, id=21372, stack(0x0000009b0fd00000,0x0000009b0fe00000) (1024K)]
  0x0000026200c9ede0 JavaThread "Unconstrained build operations Thread 34"        [_thread_blocked, id=16196, stack(0x0000009b0fe00000,0x0000009b0ff00000) (1024K)]
  0x0000026200c9f470 JavaThread "Unconstrained build operations Thread 35"        [_thread_blocked, id=27688, stack(0x0000009b0ff00000,0x0000009b10000000) (1024K)]
  0x0000026200ca0190 JavaThread "Unconstrained build operations Thread 36"        [_thread_blocked, id=24616, stack(0x0000009b10000000,0x0000009b10100000) (1024K)]
  0x0000026200ca0eb0 JavaThread "Unconstrained build operations Thread 37"        [_thread_blocked, id=17028, stack(0x0000009b10100000,0x0000009b10200000) (1024K)]
  0x0000026204a943b0 JavaThread "Unconstrained build operations Thread 38"        [_thread_blocked, id=28724, stack(0x0000009b10200000,0x0000009b10300000) (1024K)]
  0x0000026204a91c50 JavaThread "Unconstrained build operations Thread 39"        [_thread_blocked, id=27456, stack(0x0000009b10300000,0x0000009b10400000) (1024K)]
  0x0000026204a92970 JavaThread "Unconstrained build operations Thread 40"        [_thread_blocked, id=4228, stack(0x0000009b10400000,0x0000009b10500000) (1024K)]
  0x0000026204a94a40 JavaThread "Unconstrained build operations Thread 41"        [_thread_blocked, id=32200, stack(0x0000009b10500000,0x0000009b10600000) (1024K)]
  0x0000026204a93690 JavaThread "Unconstrained build operations Thread 42"        [_thread_blocked, id=13952, stack(0x0000009b10600000,0x0000009b10700000) (1024K)]
  0x0000026204a950d0 JavaThread "Unconstrained build operations Thread 43"        [_thread_blocked, id=28864, stack(0x0000009b10700000,0x0000009b10800000) (1024K)]
  0x0000026204a93000 JavaThread "Unconstrained build operations Thread 44"        [_thread_blocked, id=12724, stack(0x0000009b10800000,0x0000009b10900000) (1024K)]
  0x0000026204a93d20 JavaThread "Unconstrained build operations Thread 45"        [_thread_blocked, id=10400, stack(0x0000009b10900000,0x0000009b10a00000) (1024K)]
  0x0000026204a95760 JavaThread "Unconstrained build operations Thread 46"        [_thread_blocked, id=880, stack(0x0000009b10a00000,0x0000009b10b00000) (1024K)]
  0x0000026204a922e0 JavaThread "Unconstrained build operations Thread 47"        [_thread_blocked, id=32712, stack(0x0000009b10b00000,0x0000009b10c00000) (1024K)]
  0x0000026204a96b10 JavaThread "Unconstrained build operations Thread 48"        [_thread_blocked, id=8416, stack(0x0000009b10c00000,0x0000009b10d00000) (1024K)]
Total: 88

Other Threads:
  0x000002625f8504e0 VMThread "VM Thread"                           [id=16172, stack(0x0000009b0a800000,0x0000009b0a900000) (1024K)]
  0x00000262797910a0 WatcherThread "VM Periodic Task Thread"        [id=15764, stack(0x0000009b0a700000,0x0000009b0a800000) (1024K)]
  0x000002625f84fda0 WorkerThread "GC Thread#0"                     [id=22408, stack(0x0000009b0a200000,0x0000009b0a300000) (1024K)]
=>0x000002625f850fc0 WorkerThread "GC Thread#1"                     [id=34576, stack(0x0000009b0b500000,0x0000009b0b600000) (1024K)]
  0x000002625f850880 WorkerThread "GC Thread#2"                     [id=33164, stack(0x0000009b0b600000,0x0000009b0b700000) (1024K)]
  0x000002625f850c20 WorkerThread "GC Thread#3"                     [id=15336, stack(0x0000009b0b700000,0x0000009b0b800000) (1024K)]
  0x000002627e331040 WorkerThread "GC Thread#4"                     [id=9768, stack(0x0000009b0b800000,0x0000009b0b900000) (1024K)]
  0x000002627e32f340 WorkerThread "GC Thread#5"                     [id=27680, stack(0x0000009b0b900000,0x0000009b0ba00000) (1024K)]
  0x000002627e3301c0 WorkerThread "GC Thread#6"                     [id=9080, stack(0x0000009b0bb00000,0x0000009b0bc00000) (1024K)]
  0x000002627e331780 WorkerThread "GC Thread#7"                     [id=11056, stack(0x0000009b0bc00000,0x0000009b0bd00000) (1024K)]
  0x000002627e32ec00 WorkerThread "GC Thread#8"                     [id=13760, stack(0x0000009b0bd00000,0x0000009b0be00000) (1024K)]
  0x000002627e32fa80 WorkerThread "GC Thread#9"                     [id=24612, stack(0x0000009b0c600000,0x0000009b0c700000) (1024K)]
  0x0000026261c27950 ConcurrentGCThread "G1 Main Marker"            [id=22036, stack(0x0000009b0a300000,0x0000009b0a400000) (1024K)]
  0x000002625f850140 WorkerThread "G1 Conc#0"                       [id=34056, stack(0x0000009b0a400000,0x0000009b0a500000) (1024K)]
  0x000002627e32fe20 WorkerThread "G1 Conc#1"                       [id=10024, stack(0x0000009b0c700000,0x0000009b0c800000) (1024K)]
  0x000002627e330560 WorkerThread "G1 Conc#2"                       [id=10600, stack(0x0000009b0c800000,0x0000009b0c900000) (1024K)]
  0x00000262795e86e0 ConcurrentGCThread "G1 Refine#0"               [id=15960, stack(0x0000009b0a500000,0x0000009b0a600000) (1024K)]
  0x00000262795e8f00 ConcurrentGCThread "G1 Service"                [id=2960, stack(0x0000009b0a600000,0x0000009b0a700000) (1024K)]
Total: 18

Threads with active compile tasks:
Total: 0

VM state: at safepoint (normal execution)

VM Mutex/Monitor currently owned by a thread:  ([mutex/lock_event])
[0x00007ff9e0825f38] FreeList_lock - owner thread: 0x000002625f850fc0
[0x00007ff9e08285b8] Threads_lock - owner thread: 0x000002625f8504e0
[0x00007ff9e08286b8] Heap_lock - owner thread: 0x00000262001d2970

Heap address: 0x0000000080000000, size: 2048 MB, Compressed Oops mode: 32-bit

CDS archive(s) not mapped
Compressed class space mapped at: 0x0000000100000000-0x0000000140000000, reserved size: 1073741824
Narrow klass base: 0x0000000000000000, Narrow klass shift: 3, Narrow klass range: 0x140000000

GC Precious Log:
 CardTable entry size: 512
 Card Set container configuration: InlinePtr #cards 5 size 8 Array Of Cards #cards 12 size 40 Howl #buckets 4 coarsen threshold 1843 Howl Bitmap #cards 512 size 80 coarsen threshold 460 Card regions per heap region 1 cards per card region 2048
 CPUs: 12 total, 12 available
 Memory: 16087M
 Large Page Support: Disabled
 NUMA Support: Disabled
 Compressed Oops: Enabled (32-bit)
 Heap Region Size: 1M
 Heap Min Capacity: 8M
 Heap Initial Capacity: 252M
 Heap Max Capacity: 2G
 Pre-touch: Disabled
 Parallel Workers: 10
 Concurrent Workers: 3
 Concurrent Refinement Workers: 10
 Periodic GC: Disabled

Heap:
 garbage-first heap   total 138240K, used 125950K [0x0000000080000000, 0x0000000100000000)
  region size 1024K, 68 young (69632K), 8 survivors (8192K)
 Metaspace       used 74945K, committed 76928K, reserved 1179648K
  class space    used 10566K, committed 11520K, reserved 1048576K

Heap Regions: E=young(eden), S=young(survivor), O=old, HS=humongous(starts), HC=humongous(continues), CS=collection set, F=free, TAMS=top-at-mark-start, PB=parsable bottom
|   0|0x0000000080000000, 0x0000000080100000, 0x0000000080100000|100%|HS|  |TAMS 0x0000000080000000| PB 0x0000000080000000| Complete 
|   1|0x0000000080100000, 0x0000000080200000, 0x0000000080200000|100%|HC|  |TAMS 0x0000000080100000| PB 0x0000000080100000| Complete 
|   2|0x0000000080200000, 0x0000000080300000, 0x0000000080300000|100%|HC|  |TAMS 0x0000000080200000| PB 0x0000000080200000| Complete 
|   3|0x0000000080300000, 0x0000000080400000, 0x0000000080400000|100%| O|  |TAMS 0x0000000080300000| PB 0x0000000080300000| Untracked 
|   4|0x0000000080400000, 0x0000000080500000, 0x0000000080500000|100%| O|  |TAMS 0x0000000080400000| PB 0x0000000080400000| Untracked 
|   5|0x0000000080500000, 0x0000000080600000, 0x0000000080600000|100%| O|  |TAMS 0x0000000080500000| PB 0x0000000080500000| Untracked 
|   6|0x0000000080600000, 0x0000000080700000, 0x0000000080700000|100%|HS|  |TAMS 0x0000000080600000| PB 0x0000000080600000| Complete 
|   7|0x0000000080700000, 0x0000000080800000, 0x0000000080800000|100%| O|  |TAMS 0x0000000080700000| PB 0x0000000080700000| Untracked 
|   8|0x0000000080800000, 0x0000000080900000, 0x0000000080900000|100%| O|  |TAMS 0x0000000080800000| PB 0x0000000080800000| Untracked 
|   9|0x0000000080900000, 0x0000000080a00000, 0x0000000080a00000|100%| O|  |TAMS 0x0000000080900000| PB 0x0000000080900000| Untracked 
|  10|0x0000000080a00000, 0x0000000080b00000, 0x0000000080b00000|100%| O|  |TAMS 0x0000000080a00000| PB 0x0000000080a00000| Untracked 
|  11|0x0000000080b00000, 0x0000000080c00000, 0x0000000080c00000|100%| O|  |TAMS 0x0000000080b00000| PB 0x0000000080b00000| Untracked 
|  12|0x0000000080c00000, 0x0000000080d00000, 0x0000000080d00000|100%| O|  |TAMS 0x0000000080c00000| PB 0x0000000080c00000| Untracked 
|  13|0x0000000080d00000, 0x0000000080e00000, 0x0000000080e00000|100%| O|  |TAMS 0x0000000080d00000| PB 0x0000000080d00000| Untracked 
|  14|0x0000000080e00000, 0x0000000080f00000, 0x0000000080f00000|100%| O|  |TAMS 0x0000000080e00000| PB 0x0000000080e00000| Untracked 
|  15|0x0000000080f00000, 0x0000000081000000, 0x0000000081000000|100%| O|  |TAMS 0x0000000080f00000| PB 0x0000000080f00000| Untracked 
|  16|0x0000000081000000, 0x0000000081100000, 0x0000000081100000|100%| O|  |TAMS 0x0000000081000000| PB 0x0000000081000000| Untracked 
|  17|0x0000000081100000, 0x0000000081200000, 0x0000000081200000|100%| O|  |TAMS 0x0000000081100000| PB 0x0000000081100000| Untracked 
|  18|0x0000000081200000, 0x0000000081300000, 0x0000000081300000|100%| O|  |TAMS 0x0000000081200000| PB 0x0000000081200000| Untracked 
|  19|0x0000000081300000, 0x0000000081400000, 0x0000000081400000|100%| O|  |TAMS 0x0000000081300000| PB 0x0000000081300000| Untracked 
|  20|0x0000000081400000, 0x0000000081500000, 0x0000000081500000|100%| O|  |TAMS 0x0000000081400000| PB 0x0000000081400000| Untracked 
|  21|0x0000000081500000, 0x0000000081600000, 0x0000000081600000|100%| O|  |TAMS 0x0000000081500000| PB 0x0000000081500000| Untracked 
|  22|0x0000000081600000, 0x0000000081700000, 0x0000000081700000|100%| O|  |TAMS 0x0000000081600000| PB 0x0000000081600000| Untracked 
|  23|0x0000000081700000, 0x0000000081800000, 0x0000000081800000|100%| O|  |TAMS 0x0000000081700000| PB 0x0000000081700000| Untracked 
|  24|0x0000000081800000, 0x0000000081900000, 0x0000000081900000|100%| O|  |TAMS 0x0000000081800000| PB 0x0000000081800000| Untracked 
|  25|0x0000000081900000, 0x0000000081a00000, 0x0000000081a00000|100%| O|  |TAMS 0x0000000081900000| PB 0x0000000081900000| Untracked 
|  26|0x0000000081a00000, 0x0000000081b00000, 0x0000000081b00000|100%| O|  |TAMS 0x0000000081a00000| PB 0x0000000081a00000| Untracked 
|  27|0x0000000081b00000, 0x0000000081c00000, 0x0000000081c00000|100%| O|  |TAMS 0x0000000081b00000| PB 0x0000000081b00000| Untracked 
|  28|0x0000000081c00000, 0x0000000081d00000, 0x0000000081d00000|100%| O|  |TAMS 0x0000000081c00000| PB 0x0000000081c00000| Untracked 
|  29|0x0000000081d00000, 0x0000000081e00000, 0x0000000081e00000|100%| O|  |TAMS 0x0000000081d00000| PB 0x0000000081d00000| Untracked 
|  30|0x0000000081e00000, 0x0000000081f00000, 0x0000000081f00000|100%| O|  |TAMS 0x0000000081e00000| PB 0x0000000081e00000| Untracked 
|  31|0x0000000081f00000, 0x0000000082000000, 0x0000000082000000|100%| O|  |TAMS 0x0000000081f00000| PB 0x0000000081f00000| Untracked 
|  32|0x0000000082000000, 0x0000000082100000, 0x0000000082100000|100%|HS|  |TAMS 0x0000000082000000| PB 0x0000000082000000| Complete 
|  33|0x0000000082100000, 0x0000000082200000, 0x0000000082200000|100%|HC|  |TAMS 0x0000000082100000| PB 0x0000000082100000| Complete 
|  34|0x0000000082200000, 0x0000000082300000, 0x0000000082300000|100%| O|  |TAMS 0x0000000082200000| PB 0x0000000082200000| Untracked 
|  35|0x0000000082300000, 0x0000000082400000, 0x0000000082400000|100%| O|  |TAMS 0x0000000082300000| PB 0x0000000082300000| Untracked 
|  36|0x0000000082400000, 0x0000000082500000, 0x0000000082500000|100%| O|  |TAMS 0x0000000082400000| PB 0x0000000082400000| Untracked 
|  37|0x0000000082500000, 0x0000000082600000, 0x0000000082600000|100%| O|  |TAMS 0x0000000082500000| PB 0x0000000082500000| Untracked 
|  38|0x0000000082600000, 0x0000000082700000, 0x0000000082700000|100%| O|Cm|TAMS 0x0000000082600000| PB 0x0000000082600000| Complete 
|  39|0x0000000082700000, 0x0000000082800000, 0x0000000082800000|100%| O|  |TAMS 0x0000000082700000| PB 0x0000000082700000| Untracked 
|  40|0x0000000082800000, 0x0000000082900000, 0x0000000082900000|100%| O|Cm|TAMS 0x0000000082800000| PB 0x0000000082800000| Complete 
|  41|0x0000000082900000, 0x0000000082a00000, 0x0000000082a00000|100%| O|  |TAMS 0x0000000082900000| PB 0x0000000082900000| Untracked 
|  42|0x0000000082a00000, 0x0000000082b00000, 0x0000000082b00000|100%| O|  |TAMS 0x0000000082a00000| PB 0x0000000082a00000| Untracked 
|  43|0x0000000082b00000, 0x0000000082c00000, 0x0000000082c00000|100%| O|  |TAMS 0x0000000082b00000| PB 0x0000000082b00000| Untracked 
|  44|0x0000000082c00000, 0x0000000082d00000, 0x0000000082d00000|100%| O|  |TAMS 0x0000000082c00000| PB 0x0000000082c00000| Untracked 
|  45|0x0000000082d00000, 0x0000000082e00000, 0x0000000082e00000|100%| O|  |TAMS 0x0000000082d00000| PB 0x0000000082d00000| Untracked 
|  46|0x0000000082e00000, 0x0000000082f00000, 0x0000000082f00000|100%| O|  |TAMS 0x0000000082e00000| PB 0x0000000082e00000| Untracked 
|  47|0x0000000082f00000, 0x0000000083000000, 0x0000000083000000|100%|HS|  |TAMS 0x0000000082f00000| PB 0x0000000082f00000| Complete 
|  48|0x0000000083000000, 0x0000000083100000, 0x0000000083100000|100%| O|  |TAMS 0x0000000083000000| PB 0x0000000083000000| Untracked 
|  49|0x0000000083100000, 0x0000000083200000, 0x0000000083200000|100%| O|  |TAMS 0x0000000083100000| PB 0x0000000083100000| Untracked 
|  50|0x0000000083200000, 0x0000000083300000, 0x0000000083300000|100%| O|  |TAMS 0x0000000083200000| PB 0x0000000083200000| Untracked 
|  51|0x0000000083300000, 0x0000000083400000, 0x0000000083400000|100%| O|  |TAMS 0x0000000083300000| PB 0x0000000083300000| Untracked 
|  52|0x0000000083400000, 0x0000000083500000, 0x0000000083500000|100%|HS|  |TAMS 0x0000000083400000| PB 0x0000000083400000| Complete 
|  53|0x0000000083500000, 0x0000000083600000, 0x0000000083600000|100%|HS|  |TAMS 0x0000000083500000| PB 0x0000000083500000| Complete 
|  54|0x0000000083600000, 0x00000000836ca850, 0x0000000083700000| 79%| E|CS|TAMS 0x0000000083600000| PB 0x0000000083600000| Complete 
|  55|0x0000000083700000, 0x0000000083800000, 0x0000000083800000|100%| E|CS|TAMS 0x0000000083700000| PB 0x0000000083700000| Complete 
|  56|0x0000000083800000, 0x0000000083900000, 0x0000000083900000|100%|HS|  |TAMS 0x0000000083800000| PB 0x0000000083800000| Complete 
|  57|0x0000000083900000, 0x0000000083a00000, 0x0000000083a00000|100%|HC|  |TAMS 0x0000000083900000| PB 0x0000000083900000| Complete 
|  58|0x0000000083a00000, 0x0000000083b00000, 0x0000000083b00000|100%|HS|  |TAMS 0x0000000083a00000| PB 0x0000000083a00000| Complete 
|  59|0x0000000083b00000, 0x0000000083c00000, 0x0000000083c00000|100%|HS|  |TAMS 0x0000000083b00000| PB 0x0000000083b00000| Complete 
|  60|0x0000000083c00000, 0x0000000083d00000, 0x0000000083d00000|100%| E|CS|TAMS 0x0000000083c00000| PB 0x0000000083c00000| Complete 
|  61|0x0000000083d00000, 0x0000000083e00000, 0x0000000083e00000|100%| E|CS|TAMS 0x0000000083d00000| PB 0x0000000083d00000| Complete 
|  62|0x0000000083e00000, 0x0000000083f00000, 0x0000000083f00000|100%|HS|  |TAMS 0x0000000083e00000| PB 0x0000000083e00000| Complete 
|  63|0x0000000083f00000, 0x0000000084000000, 0x0000000084000000|100%|HS|  |TAMS 0x0000000083f00000| PB 0x0000000083f00000| Complete 
|  64|0x0000000084000000, 0x0000000084100000, 0x0000000084100000|100%| S|  |TAMS 0x0000000084000000| PB 0x0000000084000000| Complete 
|  65|0x0000000084100000, 0x0000000084200000, 0x0000000084200000|100%| S|  |TAMS 0x0000000084100000| PB 0x0000000084100000| Complete 
|  66|0x0000000084200000, 0x0000000084300000, 0x0000000084300000|100%| S|  |TAMS 0x0000000084200000| PB 0x0000000084200000| Complete 
|  67|0x0000000084300000, 0x0000000084400000, 0x0000000084400000|100%| S|  |TAMS 0x0000000084300000| PB 0x0000000084300000| Complete 
|  68|0x0000000084400000, 0x0000000084500000, 0x0000000084500000|100%| E|CS|TAMS 0x0000000084400000| PB 0x0000000084400000| Complete 
|  69|0x0000000084500000, 0x0000000084600000, 0x0000000084600000|100%| E|CS|TAMS 0x0000000084500000| PB 0x0000000084500000| Complete 
|  70|0x0000000084600000, 0x0000000084700000, 0x0000000084700000|100%| E|CS|TAMS 0x0000000084600000| PB 0x0000000084600000| Complete 
|  71|0x0000000084700000, 0x0000000084800000, 0x0000000084800000|100%| E|CS|TAMS 0x0000000084700000| PB 0x0000000084700000| Complete 
|  72|0x0000000084800000, 0x0000000084900000, 0x0000000084900000|100%| E|CS|TAMS 0x0000000084800000| PB 0x0000000084800000| Complete 
|  73|0x0000000084900000, 0x0000000084a00000, 0x0000000084a00000|100%| E|CS|TAMS 0x0000000084900000| PB 0x0000000084900000| Complete 
|  74|0x0000000084a00000, 0x0000000084b00000, 0x0000000084b00000|100%| E|CS|TAMS 0x0000000084a00000| PB 0x0000000084a00000| Complete 
|  75|0x0000000084b00000, 0x0000000084c00000, 0x0000000084c00000|100%| E|CS|TAMS 0x0000000084b00000| PB 0x0000000084b00000| Complete 
|  76|0x0000000084c00000, 0x0000000084d00000, 0x0000000084d00000|100%| E|CS|TAMS 0x0000000084c00000| PB 0x0000000084c00000| Complete 
|  77|0x0000000084d00000, 0x0000000084e00000, 0x0000000084e00000|100%| E|CS|TAMS 0x0000000084d00000| PB 0x0000000084d00000| Complete 
|  78|0x0000000084e00000, 0x0000000084f00000, 0x0000000084f00000|100%| E|CS|TAMS 0x0000000084e00000| PB 0x0000000084e00000| Complete 
|  79|0x0000000084f00000, 0x0000000085000000, 0x0000000085000000|100%| E|CS|TAMS 0x0000000084f00000| PB 0x0000000084f00000| Complete 
|  80|0x0000000085000000, 0x0000000085100000, 0x0000000085100000|100%| E|CS|TAMS 0x0000000085000000| PB 0x0000000085000000| Complete 
|  81|0x0000000085100000, 0x0000000085200000, 0x0000000085200000|100%| E|CS|TAMS 0x0000000085100000| PB 0x0000000085100000| Complete 
|  82|0x0000000085200000, 0x0000000085300000, 0x0000000085300000|100%| E|CS|TAMS 0x0000000085200000| PB 0x0000000085200000| Complete 
|  83|0x0000000085300000, 0x0000000085400000, 0x0000000085400000|100%| E|CS|TAMS 0x0000000085300000| PB 0x0000000085300000| Complete 
|  84|0x0000000085400000, 0x0000000085500000, 0x0000000085500000|100%| E|CS|TAMS 0x0000000085400000| PB 0x0000000085400000| Complete 
|  85|0x0000000085500000, 0x0000000085600000, 0x0000000085600000|100%| E|CS|TAMS 0x0000000085500000| PB 0x0000000085500000| Complete 
|  86|0x0000000085600000, 0x0000000085700000, 0x0000000085700000|100%| E|CS|TAMS 0x0000000085600000| PB 0x0000000085600000| Complete 
|  87|0x0000000085700000, 0x0000000085800000, 0x0000000085800000|100%| E|CS|TAMS 0x0000000085700000| PB 0x0000000085700000| Complete 
|  88|0x0000000085800000, 0x0000000085900000, 0x0000000085900000|100%| E|CS|TAMS 0x0000000085800000| PB 0x0000000085800000| Complete 
|  89|0x0000000085900000, 0x0000000085a00000, 0x0000000085a00000|100%| E|CS|TAMS 0x0000000085900000| PB 0x0000000085900000| Complete 
|  90|0x0000000085a00000, 0x0000000085b00000, 0x0000000085b00000|100%| E|CS|TAMS 0x0000000085a00000| PB 0x0000000085a00000| Complete 
|  91|0x0000000085b00000, 0x0000000085c00000, 0x0000000085c00000|100%| E|CS|TAMS 0x0000000085b00000| PB 0x0000000085b00000| Complete 
|  92|0x0000000085c00000, 0x0000000085d00000, 0x0000000085d00000|100%| E|CS|TAMS 0x0000000085c00000| PB 0x0000000085c00000| Complete 
|  93|0x0000000085d00000, 0x0000000085e00000, 0x0000000085e00000|100%| E|CS|TAMS 0x0000000085d00000| PB 0x0000000085d00000| Complete 
|  94|0x0000000085e00000, 0x0000000085f00000, 0x0000000085f00000|100%| E|CS|TAMS 0x0000000085e00000| PB 0x0000000085e00000| Complete 
|  95|0x0000000085f00000, 0x0000000086000000, 0x0000000086000000|100%| E|CS|TAMS 0x0000000085f00000| PB 0x0000000085f00000| Complete 
|  96|0x0000000086000000, 0x0000000086100000, 0x0000000086100000|100%| E|CS|TAMS 0x0000000086000000| PB 0x0000000086000000| Complete 
|  97|0x0000000086100000, 0x0000000086200000, 0x0000000086200000|100%| E|CS|TAMS 0x0000000086100000| PB 0x0000000086100000| Complete 
|  98|0x0000000086200000, 0x0000000086300000, 0x0000000086300000|100%| E|CS|TAMS 0x0000000086200000| PB 0x0000000086200000| Complete 
|  99|0x0000000086300000, 0x0000000086400000, 0x0000000086400000|100%| E|CS|TAMS 0x0000000086300000| PB 0x0000000086300000| Complete 
| 100|0x0000000086400000, 0x0000000086500000, 0x0000000086500000|100%| E|CS|TAMS 0x0000000086400000| PB 0x0000000086400000| Complete 
| 101|0x0000000086500000, 0x0000000086600000, 0x0000000086600000|100%| E|CS|TAMS 0x0000000086500000| PB 0x0000000086500000| Complete 
| 102|0x0000000086600000, 0x0000000086700000, 0x0000000086700000|100%| E|CS|TAMS 0x0000000086600000| PB 0x0000000086600000| Complete 
| 103|0x0000000086700000, 0x0000000086800000, 0x0000000086800000|100%| E|CS|TAMS 0x0000000086700000| PB 0x0000000086700000| Complete 
| 104|0x0000000086800000, 0x0000000086900000, 0x0000000086900000|100%| E|CS|TAMS 0x0000000086800000| PB 0x0000000086800000| Complete 
| 105|0x0000000086900000, 0x0000000086a00000, 0x0000000086a00000|100%| E|CS|TAMS 0x0000000086900000| PB 0x0000000086900000| Complete 
| 106|0x0000000086a00000, 0x0000000086b00000, 0x0000000086b00000|100%| E|CS|TAMS 0x0000000086a00000| PB 0x0000000086a00000| Complete 
| 107|0x0000000086b00000, 0x0000000086c00000, 0x0000000086c00000|100%| E|CS|TAMS 0x0000000086b00000| PB 0x0000000086b00000| Complete 
| 108|0x0000000086c00000, 0x0000000086d00000, 0x0000000086d00000|100%| E|CS|TAMS 0x0000000086c00000| PB 0x0000000086c00000| Complete 
| 109|0x0000000086d00000, 0x0000000086e00000, 0x0000000086e00000|100%| E|CS|TAMS 0x0000000086d00000| PB 0x0000000086d00000| Complete 
| 110|0x0000000086e00000, 0x0000000086f00000, 0x0000000086f00000|100%| E|CS|TAMS 0x0000000086e00000| PB 0x0000000086e00000| Complete 
| 111|0x0000000086f00000, 0x0000000087000000, 0x0000000087000000|100%| E|CS|TAMS 0x0000000086f00000| PB 0x0000000086f00000| Complete 
| 112|0x0000000087000000, 0x0000000087100000, 0x0000000087100000|100%| E|CS|TAMS 0x0000000087000000| PB 0x0000000087000000| Complete 
| 113|0x0000000087100000, 0x0000000087200000, 0x0000000087200000|100%| E|CS|TAMS 0x0000000087100000| PB 0x0000000087100000| Complete 
| 114|0x0000000087200000, 0x0000000087300000, 0x0000000087300000|100%| E|CS|TAMS 0x0000000087200000| PB 0x0000000087200000| Complete 
| 115|0x0000000087300000, 0x0000000087400000, 0x0000000087400000|100%| E|CS|TAMS 0x0000000087300000| PB 0x0000000087300000| Complete 
| 116|0x0000000087400000, 0x0000000087500000, 0x0000000087500000|100%| E|CS|TAMS 0x0000000087400000| PB 0x0000000087400000| Complete 
| 117|0x0000000087500000, 0x0000000087600000, 0x0000000087600000|100%| E|CS|TAMS 0x0000000087500000| PB 0x0000000087500000| Complete 
| 118|0x0000000087600000, 0x0000000087700000, 0x0000000087700000|100%| S|  |TAMS 0x0000000087600000| PB 0x0000000087600000| Complete 
| 119|0x0000000087700000, 0x0000000087800000, 0x0000000087800000|100%| S|  |TAMS 0x0000000087700000| PB 0x0000000087700000| Complete 
| 120|0x0000000087800000, 0x0000000087900000, 0x0000000087900000|100%| S|  |TAMS 0x0000000087800000| PB 0x0000000087800000| Complete 
| 121|0x0000000087900000, 0x0000000087a00000, 0x0000000087a00000|100%| S|  |TAMS 0x0000000087900000| PB 0x0000000087900000| Complete 
| 224|0x000000008e000000, 0x000000008e100000, 0x000000008e100000|100%| E|CS|TAMS 0x000000008e000000| PB 0x000000008e000000| Complete 
| 225|0x000000008e100000, 0x000000008e200000, 0x000000008e200000|100%| E|CS|TAMS 0x000000008e100000| PB 0x000000008e100000| Complete 
| 226|0x000000008e200000, 0x000000008e300000, 0x000000008e300000|100%| E|CS|TAMS 0x000000008e200000| PB 0x000000008e200000| Complete 
| 227|0x000000008e300000, 0x000000008e400000, 0x000000008e400000|100%| E|CS|TAMS 0x000000008e300000| PB 0x000000008e300000| Complete 
| 228|0x000000008e400000, 0x000000008e500000, 0x000000008e500000|100%| E|CS|TAMS 0x000000008e400000| PB 0x000000008e400000| Complete 
| 229|0x000000008e500000, 0x000000008e600000, 0x000000008e600000|100%| E|CS|TAMS 0x000000008e500000| PB 0x000000008e500000| Complete 
| 230|0x000000008e600000, 0x000000008e700000, 0x000000008e700000|100%| E|CS|TAMS 0x000000008e600000| PB 0x000000008e600000| Complete 
| 231|0x000000008e700000, 0x000000008e800000, 0x000000008e800000|100%| E|CS|TAMS 0x000000008e700000| PB 0x000000008e700000| Complete 
| 232|0x000000008e800000, 0x000000008e900000, 0x000000008e900000|100%| E|CS|TAMS 0x000000008e800000| PB 0x000000008e800000| Complete 
| 251|0x000000008fb00000, 0x000000008fc00000, 0x000000008fc00000|100%| E|CS|TAMS 0x000000008fb00000| PB 0x000000008fb00000| Complete 
|2045|0x00000000ffd00000, 0x00000000ffe00000, 0x00000000ffe00000|100%| O|  |TAMS 0x00000000ffd00000| PB 0x00000000ffd00000| Untracked 
|2046|0x00000000ffe00000, 0x00000000fff00000, 0x00000000fff00000|100%| O|  |TAMS 0x00000000ffe00000| PB 0x00000000ffe00000| Untracked 
|2047|0x00000000fff00000, 0x0000000100000000, 0x0000000100000000|100%| O|  |TAMS 0x00000000fff00000| PB 0x00000000fff00000| Untracked 

Card table byte_map: [0x0000026274660000,0x0000026274a60000] _byte_map_base: 0x0000026274260000

Marking Bits: (CMBitMap*) 0x0000026261c17070
 Bits: [0x0000026274a60000, 0x0000026276a60000)

Polling page: 0x000002625fcb0000

Metaspace:

Usage:
  Non-class:     62.87 MB used.
      Class:     10.32 MB used.
       Both:     73.19 MB used.

Virtual space:
  Non-class space:      128.00 MB reserved,      63.88 MB ( 50%) committed,  2 nodes.
      Class space:        1.00 GB reserved,      11.25 MB (  1%) committed,  1 nodes.
             Both:        1.12 GB reserved,      75.12 MB (  7%) committed. 

Chunk freelists:
   Non-Class:  15.69 MB
       Class:  4.78 MB
        Both:  20.47 MB

MaxMetaspaceSize: unlimited
CompressedClassSpaceSize: 1.00 GB
Initial GC threshold: 21.00 MB
Current GC threshold: 118.56 MB
CDS: off
 - commit_granule_bytes: 65536.
 - commit_granule_words: 8192.
 - virtual_space_node_default_size: 8388608.
 - enlarge_chunks_in_place: 1.
 - use_allocation_guard: 0.


Internal statistics:

num_allocs_failed_limit: 9.
num_arena_births: 3734.
num_arena_deaths: 0.
num_vsnodes_births: 3.
num_vsnodes_deaths: 0.
num_space_committed: 1202.
num_space_uncommitted: 0.
num_chunks_returned_to_freelist: 9.
num_chunks_taken_from_freelist: 7029.
num_chunk_merges: 9.
num_chunk_splits: 4547.
num_chunks_enlarged: 2723.
num_inconsistent_stats: 0.

CodeHeap 'non-profiled nmethods': size=120000Kb used=4555Kb max_used=4734Kb free=115444Kb
 bounds [0x000002626c7e0000, 0x000002626cc80000, 0x0000026273d10000]
CodeHeap 'profiled nmethods': size=120000Kb used=14462Kb max_used=14994Kb free=105537Kb
 bounds [0x0000026264d10000, 0x0000026265bc0000, 0x000002626c240000]
CodeHeap 'non-nmethods': size=5760Kb used=2036Kb max_used=2082Kb free=3723Kb
 bounds [0x000002626c240000, 0x000002626c4b0000, 0x000002626c7e0000]
CodeCache: size=245760Kb, used=21053Kb, max_used=21810Kb, free=224704Kb
 total_blobs=8590, nmethods=7794, adapters=698, full_count=0
Compilation: enabled, stopped_count=0, restarted_count=0

Compilation events (20 events):
Event: 11.727 Thread 0x0000026279827fa0 nmethod 8755 0x00000262652e9510 code [0x00000262652e96e0, 0x00000262652e9ac0]
Event: 11.727 Thread 0x0000026279827fa0 8756   !   3       org.gradle.api.internal.provider.DefaultProvider::calculateOwnValue (60 bytes)
Event: 11.728 Thread 0x0000026279827fa0 nmethod 8756 0x00000262653da590 code [0x00000262653da820, 0x00000262653db418]
Event: 11.730 Thread 0x000002627981d030 nmethod 8751 0x000002626c91ad10 code [0x000002626c91aec0, 0x000002626c91b068]
Event: 11.730 Thread 0x000002627981d030 8753       4       sun.util.locale.LocaleUtils::caseIgnoreMatch (73 bytes)
Event: 11.731 Thread 0x0000026279827fa0 8757       3       org.gradle.model.internal.asm.ClassVisitorScope::addGetter (11 bytes)
Event: 11.731 Thread 0x0000026279827fa0 nmethod 8757 0x000002626541b610 code [0x000002626541b7c0, 0x000002626541b988]
Event: 11.733 Thread 0x000002627981d030 nmethod 8753 0x000002626c91a210 code [0x000002626c91a3e0, 0x000002626c91a738]
Event: 11.733 Thread 0x0000026279827fa0 8758       3       java.lang.invoke.LambdaForm$MH/0x00000001000c1c00::invokeExact_MT (26 bytes)
Event: 11.733 Thread 0x0000026279827fa0 nmethod 8758 0x000002626541e310 code [0x000002626541e520, 0x000002626541eb60]
Event: 11.762 Thread 0x0000026279827fa0 8760       3       org.objectweb.asm.AnnotationWriter::visit (935 bytes)
Event: 11.764 Thread 0x0000026279827fa0 nmethod 8760 0x00000262650a6810 code [0x00000262650a6f00, 0x00000262650aaac0]
Event: 11.764 Thread 0x0000026279827fa0 8761       3       java.lang.invoke.MethodHandles$Lookup$ClassFile::readUnsignedShort (39 bytes)
Event: 11.764 Thread 0x0000026279827fa0 nmethod 8761 0x000002626541dd90 code [0x000002626541df40, 0x000002626541e198]
Event: 11.764 Thread 0x0000026279827fa0 8759       1       org.gradle.model.internal.asm.AsmClassGenerator::getVisitor (5 bytes)
Event: 11.764 Thread 0x0000026279827fa0 nmethod 8759 0x000002626cab1d10 code [0x000002626cab1ea0, 0x000002626cab1f68]
Event: 11.764 Thread 0x0000026279827fa0 8762       1       jdk.internal.org.objectweb.asm.ClassReader::getMaxStringLength (5 bytes)
Event: 11.765 Thread 0x0000026279827fa0 nmethod 8762 0x000002626cab1a10 code [0x000002626cab1ba0, 0x000002626cab1c68]
Event: 11.781 Thread 0x000002627981d030 8763   !   4       java.net.URLClassLoader::findClass (47 bytes)
Event: 11.785 Thread 0x000002627981d030 nmethod 8763 0x000002626cab1110 code [0x000002626cab1320, 0x000002626cab16d8]

GC Heap History (20 events):
Event: 4.249 GC heap after
{Heap after GC invocations=8 (full 0):
 garbage-first heap   total 82944K, used 25600K [0x0000000080000000, 0x0000000100000000)
  region size 1024K, 3 young (3072K), 3 survivors (3072K)
 Metaspace       used 35266K, committed 35968K, reserved 1114112K
  class space    used 4691K, committed 5056K, reserved 1048576K
}
Event: 4.788 GC heap before
{Heap before GC invocations=9 (full 0):
 garbage-first heap   total 82944K, used 71680K [0x0000000080000000, 0x0000000100000000)
  region size 1024K, 48 young (49152K), 3 survivors (3072K)
 Metaspace       used 41381K, committed 42560K, reserved 1114112K
  class space    used 5748K, committed 6336K, reserved 1048576K
}
Event: 4.792 GC heap after
{Heap after GC invocations=10 (full 0):
 garbage-first heap   total 82944K, used 27648K [0x0000000080000000, 0x0000000100000000)
  region size 1024K, 5 young (5120K), 5 survivors (5120K)
 Metaspace       used 41381K, committed 42560K, reserved 1114112K
  class space    used 5748K, committed 6336K, reserved 1048576K
}
Event: 5.369 GC heap before
{Heap before GC invocations=10 (full 0):
 garbage-first heap   total 82944K, used 70656K [0x0000000080000000, 0x0000000100000000)
  region size 1024K, 48 young (49152K), 5 survivors (5120K)
 Metaspace       used 48432K, committed 49728K, reserved 1114112K
  class space    used 6720K, committed 7360K, reserved 1048576K
}
Event: 5.375 GC heap after
{Heap after GC invocations=11 (full 0):
 garbage-first heap   total 82944K, used 31075K [0x0000000080000000, 0x0000000100000000)
  region size 1024K, 6 young (6144K), 6 survivors (6144K)
 Metaspace       used 48432K, committed 49728K, reserved 1114112K
  class space    used 6720K, committed 7360K, reserved 1048576K
}
Event: 5.831 GC heap before
{Heap before GC invocations=11 (full 0):
 garbage-first heap   total 82944K, used 71011K [0x0000000080000000, 0x0000000100000000)
  region size 1024K, 45 young (46080K), 6 survivors (6144K)
 Metaspace       used 53397K, committed 54976K, reserved 1114112K
  class space    used 7523K, committed 8256K, reserved 1048576K
}
Event: 5.838 GC heap after
{Heap after GC invocations=12 (full 0):
 garbage-first heap   total 108544K, used 34475K [0x0000000080000000, 0x0000000100000000)
  region size 1024K, 4 young (4096K), 4 survivors (4096K)
 Metaspace       used 53397K, committed 54976K, reserved 1114112K
  class space    used 7523K, committed 8256K, reserved 1048576K
}
Event: 6.366 GC heap before
{Heap before GC invocations=12 (full 0):
 garbage-first heap   total 108544K, used 94891K [0x0000000080000000, 0x0000000100000000)
  region size 1024K, 61 young (62464K), 4 survivors (4096K)
 Metaspace       used 56331K, committed 58048K, reserved 1114112K
  class space    used 7991K, committed 8832K, reserved 1048576K
}
Event: 6.371 GC heap after
{Heap after GC invocations=13 (full 0):
 garbage-first heap   total 108544K, used 41056K [0x0000000080000000, 0x0000000100000000)
  region size 1024K, 8 young (8192K), 8 survivors (8192K)
 Metaspace       used 56331K, committed 58048K, reserved 1114112K
  class space    used 7991K, committed 8832K, reserved 1048576K
}
Event: 6.539 GC heap before
{Heap before GC invocations=13 (full 0):
 garbage-first heap   total 108544K, used 57440K [0x0000000080000000, 0x0000000100000000)
  region size 1024K, 25 young (25600K), 8 survivors (8192K)
 Metaspace       used 58426K, committed 60160K, reserved 1114112K
  class space    used 8306K, committed 9152K, reserved 1048576K
}
Event: 6.543 GC heap after
{Heap after GC invocations=14 (full 0):
 garbage-first heap   total 108544K, used 42016K [0x0000000080000000, 0x0000000100000000)
  region size 1024K, 2 young (2048K), 2 survivors (2048K)
 Metaspace       used 58426K, committed 60160K, reserved 1114112K
  class space    used 8306K, committed 9152K, reserved 1048576K
}
Event: 7.187 GC heap before
{Heap before GC invocations=15 (full 0):
 garbage-first heap   total 108544K, used 95264K [0x0000000080000000, 0x0000000100000000)
  region size 1024K, 54 young (55296K), 2 survivors (2048K)
 Metaspace       used 65909K, committed 67648K, reserved 1114112K
  class space    used 9432K, committed 10240K, reserved 1048576K
}
Event: 7.191 GC heap after
{Heap after GC invocations=16 (full 0):
 garbage-first heap   total 108544K, used 44104K [0x0000000080000000, 0x0000000100000000)
  region size 1024K, 4 young (4096K), 4 survivors (4096K)
 Metaspace       used 65909K, committed 67648K, reserved 1114112K
  class space    used 9432K, committed 10240K, reserved 1048576K
}
Event: 7.958 GC heap before
{Heap before GC invocations=16 (full 0):
 garbage-first heap   total 108544K, used 95304K [0x0000000080000000, 0x0000000100000000)
  region size 1024K, 55 young (56320K), 4 survivors (4096K)
 Metaspace       used 70110K, committed 72064K, reserved 1114112K
  class space    used 10060K, committed 11008K, reserved 1048576K
}
Event: 7.963 GC heap after
{Heap after GC invocations=17 (full 0):
 garbage-first heap   total 108544K, used 48111K [0x0000000080000000, 0x0000000100000000)
  region size 1024K, 7 young (7168K), 7 survivors (7168K)
 Metaspace       used 70110K, committed 72064K, reserved 1114112K
  class space    used 10060K, committed 11008K, reserved 1048576K
}
Event: 8.214 GC heap before
{Heap before GC invocations=17 (full 0):
 garbage-first heap   total 108544K, used 94191K [0x0000000080000000, 0x0000000100000000)
  region size 1024K, 53 young (54272K), 7 survivors (7168K)
 Metaspace       used 70584K, committed 72512K, reserved 1114112K
  class space    used 10060K, committed 11008K, reserved 1048576K
}
Event: 8.220 GC heap after
{Heap after GC invocations=18 (full 0):
 garbage-first heap   total 108544K, used 52275K [0x0000000080000000, 0x0000000100000000)
  region size 1024K, 4 young (4096K), 4 survivors (4096K)
 Metaspace       used 70584K, committed 72512K, reserved 1114112K
  class space    used 10060K, committed 11008K, reserved 1048576K
}
Event: 8.573 GC heap before
{Heap before GC invocations=18 (full 0):
 garbage-first heap   total 108544K, used 97331K [0x0000000080000000, 0x0000000100000000)
  region size 1024K, 48 young (49152K), 4 survivors (4096K)
 Metaspace       used 70882K, committed 72832K, reserved 1114112K
  class space    used 10089K, committed 11008K, reserved 1048576K
}
Event: 8.577 GC heap after
{Heap after GC invocations=19 (full 0):
 garbage-first heap   total 131072K, used 55294K [0x0000000080000000, 0x0000000100000000)
  region size 1024K, 4 young (4096K), 4 survivors (4096K)
 Metaspace       used 70882K, committed 72832K, reserved 1114112K
  class space    used 10089K, committed 11008K, reserved 1048576K
}
Event: 11.789 GC heap before
{Heap before GC invocations=20 (full 0):
 garbage-first heap   total 131072K, used 124926K [0x0000000080000000, 0x0000000100000000)
  region size 1024K, 64 young (65536K), 4 survivors (4096K)
 Metaspace       used 74945K, committed 76928K, reserved 1179648K
  class space    used 10566K, committed 11520K, reserved 1048576K
}

Dll operation events (3 events):
Event: 0.017 Loaded shared library C:\Program Files\Android\Android Studio\jbr\bin\java.dll
Event: 0.025 Loaded shared library C:\Program Files\Android\Android Studio\jbr\bin\zip.dll
Event: 1.046 Loaded shared library C:\Program Files\Android\Android Studio\jbr\bin\verify.dll

Deoptimization events (20 events):
Event: 11.368 Thread 0x00000262001d2970 Uncommon trap: trap_request=0xffffffc6 fr.pc=0x000002626cc39594 relative=0x00000000000003b4
Event: 11.368 Thread 0x00000262001d2970 Uncommon trap: reason=bimorphic_or_optimized_type_check action=maybe_recompile pc=0x000002626cc39594 method=com.google.common.cache.LocalCache$Segment.getEntry(Ljava/lang/Object;I)Lcom/google/common/cache/ReferenceEntry; @ 11 c2
Event: 11.368 Thread 0x00000262001d2970 DEOPT PACKING pc=0x000002626cc39594 sp=0x0000009b0c2f6ac0
Event: 11.368 Thread 0x00000262001d2970 DEOPT UNPACKING pc=0x000002626c2946a2 sp=0x0000009b0c2f6a58 mode 2
Event: 11.397 Thread 0x00000262001d2970 Uncommon trap: trap_request=0xffffffde fr.pc=0x000002626cb50670 relative=0x00000000000065f0
Event: 11.397 Thread 0x00000262001d2970 Uncommon trap: reason=class_check action=maybe_recompile pc=0x000002626cb50670 method=java.util.jar.JarFile.getManifestFromReference()Ljava/util/jar/Manifest; @ 152 c2
Event: 11.397 Thread 0x00000262001d2970 DEOPT PACKING pc=0x000002626cb50670 sp=0x0000009b0c2f4650
Event: 11.397 Thread 0x00000262001d2970 DEOPT UNPACKING pc=0x000002626c2946a2 sp=0x0000009b0c2f42e0 mode 2
Event: 11.462 Thread 0x00000262001d2970 Uncommon trap: trap_request=0xffffff45 fr.pc=0x000002626c981d54 relative=0x0000000000000134
Event: 11.462 Thread 0x00000262001d2970 Uncommon trap: reason=unstable_if action=reinterpret pc=0x000002626c981d54 method=jdk.internal.org.objectweb.asm.ByteVector.putInt(I)Ljdk/internal/org/objectweb/asm/ByteVector; @ 13 c2
Event: 11.462 Thread 0x00000262001d2970 DEOPT PACKING pc=0x000002626c981d54 sp=0x0000009b0c2f5c20
Event: 11.462 Thread 0x00000262001d2970 DEOPT UNPACKING pc=0x000002626c2946a2 sp=0x0000009b0c2f5bb8 mode 2
Event: 11.513 Thread 0x00000262001d2970 Uncommon trap: trap_request=0xffffff45 fr.pc=0x000002626c92bea4 relative=0x0000000000001f04
Event: 11.513 Thread 0x00000262001d2970 Uncommon trap: reason=unstable_if action=reinterpret pc=0x000002626c92bea4 method=java.util.zip.InflaterInputStream.read([BII)I @ 94 c2
Event: 11.513 Thread 0x00000262001d2970 DEOPT PACKING pc=0x000002626c92bea4 sp=0x0000009b0c2f4d00
Event: 11.513 Thread 0x00000262001d2970 DEOPT UNPACKING pc=0x000002626c2946a2 sp=0x0000009b0c2f4d60 mode 2
Event: 11.703 Thread 0x00000262001d2970 Uncommon trap: trap_request=0xffffffde fr.pc=0x000002626cb50670 relative=0x00000000000065f0
Event: 11.703 Thread 0x00000262001d2970 Uncommon trap: reason=class_check action=maybe_recompile pc=0x000002626cb50670 method=java.util.jar.JarFile.getManifestFromReference()Ljava/util/jar/Manifest; @ 152 c2
Event: 11.703 Thread 0x00000262001d2970 DEOPT PACKING pc=0x000002626cb50670 sp=0x0000009b0c2f64f0
Event: 11.703 Thread 0x00000262001d2970 DEOPT UNPACKING pc=0x000002626c2946a2 sp=0x0000009b0c2f6170 mode 2

Classes loaded (20 events):
Event: 8.596 Loading class java/io/FileCustomizer
Event: 8.596 Loading class java/io/FileCustomizer done
Event: 8.631 Loading class java/util/AbstractCollectionBeanInfo
Event: 8.631 Loading class java/util/AbstractCollectionBeanInfo done
Event: 8.632 Loading class java/util/AbstractCollectionBeanInfo
Event: 8.632 Loading class java/util/AbstractCollectionBeanInfo done
Event: 8.632 Loading class java/util/AbstractCollectionCustomizer
Event: 8.632 Loading class java/util/AbstractCollectionCustomizer done
Event: 8.632 Loading class java/util/AbstractCollectionCustomizer
Event: 8.632 Loading class java/util/AbstractCollectionCustomizer done
Event: 8.647 Loading class java/util/stream/SortedOps$RefSortingSink
Event: 8.647 Loading class java/util/stream/SortedOps$RefSortingSink done
Event: 8.654 Loading class java/time/Ser
Event: 8.655 Loading class java/time/Ser done
Event: 11.567 Loading class java/util/Currency
Event: 11.568 Loading class java/util/Currency done
Event: 11.668 Loading class java/util/Comparators$NullComparator
Event: 11.669 Loading class java/util/Comparators$NullComparator done
Event: 11.723 Loading class sun/text/resources/cldr/FormatData_en_US
Event: 11.723 Loading class sun/text/resources/cldr/FormatData_en_US done

Classes unloaded (0 events):
No events

Classes redefined (0 events):
No events

Internal exceptions (20 events):
Event: 8.632 Thread 0x00000262001d2970 Exception <a 'java/lang/ClassNotFoundException'{0x000000008e64fe48}: java/util/AbstractCollectionBeanInfo> (0x000000008e64fe48) 
thrown [s\src\hotspot\share\classfile\systemDictionary.cpp, line 312]
Event: 8.632 Thread 0x00000262001d2970 Exception <a 'java/lang/ClassNotFoundException'{0x000000008e656320}: java/util/AbstractCollectionCustomizer> (0x000000008e656320) 
thrown [s\src\hotspot\share\classfile\systemDictionary.cpp, line 312]
Event: 8.632 Thread 0x00000262001d2970 Exception <a 'java/lang/ClassNotFoundException'{0x000000008e671448}: org/gradle/api/internal/DefaultDomainObjectCollectionCustomizer> (0x000000008e671448) 
thrown [s\src\hotspot\share\classfile\systemDictionary.cpp, line 312]
Event: 8.633 Thread 0x00000262001d2970 Exception <a 'java/lang/ClassNotFoundException'{0x000000008e6a4188}: org/gradle/api/internal/DefaultNamedDomainObjectCollectionCustomizer> (0x000000008e6a4188) 
thrown [s\src\hotspot\share\classfile\systemDictionary.cpp, line 312]
Event: 8.634 Thread 0x00000262001d2970 Exception <a 'java/lang/ClassNotFoundException'{0x000000008e6e5e70}: org/gradle/api/internal/DefaultNamedDomainObjectSetCustomizer> (0x000000008e6e5e70) 
thrown [s\src\hotspot\share\classfile\systemDictionary.cpp, line 312]
Event: 8.636 Thread 0x00000262001d2970 Exception <a 'java/lang/ClassNotFoundException'{0x000000008e520c38}: org/gradle/api/internal/tasks/DefaultTaskCollectionCustomizer> (0x000000008e520c38) 
thrown [s\src\hotspot\share\classfile\systemDictionary.cpp, line 312]
Event: 8.639 Thread 0x00000262001d2970 Exception <a 'java/lang/ClassNotFoundException'{0x000000008e580a98}: org/gradle/api/internal/tasks/DefaultTaskCollection_DecoratedCustomizer> (0x000000008e580a98) 
thrown [s\src\hotspot\share\classfile\systemDictionary.cpp, line 312]
Event: 8.648 Thread 0x00000262001d15c0 Exception <a 'java/lang/NoSuchMethodError'{0x000000008e467160}: static Lorg/gradle/internal/build/event/types/DefaultOperationFinishedProgressEvent;.<clinit>()V> (0x000000008e467160) 
thrown [s\src\hotspot\share\prims\jni.cpp, line 1144]
Event: 8.651 Thread 0x00000262001d15c0 Exception <a 'java/lang/NoSuchMethodError'{0x000000008e491868}: static Lorg/gradle/internal/build/event/types/DefaultProjectConfigurationSuccessResult;.<clinit>()V> (0x000000008e491868) 
thrown [s\src\hotspot\share\prims\jni.cpp, line 1144]
Event: 8.651 Thread 0x00000262001d15c0 Exception <a 'java/lang/NoSuchMethodError'{0x000000008e492b80}: static Lorg/gradle/internal/build/event/types/AbstractProjectConfigurationResult;.<clinit>()V> (0x000000008e492b80) 
thrown [s\src\hotspot\share\prims\jni.cpp, line 1144]
Event: 8.651 Thread 0x00000262001d15c0 Exception <a 'java/lang/NoSuchMethodError'{0x000000008e4943c0}: static Lorg/gradle/internal/build/event/types/AbstractOperationResult;.<clinit>()V> (0x000000008e4943c0) 
thrown [s\src\hotspot\share\prims\jni.cpp, line 1144]
Event: 8.651 Thread 0x00000262001d15c0 Exception <a 'java/lang/NoSuchMethodError'{0x000000008e4955a0}: static Lorg/gradle/internal/build/event/types/AbstractResult;.<clinit>()V> (0x000000008e4955a0) 
thrown [s\src\hotspot\share\prims\jni.cpp, line 1144]
Event: 8.653 Thread 0x00000262001d15c0 Exception <a 'java/lang/NoSuchMethodError'{0x000000008e4aec08}: static Lorg/gradle/internal/build/event/types/DefaultPluginApplicationResult;.<clinit>()V> (0x000000008e4aec08) 
thrown [s\src\hotspot\share\prims\jni.cpp, line 1144]
Event: 8.653 Thread 0x00000262001d15c0 Exception <a 'java/lang/NoSuchMethodError'{0x000000008e4bd4d0}: static Lorg/gradle/internal/build/event/types/DefaultBinaryPluginIdentifier;.<clinit>()V> (0x000000008e4bd4d0) 
thrown [s\src\hotspot\share\prims\jni.cpp, line 1144]
Event: 8.656 Thread 0x00000262001d15c0 Exception <a 'java/lang/NoSuchMethodError'{0x000000008e4d70f8}: static Lorg/gradle/internal/build/event/types/DefaultScriptPluginIdentifier;.<clinit>()V> (0x000000008e4d70f8) 
thrown [s\src\hotspot\share\prims\jni.cpp, line 1144]
Event: 8.704 Thread 0x00000262001d2970 Implicit null exception at 0x000002626cba81de to 0x000002626cba8704
Event: 8.704 Thread 0x00000262001d2970 Implicit null exception at 0x000002626cba9b63 to 0x000002626cbaa074
Event: 10.992 Thread 0x00000262001d2970 Exception <a 'java/lang/ClassNotFoundException'{0x0000000086faae00}: org/gradle/api/internal/plugins/DefaultObjectConfigurationActionBeanInfo> (0x0000000086faae00) 
thrown [s\src\hotspot\share\classfile\systemDictionary.cpp, line 312]
Event: 10.996 Thread 0x00000262001d2970 Exception <a 'java/lang/ClassNotFoundException'{0x0000000086fbfe10}: org/gradle/api/internal/plugins/DefaultObjectConfigurationActionCustomizer> (0x0000000086fbfe10) 
thrown [s\src\hotspot\share\classfile\systemDictionary.cpp, line 312]
Event: 11.669 Thread 0x00000262001d2970 Exception <a 'java/lang/NoSuchMethodError'{0x0000000084b62880}: 'int java.lang.invoke.DirectMethodHandle$Holder.invokeSpecialIFC(java.lang.Object, java.lang.Object, java.lang.Object, java.lang.Object, java.lang.Object)'> (0x0000000084b62880) 
thrown [s\src\hotspot\share\interpreter\linkResolver.cpp, line 784]

ZGC Phase Switch (0 events):
No events

VM Operations (20 events):
Event: 7.931 Executing VM operation: ICBufferFull done
Event: 7.958 Executing VM operation: G1CollectForAllocation (G1 Evacuation Pause)
Event: 7.963 Executing VM operation: G1CollectForAllocation (G1 Evacuation Pause) done
Event: 8.060 Executing VM operation: ICBufferFull
Event: 8.060 Executing VM operation: ICBufferFull done
Event: 8.214 Executing VM operation: G1CollectForAllocation (G1 Evacuation Pause)
Event: 8.220 Executing VM operation: G1CollectForAllocation (G1 Evacuation Pause) done
Event: 8.560 Executing VM operation: ICBufferFull
Event: 8.560 Executing VM operation: ICBufferFull done
Event: 8.573 Executing VM operation: G1CollectForAllocation (G1 Evacuation Pause)
Event: 8.577 Executing VM operation: G1CollectForAllocation (G1 Evacuation Pause) done
Event: 8.603 Executing VM operation: G1PauseRemark
Event: 8.608 Executing VM operation: G1PauseRemark done
Event: 8.623 Executing VM operation: G1PauseCleanup
Event: 8.623 Executing VM operation: G1PauseCleanup done
Event: 9.626 Executing VM operation: Cleanup
Event: 9.843 Executing VM operation: Cleanup done
Event: 10.850 Executing VM operation: Cleanup
Event: 10.897 Executing VM operation: Cleanup done
Event: 11.789 Executing VM operation: G1CollectForAllocation (G1 Evacuation Pause)

Memory protections (0 events):
No events

Nmethod flushes (20 events):
Event: 8.606 Thread 0x000002625f8504e0 flushing  nmethod 0x0000026264dd8490
Event: 8.606 Thread 0x000002625f8504e0 flushing  nmethod 0x0000026264e7fa10
Event: 8.606 Thread 0x000002625f8504e0 flushing  nmethod 0x0000026264e89410
Event: 8.606 Thread 0x000002625f8504e0 flushing  nmethod 0x0000026264e89790
Event: 8.606 Thread 0x000002625f8504e0 flushing  nmethod 0x0000026264e8ae10
Event: 8.606 Thread 0x000002625f8504e0 flushing  nmethod 0x0000026264e91490
Event: 8.606 Thread 0x000002625f8504e0 flushing  nmethod 0x0000026264e91a10
Event: 8.606 Thread 0x000002625f8504e0 flushing  nmethod 0x0000026264f5e590
Event: 8.606 Thread 0x000002625f8504e0 flushing  nmethod 0x0000026264fffd10
Event: 8.606 Thread 0x000002625f8504e0 flushing  nmethod 0x0000026265003b90
Event: 8.606 Thread 0x000002625f8504e0 flushing  nmethod 0x0000026265007d10
Event: 8.606 Thread 0x000002625f8504e0 flushing  nmethod 0x00000262650b5610
Event: 8.606 Thread 0x000002625f8504e0 flushing  nmethod 0x00000262650bcf10
Event: 8.606 Thread 0x000002625f8504e0 flushing  nmethod 0x0000026265241a10
Event: 8.606 Thread 0x000002625f8504e0 flushing  nmethod 0x0000026265243c10
Event: 8.606 Thread 0x000002625f8504e0 flushing  nmethod 0x00000262652c6490
Event: 8.606 Thread 0x000002625f8504e0 flushing  nmethod 0x00000262653abe90
Event: 8.606 Thread 0x000002625f8504e0 flushing  nmethod 0x00000262653ac990
Event: 8.606 Thread 0x000002625f8504e0 flushing  nmethod 0x00000262653ace10
Event: 8.606 Thread 0x000002625f8504e0 flushing  nmethod 0x00000262653d1710

Events (20 events):
Event: 7.921 Thread 0x00000262001d2970 Thread added: 0x0000026200ca1540
Event: 7.922 Thread 0x00000262001d2970 Thread added: 0x0000026200ca0820
Event: 7.923 Thread 0x00000262001d2970 Thread added: 0x0000026200ca2260
Event: 7.924 Thread 0x00000262001d2970 Thread added: 0x0000026200c9ede0
Event: 7.926 Thread 0x00000262001d2970 Thread added: 0x0000026200c9f470
Event: 7.927 Thread 0x00000262001d2970 Thread added: 0x0000026200ca0190
Event: 7.928 Thread 0x00000262001d2970 Thread added: 0x0000026200ca0eb0
Event: 8.041 Thread 0x00000262001d2970 Thread added: 0x0000026204a943b0
Event: 8.041 Thread 0x00000262001d2970 Thread added: 0x0000026204a91c50
Event: 8.042 Thread 0x00000262001d2970 Thread added: 0x0000026204a92970
Event: 8.042 Thread 0x00000262001d2970 Thread added: 0x0000026204a94a40
Event: 8.042 Thread 0x00000262001d2970 Thread added: 0x0000026204a93690
Event: 8.042 Thread 0x00000262001d2970 Thread added: 0x0000026204a950d0
Event: 8.043 Thread 0x00000262001d2970 Thread added: 0x0000026204a93000
Event: 8.043 Thread 0x00000262001d2970 Thread added: 0x0000026204a93d20
Event: 8.043 Thread 0x00000262001d2970 Thread added: 0x0000026204a95760
Event: 8.043 Thread 0x00000262001d2970 Thread added: 0x0000026204a922e0
Event: 8.043 Thread 0x00000262001d2970 Thread added: 0x0000026204a96b10
Event: 10.896 Thread 0x00000262004df850 Thread exited: 0x00000262004df850
Event: 11.180 Thread 0x000002627e14cfd0 Thread exited: 0x000002627e14cfd0


Dynamic libraries:
0x00007ff613a60000 - 0x00007ff613a6a000 	C:\Program Files\Android\Android Studio\jbr\bin\java.exe
0x00007ffa6e680000 - 0x00007ffa6e8e7000 	C:\WINDOWS\SYSTEM32\ntdll.dll
0x00007ffa6c8f0000 - 0x00007ffa6c9b9000 	C:\WINDOWS\System32\KERNEL32.DLL
0x00007ffa6b280000 - 0x00007ffa6b674000 	C:\WINDOWS\System32\KERNELBASE.dll
0x00007ffa6c2c0000 - 0x00007ffa6c40b000 	C:\WINDOWS\System32\ucrtbase.dll
0x00007ffa54b90000 - 0x00007ffa54ba8000 	C:\Program Files\Android\Android Studio\jbr\bin\jli.dll
0x00007ffa69030000 - 0x00007ffa6904b000 	C:\Program Files\Android\Android Studio\jbr\bin\VCRUNTIME140.dll
0x00007ffa6ca20000 - 0x00007ffa6cbe5000 	C:\WINDOWS\System32\USER32.dll
0x00007ffa6b680000 - 0x00007ffa6b6a7000 	C:\WINDOWS\System32\win32u.dll
0x00007ffa542d0000 - 0x00007ffa54563000 	C:\WINDOWS\WinSxS\amd64_microsoft.windows.common-controls_6595b64144ccf1df_6.0.26100.8115_none_3e075c82e3354f9c\COMCTL32.dll
0x00007ffa6d150000 - 0x00007ffa6d17b000 	C:\WINDOWS\System32\GDI32.dll
0x00007ffa6b150000 - 0x00007ffa6b27a000 	C:\WINDOWS\System32\gdi32full.dll
0x00007ffa6cde0000 - 0x00007ffa6ce89000 	C:\WINDOWS\System32\msvcrt.dll
0x00007ffa6b0a0000 - 0x00007ffa6b143000 	C:\WINDOWS\System32\msvcp_win.dll
0x00007ffa6c9c0000 - 0x00007ffa6c9f2000 	C:\WINDOWS\System32\IMM32.DLL
0x00007ffa68430000 - 0x00007ffa6843c000 	C:\Program Files\Android\Android Studio\jbr\bin\vcruntime140_1.dll
0x00007ffa1bfb0000 - 0x00007ffa1c03d000 	C:\Program Files\Android\Android Studio\jbr\bin\msvcp140.dll
0x00007ff9dfc70000 - 0x00007ff9e0906000 	C:\Program Files\Android\Android Studio\jbr\bin\server\jvm.dll
0x00007ffa6d030000 - 0x00007ffa6d0e6000 	C:\WINDOWS\System32\ADVAPI32.dll
0x00007ffa6d380000 - 0x00007ffa6d427000 	C:\WINDOWS\System32\sechost.dll
0x00007ffa6d890000 - 0x00007ffa6d9a8000 	C:\WINDOWS\System32\RPCRT4.dll
0x00007ffa6d2f0000 - 0x00007ffa6d370000 	C:\WINDOWS\System32\WS2_32.dll
0x00007ffa6adb0000 - 0x00007ffa6ae0e000 	C:\WINDOWS\SYSTEM32\POWRPROF.dll
0x00007ffa60010000 - 0x00007ffa60046000 	C:\WINDOWS\SYSTEM32\WINMM.dll
0x00007ffa515f0000 - 0x00007ffa515fb000 	C:\WINDOWS\SYSTEM32\VERSION.dll
0x00007ffa6ad90000 - 0x00007ffa6ada4000 	C:\WINDOWS\SYSTEM32\UMPDC.dll
0x00007ffa69c40000 - 0x00007ffa69c5b000 	C:\WINDOWS\SYSTEM32\kernel.appcore.dll
0x00007ffa68420000 - 0x00007ffa6842a000 	C:\Program Files\Android\Android Studio\jbr\bin\jimage.dll
0x00007ffa68c30000 - 0x00007ffa68e72000 	C:\WINDOWS\SYSTEM32\DBGHELP.DLL
0x00007ffa6c560000 - 0x00007ffa6c8e2000 	C:\WINDOWS\System32\combase.dll
0x00007ffa6d430000 - 0x00007ffa6d507000 	C:\WINDOWS\System32\OLEAUT32.dll
0x00007ffa3d8e0000 - 0x00007ffa3d91b000 	C:\WINDOWS\SYSTEM32\dbgcore.DLL
0x00007ffa6c090000 - 0x00007ffa6c135000 	C:\WINDOWS\System32\bcryptPrimitives.dll
0x00007ffa66260000 - 0x00007ffa6626e000 	C:\Program Files\Android\Android Studio\jbr\bin\instrument.dll
0x00007ffa680f0000 - 0x00007ffa68110000 	C:\Program Files\Android\Android Studio\jbr\bin\java.dll
0x00007ffa68040000 - 0x00007ffa68058000 	C:\Program Files\Android\Android Studio\jbr\bin\zip.dll
0x00007ffa6da00000 - 0x00007ffa6e166000 	C:\WINDOWS\System32\SHELL32.dll
0x00007ffa6b6b0000 - 0x00007ffa6b81a000 	C:\WINDOWS\System32\wintypes.dll
0x00007ffa6b820000 - 0x00007ffa6c085000 	C:\WINDOWS\System32\windows.storage.dll
0x00007ffa6d620000 - 0x00007ffa6d717000 	C:\WINDOWS\System32\SHCORE.dll
0x00007ffa6d820000 - 0x00007ffa6d886000 	C:\WINDOWS\System32\shlwapi.dll
0x00007ffa6ae70000 - 0x00007ffa6ae99000 	C:\WINDOWS\SYSTEM32\profapi.dll
0x00007ffa68030000 - 0x00007ffa68040000 	C:\Program Files\Android\Android Studio\jbr\bin\net.dll
0x00007ffa657e0000 - 0x00007ffa6590d000 	C:\WINDOWS\SYSTEM32\WINHTTP.dll
0x00007ffa6a250000 - 0x00007ffa6a2bc000 	C:\WINDOWS\system32\mswsock.dll
0x00007ffa660b0000 - 0x00007ffa660c6000 	C:\Program Files\Android\Android Studio\jbr\bin\nio.dll
0x00007ffa63c00000 - 0x00007ffa63c10000 	C:\Program Files\Android\Android Studio\jbr\bin\verify.dll
0x00007ffa54610000 - 0x00007ffa54637000 	C:\Users\Andre\.gradle\native\1def1411415f61bf3af743bc5b6707747c0891f09f0c88961ee8f79bc544acac\windows-amd64\native-platform.dll
0x00007ffa63370000 - 0x00007ffa633e7000 	C:\Users\Andre\.gradle\native\0.2.8\x86_64-windows-gnu\gradle-fileevents.dll
0x00007ffa63e40000 - 0x00007ffa63e49000 	C:\Program Files\Android\Android Studio\jbr\bin\management.dll
0x00007ffa63c20000 - 0x00007ffa63c2b000 	C:\Program Files\Android\Android Studio\jbr\bin\management_ext.dll
0x00007ffa6d2e0000 - 0x00007ffa6d2e8000 	C:\WINDOWS\System32\PSAPI.DLL
0x00007ffa696e0000 - 0x00007ffa69712000 	C:\WINDOWS\SYSTEM32\IPHLPAPI.DLL
0x00007ffa6c550000 - 0x00007ffa6c55a000 	C:\WINDOWS\System32\NSI.dll
0x00007ffa63e50000 - 0x00007ffa63e59000 	C:\Program Files\Android\Android Studio\jbr\bin\extnet.dll
0x00007ffa6a540000 - 0x00007ffa6a55b000 	C:\WINDOWS\SYSTEM32\CRYPTSP.dll
0x00007ffa69c60000 - 0x00007ffa69c99000 	C:\WINDOWS\system32\rsaenh.dll
0x00007ffa6a300000 - 0x00007ffa6a333000 	C:\WINDOWS\SYSTEM32\USERENV.dll
0x00007ffa6ae40000 - 0x00007ffa6ae6a000 	C:\WINDOWS\SYSTEM32\bcrypt.dll
0x00007ffa6a530000 - 0x00007ffa6a53c000 	C:\WINDOWS\SYSTEM32\CRYPTBASE.dll
0x00007ffa40650000 - 0x00007ffa40658000 	C:\WINDOWS\system32\wshunix.dll

JVMTI agents:
C:\Users\Andre\.gradle\wrapper\dists\gradle-9.1.0-bin\9agqghryom9wkf8r80qlhnts3\gradle-9.1.0\lib\agents\gradle-instrumentation-agent-9.1.0.jar path:C:\Program Files\Android\Android Studio\jbr\bin\instrument.dll, loaded, initialized, instrumentlib options:none

dbghelp: loaded successfully - version: 4.0.5 - missing functions: none
symbol engine: initialized successfully - sym options: 0x614 - pdb path: .;C:\Program Files\Android\Android Studio\jbr\bin;C:\WINDOWS\SYSTEM32;C:\WINDOWS\WinSxS\amd64_microsoft.windows.common-controls_6595b64144ccf1df_6.0.26100.8115_none_3e075c82e3354f9c;C:\Program Files\Android\Android Studio\jbr\bin\server;C:\Users\Andre\.gradle\native\1def1411415f61bf3af743bc5b6707747c0891f09f0c88961ee8f79bc544acac\windows-amd64;C:\Users\Andre\.gradle\native\0.2.8\x86_64-windows-gnu

VM Arguments:
jvm_args: --add-opens=java.base/java.lang=ALL-UNNAMED --add-opens=java.base/java.lang.invoke=ALL-UNNAMED --add-opens=java.base/java.util=ALL-UNNAMED --add-opens=java.prefs/java.util.prefs=ALL-UNNAMED --add-exports=jdk.compiler/com.sun.tools.javac.api=ALL-UNNAMED --add-exports=jdk.compiler/com.sun.tools.javac.util=ALL-UNNAMED --add-opens=java.base/java.util=ALL-UNNAMED --add-opens=java.prefs/java.util.prefs=ALL-UNNAMED --add-opens=java.base/java.nio.charset=ALL-UNNAMED --add-opens=java.base/java.net=ALL-UNNAMED --add-opens=java.base/java.util.concurrent=ALL-UNNAMED --add-opens=java.base/java.util.concurrent.atomic=ALL-UNNAMED --add-opens=java.xml/javax.xml.namespace=ALL-UNNAMED --add-opens=java.base/java.time=ALL-UNNAMED -Xmx2048m -Dfile.encoding=UTF-8 -Duser.country=ID -Duser.language=en -Duser.variant -javaagent:C:\Users\Andre\.gradle\wrapper\dists\gradle-9.1.0-bin\9agqghryom9wkf8r80qlhnts3\gradle-9.1.0\lib\agents\gradle-instrumentation-agent-9.1.0.jar 
java_command: org.gradle.launcher.daemon.bootstrap.GradleDaemon 9.1.0
java_class_path (initial): C:\Users\Andre\.gradle\wrapper\dists\gradle-9.1.0-bin\9agqghryom9wkf8r80qlhnts3\gradle-9.1.0\lib\gradle-daemon-main-9.1.0.jar
Launcher Type: SUN_STANDARD

[Global flags]
     intx CICompilerCount                          = 4                                         {product} {ergonomic}
     uint ConcGCThreads                            = 3                                         {product} {ergonomic}
     uint G1ConcRefinementThreads                  = 10                                        {product} {ergonomic}
   size_t G1HeapRegionSize                         = 1048576                                   {product} {ergonomic}
    uintx GCDrainStackTargetSize                   = 64                                        {product} {ergonomic}
   size_t InitialHeapSize                          = 264241152                                 {product} {ergonomic}
   size_t MarkStackSize                            = 4194304                                   {product} {ergonomic}
   size_t MaxHeapSize                              = 2147483648                                {product} {command line}
   size_t MaxNewSize                               = 1287651328                                {product} {ergonomic}
   size_t MinHeapDeltaBytes                        = 1048576                                   {product} {ergonomic}
   size_t MinHeapSize                              = 8388608                                   {product} {ergonomic}
    uintx NonNMethodCodeHeapSize                   = 5839372                                {pd product} {ergonomic}
    uintx NonProfiledCodeHeapSize                  = 122909434                              {pd product} {ergonomic}
    uintx ProfiledCodeHeapSize                     = 122909434                              {pd product} {ergonomic}
    uintx ReservedCodeCacheSize                    = 251658240                              {pd product} {ergonomic}
     bool SegmentedCodeCache                       = true                                      {product} {ergonomic}
   size_t SoftMaxHeapSize                          = 2147483648                             {manageable} {ergonomic}
     bool UseCompressedOops                        = true                           {product lp64_product} {ergonomic}
     bool UseG1GC                                  = true                                      {product} {ergonomic}
     bool UseLargePagesIndividualAllocation        = false                                  {pd product} {ergonomic}

Logging:
Log output configuration:
 #0: stdout all=warning uptime,level,tags foldmultilines=false
 #1: stderr all=off uptime,level,tags foldmultilines=false

Environment Variables:
JAVA_HOME=C:\Users\Andre\AppData\Local\Programs\Eclipse Adoptium\jdk-21.0.9.10-hotspot\
PATH=C:\Program Files\BellSoft\LibericaJDK-21-Full\bin\;C:\Program Files\Common Files\Oracle\Java\javapath;C:\Program Files (x86)\Common Files\Oracle\Java\java8path;C:\Program Files (x86)\Common Files\Oracle\Java\javapath;C:\Users\Andre\Downloads\aircrack-ng-1.7-win\aircrack-ng-1.7-win\bin;C:\Program Files\dotnet\;C:\MinGW\bin;C:\Program Files\Java\jre1.8.0_431\bin;C:\Windows\System32;C:\Users\Andre\AppData\Local\Programs\Python\Python312\Scripts\;C:\Users\Andre\AppData\Local\Programs\Python\Python312\;C:\Users\Andre\AppData\Local\Programs\Python\Launcher\;C:\Users\Andre\AppData\Local\Programs\Microsoft VS Code\bin;C:\adb;C:\WINDOWS\system32;C:\WINDOWS;C:\WINDOWS\System32\Wbem;C:\WINDOWS\System32\WindowsPowerShell\v1.0\;C:\WINDOWS\System32\OpenSSH\;C:\Program Files\Git\cmd;C:\Program Files\nodejs\;C:\Program Files\PuTTY\;C:\Users\Andre\AppData\Local\Programs\Eclipse Adoptium\jdk-21.0.9.10-hotspot\bin;C:\Users\Andre\AppData\Local\Programs\Python\Python312\Scripts\;C:\Users\Andre\AppData\Local\Programs\Python\Python312\;C:\Users\Andre\AppData\Local\Programs\Python\Launcher\;C:\MinGW\bin;C:\Users\Andre\AppData\Local\Programs\Microsoft VS Code\bin;C:\Users\Andre\AppData\Local\Microsoft\WindowsApps;C:\Users\Andre\AppData\Roaming\npm
USERNAME=Andre
OS=Windows_NT
PROCESSOR_IDENTIFIER=Intel64 Family 6 Model 186 Stepping 3, GenuineIntel
TMP=C:\Users\Andre\AppData\Local\Temp
TEMP=C:\Users\Andre\AppData\Local\Temp




Periodic native trim disabled

JNI global refs:
JNI global refs: 27, weak refs: 0

JNI global refs memory usage: 835, weak refs: 833

Process memory usage:
Resident Set Size: 356076K (2% of 16473976K total physical memory with 2219820K free physical memory)

OOME stack traces (most recent first):
Classloader memory used:
Loader org.gradle.internal.classloader.VisitableURLClassLoader                         : 36925K
Loader bootstrap                                                                       : 22601K
Loader org.gradle.initialization.MixInLegacyTypesClassLoader                           : 11073K
Loader org.gradle.internal.classloader.VisitableURLClassLoader$InstrumentingVisitableURLClassLoader: 3571K
Loader jdk.internal.loader.ClassLoaders$AppClassLoader                                 : 230K
Loader jdk.internal.reflect.DelegatingClassLoader                                      : 171K
Loader jdk.internal.loader.ClassLoaders$PlatformClassLoader                            : 136K
Loader org.gradle.groovy.scripts.internal.DefaultScriptCompilationHandler$ScriptClassLoader: 120K
Loader org.gradle.internal.classloader.VisitableURLClassLoader                         : 115K

Classes loaded by more than one classloader:
Class Program                                                                         : loaded 4 times (x 74B)
Class org.gradle.internal.classloader.FilteringClassLoader                            : loaded 2 times (x 105B)
Class org.gradle.internal.classloader.ClassLoaderHierarchy                            : loaded 2 times (x 70B)
Class com.google.common.collect.ImmutableList$1                                       : loaded 2 times (x 97B)
Class org.gradle.api.internal.classpath.ManifestUtil                                  : loaded 2 times (x 71B)
Class com.google.common.collect.RegularImmutableMap                                   : loaded 2 times (x 121B)
Class com.google.common.collect.ImmutableMap$MapViewOfValuesAsSingletonSets           : loaded 2 times (x 126B)
Class com.google.common.collect.UnmodifiableListIterator                              : loaded 2 times (x 95B)
Class org.gradle.internal.classloader.DefaultClassLoaderFactory                       : loaded 2 times (x 82B)
Class org.gradle.internal.classloader.ClassLoaderVisitor                              : loaded 2 times (x 76B)
Class [Lcom.google.common.collect.ImmutableMapEntry;                                  : loaded 2 times (x 69B)
Class org.gradle.api.internal.classpath.EffectiveClassPath                            : loaded 2 times (x 90B)
Class com.google.common.collect.ImmutableEnumMap                                      : loaded 2 times (x 126B)
Class org.gradle.api.internal.DefaultClassPathProvider                                : loaded 2 times (x 76B)
Class [Lorg.gradle.api.internal.ClassPathProvider;                                    : loaded 2 times (x 69B)
Class org.gradle.api.internal.ClassPathProvider                                       : loaded 2 times (x 70B)
Class org.gradle.internal.service.UnknownServiceException                             : loaded 2 times (x 83B)
Class com.google.common.collect.MapDifference                                         : loaded 2 times (x 70B)
Class org.gradle.internal.classpath.TransformedClassPath                              : loaded 2 times (x 96B)
Class org.gradle.internal.classloader.InstrumentingClassLoader                        : loaded 2 times (x 70B)
Class com.google.common.collect.Iterators$ArrayItr                                    : loaded 2 times (x 97B)
Class com.google.common.collect.ImmutableCollection$Builder                           : loaded 2 times (x 76B)
Class com.google.common.collect.UnmodifiableIterator                                  : loaded 2 times (x 80B)
Class org.gradle.internal.service.ServiceLocator                                      : loaded 2 times (x 70B)
Class com.google.common.collect.Iterators$SingletonIterator                           : loaded 2 times (x 81B)
Class com.google.common.collect.AbstractMapEntry                                      : loaded 2 times (x 81B)
Class com.google.common.collect.RegularImmutableAsList                                : loaded 2 times (x 217B)
Class com.google.common.collect.Iterators                                             : loaded 2 times (x 71B)
Class org.gradle.kotlin.dsl.VersionCatalogAccessorsKt                                 : loaded 2 times (x 71B)
Class org.gradle.internal.InternalTransformer                                         : loaded 2 times (x 70B)
Class org.gradle.internal.classloader.ClasspathUtil$1                                 : loaded 2 times (x 76B)
Class com.google.common.collect.IndexedImmutableSet                                   : loaded 2 times (x 152B)
Class com.google.common.collect.ImmutableMap$1                                        : loaded 2 times (x 81B)
Class com.google.common.collect.BiMap                                                 : loaded 2 times (x 70B)
Class org.gradle.api.internal.classpath.DefaultModuleRegistry$DefaultModule           : loaded 2 times (x 86B)
Class com.google.common.collect.AbstractIterator                                      : loaded 2 times (x 82B)
Class com.google.common.collect.AbstractIndexedListIterator                           : loaded 2 times (x 96B)
Class com.google.common.collect.ImmutableMapEntrySet                                  : loaded 2 times (x 152B)
Class org.gradle.api.internal.classpath.Module                                        : loaded 2 times (x 70B)
Class org.gradle.api.internal.classpath.UnknownModuleException                        : loaded 2 times (x 82B)
Class com.google.common.collect.ImmutableMap$Builder                                  : loaded 2 times (x 82B)
Class org.gradle.api.internal.DefaultClassPathRegistry                                : loaded 2 times (x 76B)
Class org.gradle.api.internal.ClassPathRegistry                                       : loaded 2 times (x 70B)
Class org.gradle.internal.classpath.DefaultClassPath$ImmutableUniqueList              : loaded 2 times (x 199B)
Class com.google.common.collect.SingletonImmutableList                                : loaded 2 times (x 207B)
Class com.google.common.collect.RegularImmutableMap$KeySet                            : loaded 2 times (x 152B)
Class Settings_gradle$1                                                               : loaded 2 times (x 74B)
Class org.gradle.internal.classpath.ClassPath                                         : loaded 2 times (x 70B)
Class com.google.common.collect.ImmutableList$ReverseImmutableList                    : loaded 2 times (x 209B)
Class ijJvmDebugger1_5ao3hkmt6kkdq87gvf2exguyb$_run_closure1$_closure2                : loaded 2 times (x 140B)
Class com.google.common.collect.Iterators$1                                           : loaded 2 times (x 81B)
Class com.google.common.collect.SingletonImmutableSet                                 : loaded 2 times (x 146B)
Class com.google.common.collect.ImmutableMap$IteratorBasedImmutableMap                : loaded 2 times (x 126B)
Class com.google.common.collect.Iterators$4                                           : loaded 2 times (x 82B)
Class com.google.common.collect.ImmutableBiMap                                        : loaded 2 times (x 143B)
Class org.gradle.internal.installation.GradleInstallation$1                           : loaded 2 times (x 75B)
Class org.gradle.api.internal.classpath.ModuleRegistry                                : loaded 2 times (x 70B)
Class com.google.common.collect.Iterators$5                                           : loaded 2 times (x 82B)
Class ijKotlinCoroutineJvmDebugInit1_13bwcsfldkyizwxe1qbt7kb7i$_run_closure1          : loaded 2 times (x 139B)
Class com.google.common.collect.ImmutableCollection                                   : loaded 2 times (x 125B)
Class org.gradle.api.internal.classpath.DefaultModuleRegistry                         : loaded 2 times (x 86B)
Class com.google.common.base.Converter                                                : loaded 2 times (x 90B)
Class com.google.common.collect.ImmutableSet$CachingAsList                            : loaded 2 times (x 148B)
Class ijJvmDebugger1_5ao3hkmt6kkdq87gvf2exguyb                                        : loaded 2 times (x 171B)
Class com.google.common.collect.Iterators$9                                           : loaded 2 times (x 81B)
Class com.google.common.collect.ImmutableAsList                                       : loaded 2 times (x 209B)
Class org.gradle.internal.service.ServiceLookupException                              : loaded 2 times (x 82B)
Class org.gradle.internal.classloader.ClassLoaderFactory                              : loaded 2 times (x 70B)
Class org.gradle.internal.service.CachingServiceLocator                               : loaded 2 times (x 82B)
Class com.google.common.collect.ImmutableMapEntry                                     : loaded 2 times (x 85B)
Class com.google.common.base.Function                                                 : loaded 2 times (x 70B)
Class com.google.common.collect.ImmutableMapEntry$NonTerminalImmutableMapEntry        : loaded 2 times (x 85B)
Class com.google.common.collect.RegularImmutableList                                  : loaded 2 times (x 213B)
Class org.gradle.internal.classloader.ClasspathUtil                                   : loaded 2 times (x 71B)
Class com.google.common.collect.Maps                                                  : loaded 2 times (x 71B)
Class ijKotlinCoroutineJvmDebugInit1_13bwcsfldkyizwxe1qbt7kb7i                        : loaded 2 times (x 171B)
Class org.gradle.api.specs.Spec                                                       : loaded 2 times (x 70B)
Class [Lcom.google.common.collect.ImmutableEntry;                                     : loaded 2 times (x 69B)
Class com.google.common.collect.Maps$8                                                : loaded 2 times (x 82B)
Class org.gradle.internal.classloader.VisitableURLClassLoader$InstrumentingVisitableURLClassLoader: loaded 2 times (x 123B)
Class org.gradle.internal.classloader.VisitableURLClassLoader$Spec                    : loaded 2 times (x 74B)
Class org.gradle.internal.classpath.DefaultClassPath                                  : loaded 2 times (x 90B)
Class com.google.common.collect.RegularImmutableMap$Values                            : loaded 2 times (x 207B)
Class com.google.common.collect.ImmutableSet                                          : loaded 2 times (x 145B)
Class org.gradle.internal.classloader.ClassLoaderSpec                                 : loaded 2 times (x 71B)
Class Settings_gradle$1$1                                                             : loaded 2 times (x 74B)
Class org.gradle.internal.classloader.VisitableURLClassLoader                         : loaded 2 times (x 117B)
Class Settings_gradle                                                                 : loaded 2 times (x 124B)
Class org.gradle.internal.Cast                                                        : loaded 2 times (x 71B)
Class org.gradle.api.Action                                                           : loaded 2 times (x 70B)
Class com.google.common.collect.ImmutableMap                                          : loaded 2 times (x 120B)
Class org.gradle.internal.classpath.DefaultClassPath$ImmutableUniqueList$Builder      : loaded 2 times (x 75B)
Class [Lcom.google.common.collect.AbstractMapEntry;                                   : loaded 2 times (x 69B)
Class com.google.common.collect.ImmutableEntry                                        : loaded 2 times (x 82B)
Class org.gradle.api.GradleException                                                  : loaded 2 times (x 82B)
Class com.google.common.collect.CollectPreconditions                                  : loaded 2 times (x 71B)
Class com.google.common.collect.SortedMapDifference                                   : loaded 2 times (x 70B)
Class ijJvmDebugger1_5ao3hkmt6kkdq87gvf2exguyb$_run_closure1                          : loaded 2 times (x 139B)
Class org.gradle.internal.IoActions                                                   : loaded 2 times (x 71B)
Class com.google.common.collect.ImmutableSet$RegularSetBuilderImpl                    : loaded 2 times (x 77B)
Class org.gradle.internal.classloader.SystemClassLoaderSpec                           : loaded 2 times (x 71B)
Class com.google.common.collect.RegularImmutableMap$BucketOverflowException           : loaded 2 times (x 82B)
Class com.google.common.collect.Hashing                                               : loaded 2 times (x 71B)
Class com.google.common.base.Preconditions                                            : loaded 2 times (x 71B)
Class ijKotlinCoroutineJvmDebugInit1_13bwcsfldkyizwxe1qbt7kb7i$_run_closure1$_closure2: loaded 2 times (x 139B)
Class com.google.common.collect.PeekingIterator                                       : loaded 2 times (x 70B)
Class org.gradle.api.internal.classpath.GlobalCacheRootsProvider                      : loaded 2 times (x 70B)
Class com.google.common.collect.Maps$BiMapConverter                                   : loaded 2 times (x 90B)
Class com.google.common.collect.ImmutableMapEntrySet$RegularEntrySet                  : loaded 2 times (x 152B)
Class Build_gradle                                                                    : loaded 2 times (x 72B)
Class org.gradle.internal.installation.CurrentGradleInstallationLocator               : loaded 2 times (x 71B)
Class com.google.common.collect.ImmutableList                                         : loaded 2 times (x 206B)
Class org.gradle.internal.service.DefaultServiceLocator                               : loaded 2 times (x 83B)
Class com.google.common.collect.ImmutableSet$SetBuilderImpl                           : loaded 2 times (x 76B)
Class org.gradle.internal.installation.CurrentGradleInstallation                      : loaded 2 times (x 73B)
Class com.google.common.collect.ImmutableList$SubList                                 : loaded 2 times (x 209B)
Class org.gradle.util.internal.GUtil                                                  : loaded 2 times (x 71B)
Class com.google.common.collect.Iterators$MergingIterator                             : loaded 2 times (x 81B)
Class com.google.common.collect.RegularImmutableSet                                   : loaded 2 times (x 149B)
Class org.gradle.internal.installation.GradleInstallation                             : loaded 2 times (x 75B)

---------------  S Y S T E M  ---------------

OS:
 Windows 11 , 64 bit Build 26100 (10.0.26100.8115)
OS uptime: 10 days 9:06 hours
Hyper-V role detected

CPU: total 12 (initial active 12) (6 cores per cpu, 2 threads per core) family 6 model 186 stepping 3 microcode 0x4111, cx8, cmov, fxsr, ht, mmx, 3dnowpref, sse, sse2, sse3, ssse3, sse4.1, sse4.2, popcnt, lzcnt, tsc, tscinvbit, avx, avx2, aes, erms, clmul, bmi1, bmi2, adx, sha, fma, vzeroupper, clflush, clflushopt, clwb, hv, serialize, rdtscp, rdpid, fsrm, f16c, cet_ibt, cet_ss
Processor Information for the first 12 processors :
  Max Mhz: 1300, Current Mhz: 1300, Mhz Limit: 1300

Memory: 4k page, system-wide physical 16087M (2162M free)
TotalPageFile size 20183M (AvailPageFile size 25M)
current process WorkingSet (physical memory assigned to process): 347M, peak: 363M
current process commit charge ("private bytes"): 390M, peak: 421M

vm_info: OpenJDK 64-Bit Server VM (21.0.8+-14196175-b1038.72) for windows-amd64 JRE (21.0.8+-14196175-b1038.72), built on 2025-10-01T10:24:33Z by "builder" with MS VC++ 16.10 / 16.11 (VS2019)

END.
