#
# There is insufficient memory for the Java Runtime Environment to continue.
# Native memory allocation (mmap) failed to map 264241152 bytes. Error detail: G1 virtual space
# Possible reasons:
#   The system is out of physical RAM or swap space
#   This process is running with CompressedOops enabled, and the Java Heap may be blocking the growth of the native heap
# Possible solutions:
#   Reduce memory load on the system
#   Increase physical memory or swap space
#   Check if swap backing store is full
#   Decrease Java heap size (-Xmx/-Xms)
#   Decrease number of Java threads
#   Decrease Java thread stack sizes (-Xss)
#   Set larger code cache with -XX:ReservedCodeCacheSize=
#   JVM is running with Zero Based Compressed Oops mode in which the Java heap is
#     placed in the first 32GB address space. The Java Heap base address is the
#     maximum limit for the native heap growth. Please use -XX:HeapBaseMinAddress
#     to set the Java Heap base and to place the Java Heap above 32GB virtual address.
# This output file may be truncated or incomplete.
#
#  Out of Memory Error (os_windows.cpp:3925), pid=27332, tid=12876
#
# JRE version:  (21.0.8) (build )
# Java VM: OpenJDK 64-Bit Server VM (21.0.8+-14196175-b1038.72, mixed mode, sharing, tiered, compressed oops, compressed class ptrs, g1 gc, windows-amd64)
# No core dump will be written. Minidumps are not enabled by default on client versions of Windows
#

---------------  S U M M A R Y ------------

Command Line: org.jetbrains.kotlin.cli.jvm.K2JVMCompiler @C:\Users\Andre\AndroidStudioProjects\KpopIdolXML\app\build\20260429_5725101885645142066.compiler.options

Host: 13th Gen Intel(R) Core(TM) i5-1335U, 12 cores, 15G,  Windows 11 , 64 bit Build 26100 (10.0.26100.8246)
Time: Wed Apr 29 14:30:56 2026 Malay Peninsula Standard Time elapsed time: 2.028882 seconds (0d 0h 0m 2s)

---------------  T H R E A D  ---------------

Current thread (0x0000023d6ef092f0):  JavaThread "Unknown thread" [_thread_in_vm, id=12876, stack(0x00000072cea00000,0x00000072ceb00000) (1024K)]

Stack: [0x00000072cea00000,0x00000072ceb00000]
Native frames: (J=compiled Java code, j=interpreted, Vv=VM code, C=native code)
V  [jvm.dll+0x6d68d9]
V  [jvm.dll+0x866693]
V  [jvm.dll+0x868c4e]
V  [jvm.dll+0x869333]
V  [jvm.dll+0x280566]
V  [jvm.dll+0x6d3195]
V  [jvm.dll+0x6c69ea]
V  [jvm.dll+0x3586db]
V  [jvm.dll+0x360336]
V  [jvm.dll+0x3b23f6]
V  [jvm.dll+0x3b26c8]
V  [jvm.dll+0x32ae6c]
V  [jvm.dll+0x32bb5b]
V  [jvm.dll+0x82e109]
V  [jvm.dll+0x3bf5c8]
V  [jvm.dll+0x817388]
V  [jvm.dll+0x453b6e]
V  [jvm.dll+0x4552d1]
C  [jli.dll+0x52ab]
C  [ucrtbase.dll+0x37b0]
C  [KERNEL32.DLL+0x2e8d7]
C  [ntdll.dll+0x8c3fc]


---------------  P R O C E S S  ---------------

Threads class SMR info:
_java_thread_list=0x00007ffa757ab988, length=0, elements={
}

Java Threads: ( => current thread )
Total: 0

Other Threads:
  0x0000023d6ef6fe80 WorkerThread "GC Thread#0"                     [id=25020, stack(0x00000072ceb00000,0x00000072cec00000) (1024K)]
  0x0000023d6ef811c0 ConcurrentGCThread "G1 Main Marker"            [id=17284, stack(0x00000072cec00000,0x00000072ced00000) (1024K)]
  0x0000023d6ef81cc0 WorkerThread "G1 Conc#0"                       [id=5684, stack(0x00000072ced00000,0x00000072cee00000) (1024K)]

[error occurred during error reporting (printing all threads), id 0xc0000005, EXCEPTION_ACCESS_VIOLATION (0xc0000005) at pc=0x00007ffa74f9ddd7]
VM state: not at safepoint (not fully initialized)

VM Mutex/Monitor currently owned by a thread:  ([mutex/lock_event])
[0x00007ffa758186b8] Heap_lock - owner thread: 0x0000023d6ef092f0

Heap address: 0x0000000704a00000, size: 4022 MB, Compressed Oops mode: Zero based, Oop shift amount: 3

CDS archive(s) mapped at: [0x0000000000000000-0x0000000000000000-0x0000000000000000), size 0, SharedBaseAddress: 0x0000000800000000, ArchiveRelocationMode: 1.
Narrow klass base: 0x0000000000000000, Narrow klass shift: 0, Narrow klass range: 0x0

GC Precious Log:
 CardTable entry size: 512
 Card Set container configuration: InlinePtr #cards 4 size 8 Array Of Cards #cards 16 size 48 Howl #buckets 8 coarsen threshold 3686 Howl Bitmap #cards 512 size 80 coarsen threshold 460 Card regions per heap region 1 cards per card region 4096

Heap:
 garbage-first heap   total 0K, used 0K [0x0000000704a00000, 0x0000000800000000)
  region size 2048K, 0 young (0K), 0 survivors (0K)
 Metaspace       used 0K, committed 0K, reserved 0K
  class space    used 0K, committed 0K, reserved 0K

Heap Regions: E=young(eden), S=young(survivor), O=old, HS=humongous(starts), HC=humongous(continues), CS=collection set, F=free, TAMS=top-at-mark-start, PB=parsable bottom

Card table byte_map: [0x0000023d72da0000,0x0000023d73580000] _byte_map_base: 0x0000023d6f57b000

Marking Bits: (CMBitMap*) 0x0000023d6ef70580
 Bits: [0x0000023d73580000, 0x0000023d77458000)

GC Heap History (0 events):
No events

Dll operation events (1 events):
Event: 0.008 Loaded shared library C:\Program Files\Android\Android Studio\jbr\bin\java.dll

Deoptimization events (0 events):
No events

Classes loaded (0 events):
No events

Classes unloaded (0 events):
No events

Classes redefined (0 events):
No events

Internal exceptions (0 events):
No events

ZGC Phase Switch (0 events):
No events

VM Operations (0 events):
No events

Memory protections (0 events):
No events

Nmethod flushes (0 events):
No events

Events (0 events):
No events


Dynamic libraries:
0x00007ff743710000 - 0x00007ff74371a000 	C:\Program Files\Android\Android Studio\jbr\bin\java.exe
0x00007ffaf4340000 - 0x00007ffaf45a7000 	C:\WINDOWS\SYSTEM32\ntdll.dll
0x00007ffaf3530000 - 0x00007ffaf35f9000 	C:\WINDOWS\System32\KERNEL32.DLL
0x00007ffaf18d0000 - 0x00007ffaf1cc4000 	C:\WINDOWS\System32\KERNELBASE.dll
0x00007ffaf1e00000 - 0x00007ffaf1f4b000 	C:\WINDOWS\System32\ucrtbase.dll
0x00007ffadf250000 - 0x00007ffadf26b000 	C:\Program Files\Android\Android Studio\jbr\bin\VCRUNTIME140.dll
0x00007ffabe0b0000 - 0x00007ffabe0c8000 	C:\Program Files\Android\Android Studio\jbr\bin\jli.dll
0x00007ffaf3360000 - 0x00007ffaf3525000 	C:\WINDOWS\System32\USER32.dll
0x00007ffaded00000 - 0x00007ffadef93000 	C:\WINDOWS\WinSxS\amd64_microsoft.windows.common-controls_6595b64144ccf1df_6.0.26100.8115_none_3e075c82e3354f9c\COMCTL32.dll
0x00007ffaf1760000 - 0x00007ffaf1787000 	C:\WINDOWS\System32\win32u.dll
0x00007ffaf2f10000 - 0x00007ffaf2f3b000 	C:\WINDOWS\System32\GDI32.dll
0x00007ffaf3f10000 - 0x00007ffaf3fb9000 	C:\WINDOWS\System32\msvcrt.dll
0x00007ffaf1cd0000 - 0x00007ffaf1dfb000 	C:\WINDOWS\System32\gdi32full.dll
0x00007ffaf1790000 - 0x00007ffaf1833000 	C:\WINDOWS\System32\msvcp_win.dll
0x00007ffaf3320000 - 0x00007ffaf3352000 	C:\WINDOWS\System32\IMM32.DLL
0x00007ffaebdf0000 - 0x00007ffaebdfc000 	C:\Program Files\Android\Android Studio\jbr\bin\vcruntime140_1.dll
0x00007ffaa4980000 - 0x00007ffaa4a0d000 	C:\Program Files\Android\Android Studio\jbr\bin\msvcp140.dll
0x00007ffa74c60000 - 0x00007ffa758f6000 	C:\Program Files\Android\Android Studio\jbr\bin\server\jvm.dll
0x00007ffaf2470000 - 0x00007ffaf2526000 	C:\WINDOWS\System32\ADVAPI32.dll
0x00007ffaf3090000 - 0x00007ffaf3137000 	C:\WINDOWS\System32\sechost.dll
0x00007ffaf4180000 - 0x00007ffaf4298000 	C:\WINDOWS\System32\RPCRT4.dll
0x00007ffaf3680000 - 0x00007ffaf3700000 	C:\WINDOWS\System32\WS2_32.dll
0x00007ffaf0a70000 - 0x00007ffaf0ace000 	C:\WINDOWS\SYSTEM32\POWRPROF.dll
0x00007ffad35e0000 - 0x00007ffad35eb000 	C:\WINDOWS\SYSTEM32\VERSION.dll
0x00007ffae5210000 - 0x00007ffae5246000 	C:\WINDOWS\SYSTEM32\WINMM.dll
0x00007ffaf0a50000 - 0x00007ffaf0a64000 	C:\WINDOWS\SYSTEM32\UMPDC.dll
0x00007ffaef8e0000 - 0x00007ffaef8fb000 	C:\WINDOWS\SYSTEM32\kernel.appcore.dll
0x00007ffadf220000 - 0x00007ffadf22a000 	C:\Program Files\Android\Android Studio\jbr\bin\jimage.dll
0x00007ffaeeb00000 - 0x00007ffaeed42000 	C:\WINDOWS\SYSTEM32\DBGHELP.DLL
0x00007ffaf20d0000 - 0x00007ffaf2452000 	C:\WINDOWS\System32\combase.dll
0x00007ffaf2f40000 - 0x00007ffaf3018000 	C:\WINDOWS\System32\OLEAUT32.dll
0x00007ffabce30000 - 0x00007ffabce6b000 	C:\WINDOWS\SYSTEM32\dbgcore.DLL
0x00007ffaf0c10000 - 0x00007ffaf0cb5000 	C:\WINDOWS\System32\bcryptPrimitives.dll
0x00007ffabe2f0000 - 0x00007ffabe310000 	C:\Program Files\Android\Android Studio\jbr\bin\java.dll

JVMTI agents: none

dbghelp: loaded successfully - version: 4.0.5 - missing functions: none
symbol engine: initialized successfully - sym options: 0x614 - pdb path: .;C:\Program Files\Android\Android Studio\jbr\bin;C:\WINDOWS\SYSTEM32;C:\WINDOWS\WinSxS\amd64_microsoft.windows.common-controls_6595b64144ccf1df_6.0.26100.8115_none_3e075c82e3354f9c;C:\Program Files\Android\Android Studio\jbr\bin\server

VM Arguments:
java_command: org.jetbrains.kotlin.cli.jvm.K2JVMCompiler @C:\Users\Andre\AndroidStudioProjects\KpopIdolXML\app\build\20260429_5725101885645142066.compiler.options
java_class_path (initial): C:\Users\Andre\.gradle\caches\modules-2\files-2.1\org.jetbrains.kotlin\kotlin-compiler-embeddable\2.2.10\6882d39ef03b18879c1a5d2a83c2212361bed5fe\kotlin-compiler-embeddable-2.2.10.jar;C:\Users\Andre\.gradle\caches\modules-2\files-2.1\org.jetbrains.kotlin\kotlin-stdlib\2.2.10\30de6faa127a4a012db8e71bf1b9c0a99b1402b2\kotlin-stdlib-2.2.10.jar;C:\Users\Andre\.gradle\caches\modules-2\files-2.1\org.jetbrains.kotlin\kotlin-script-runtime\2.2.10\712f9bc08f378c13a4a00f0bbb28c76e59183e83\kotlin-script-runtime-2.2.10.jar;C:\Users\Andre\.gradle\caches\modules-2\files-2.1\org.jetbrains.kotlin\kotlin-reflect\1.6.10\1cbe9c92c12a94eea200d23c2bbaedaf3daf5132\kotlin-reflect-1.6.10.jar;C:\Users\Andre\.gradle\caches\modules-2\files-2.1\org.jetbrains.kotlin\kotlin-daemon-embeddable\2.2.10\212fd3c2c6e4e5d0f4db3c4191233e2b622380cc\kotlin-daemon-embeddable-2.2.10.jar;C:\Users\Andre\.gradle\caches\modules-2\files-2.1\org.jetbrains.kotlinx\kotlinx-coroutines-core-jvm\1.8.0\ac1dc37a30a93150b704022f8d895ee1bd3a36b3\kotlinx-coroutines-core-jvm-1.8.0.jar;C:\Users\Andre\.gradle\caches\modules-2\files-2.1\org.jetbrains\annotations\13.0\919f0dfe192fb4e063e7dacadee7f8bb9a2672a9\annotations-13.0.jar
Launcher Type: SUN_STANDARD

[Global flags]
     intx CICompilerCount                          = 4                                         {product} {ergonomic}
     uint ConcGCThreads                            = 3                                         {product} {ergonomic}
     uint G1ConcRefinementThreads                  = 10                                        {product} {ergonomic}
   size_t G1HeapRegionSize                         = 2097152                                   {product} {ergonomic}
    uintx GCDrainStackTargetSize                   = 64                                        {product} {ergonomic}
   size_t InitialHeapSize                          = 264241152                                 {product} {ergonomic}
   size_t MarkStackSize                            = 4194304                                   {product} {ergonomic}
   size_t MaxHeapSize                              = 4217372672                                {product} {ergonomic}
   size_t MinHeapDeltaBytes                        = 2097152                                   {product} {ergonomic}
   size_t MinHeapSize                              = 8388608                                   {product} {ergonomic}
    uintx NonNMethodCodeHeapSize                   = 5839372                                {pd product} {ergonomic}
    uintx NonProfiledCodeHeapSize                  = 122909434                              {pd product} {ergonomic}
    uintx ProfiledCodeHeapSize                     = 122909434                              {pd product} {ergonomic}
    uintx ReservedCodeCacheSize                    = 251658240                              {pd product} {ergonomic}
     bool SegmentedCodeCache                       = true                                      {product} {ergonomic}
   size_t SoftMaxHeapSize                          = 4217372672                             {manageable} {ergonomic}
     bool UseCompressedOops                        = true                           {product lp64_product} {ergonomic}
     bool UseG1GC                                  = true                                      {product} {ergonomic}
     bool UseLargePagesIndividualAllocation        = false                                  {pd product} {ergonomic}

Logging:
Log output configuration:
 #0: stdout all=warning uptime,level,tags foldmultilines=false
 #1: stderr all=off uptime,level,tags foldmultilines=false

Environment Variables:
JAVA_HOME=C:\Users\Andre\AppData\Local\Programs\Eclipse Adoptium\jdk-21.0.9.10-hotspot\
PATH=C:\Program Files\BellSoft\LibericaJDK-21-Full\bin\;C:\Program Files\Common Files\Oracle\Java\javapath;C:\Program Files (x86)\Common Files\Oracle\Java\java8path;C:\Program Files (x86)\Common Files\Oracle\Java\javapath;C:\Users\Andre\Downloads\aircrack-ng-1.7-win\aircrack-ng-1.7-win\bin;C:\Program Files\dotnet\;C:\MinGW\bin;C:\Program Files\Java\jre1.8.0_431\bin;C:\Windows\System32;C:\Users\Andre\AppData\Local\Programs\Python\Python312\Scripts\;C:\Users\Andre\AppData\Local\Programs\Python\Python312\;C:\Users\Andre\AppData\Local\Programs\Python\Launcher\;C:\Users\Andre\AppData\Local\Programs\Microsoft VS Code\bin;C:\adb;C:\WINDOWS\system32;C:\WINDOWS;C:\WINDOWS\System32\Wbem;C:\WINDOWS\System32\WindowsPowerShell\v1.0\;C:\WINDOWS\System32\OpenSSH\;C:\Program Files\Git\cmd;C:\Program Files\nodejs\;C:\Program Files\PuTTY\;C:\Users\Andre\AppData\Local\Programs\Eclipse Adoptium\jdk-21.0.9.10-hotspot\bin;C:\Users\Andre\AppData\Local\Programs\Python\Python312\Scripts\;C:\Users\Andre\AppData\Local\Programs\Python\Python312\;C:\Users\Andre\AppData\Local\Programs\Python\Launcher\;C:\MinGW\bin;C:\Users\Andre\AppData\Local\Programs\Microsoft VS Code\bin;C:\Users\Andre\AppData\Local\Microsoft\WindowsApps;C:\Users\Andre\AppData\Roaming\npm
USERNAME=Andre
OS=Windows_NT
PROCESSOR_IDENTIFIER=Intel64 Family 6 Model 186 Stepping 3, GenuineIntel
TMP=C:\Users\Andre\AppData\Local\Temp
TEMP=C:\Users\Andre\AppData\Local\Temp




Periodic native trim disabled

JNI global refs:
JNI global refs: 0, weak refs: 0

JNI global refs memory usage: 0, weak refs: 0

Process memory usage:
Resident Set Size: 13100K (0% of 16473976K total physical memory with 1745140K free physical memory)

OOME stack traces (most recent first):
Classloader memory used:

---------------  S Y S T E M  ---------------

OS:
 Windows 11 , 64 bit Build 26100 (10.0.26100.8246)
OS uptime: 1 days 4:46 hours
Hyper-V role detected

CPU: total 12 (initial active 12) (6 cores per cpu, 2 threads per core) family 6 model 186 stepping 3 microcode 0x4111, cx8, cmov, fxsr, ht, mmx, 3dnowpref, sse, sse2, sse3, ssse3, sse4.1, sse4.2, popcnt, lzcnt, tsc, tscinvbit, avx, avx2, aes, erms, clmul, bmi1, bmi2, adx, sha, fma, vzeroupper, clflush, clflushopt, clwb, hv, serialize, rdtscp, rdpid, fsrm, f16c, cet_ibt, cet_ss
Processor Information for the first 12 processors :
  Max Mhz: 1300, Current Mhz: 1300, Mhz Limit: 1300

Memory: 4k page, system-wide physical 16087M (1704M free)
TotalPageFile size 20183M (AvailPageFile size 5M)
current process WorkingSet (physical memory assigned to process): 12M, peak: 12M
current process commit charge ("private bytes"): 64M, peak: 316M

vm_info: OpenJDK 64-Bit Server VM (21.0.8+-14196175-b1038.72) for windows-amd64 JRE (21.0.8+-14196175-b1038.72), built on 2025-10-01T10:24:33Z by "builder" with MS VC++ 16.10 / 16.11 (VS2019)

END.
